<!DOCTYPE html PUBLIC "-//W3C//DTD XHTML 1.1//EN" "http://www.w3.org/TR/xhtml11/DTD/xhtml11.dtd">
<html xmlns="http://www.w3.org/1999/xhtml"><head><title>TestNG Report</title><style type="text/css">table {margin-bottom:10px;border-collapse:collapse;empty-cells:show}th,td {border:1px solid #009;padding:.25em .5em}th {vertical-align:bottom}td {vertical-align:top}table a {font-weight:bold}.stripe td {background-color: #E6EBF9}.num {text-align:right}.passedodd td {background-color: #3F3}.passedeven td {background-color: #0A0}.skippedodd td {background-color: #DDD}.skippedeven td {background-color: #CCC}.failedodd td,.attn {background-color: #F33}.failedeven td,.stripe .attn {background-color: #D00}.stacktrace {white-space:pre;font-family:monospace}.totop {font-size:85%;text-align:center;border-bottom:2px solid #000}</style></head><body><table><tr><th>Test</th><th># Passed</th><th># Skipped</th><th># Failed</th><th>Time (ms)</th><th>Included Groups</th><th>Excluded Groups</th></tr><tr><th colspan="7">Default suite</th></tr><tr><td><a href="#t0">Default test</a></td><td class="num">0</td><td class="num">0</td><td class="num attn">1</td><td class="num">218,480</td><td></td><td></td></tr></table><table><thead><tr><th>Class</th><th>Method</th><th>Start</th><th>Time (ms)</th></tr></thead><tbody><tr><th colspan="4">Default suite</th></tr></tbody><tbody id="t0"><tr><th colspan="4">Default test &#8212; failed</th></tr><tr class="failedeven"><td rowspan="1">rightsIN.Demo_MediaRights</td><td><a href="#m0">TC1_MediaRightsRow</a></td><td rowspan="1">1490796263686</td><td rowspan="1">211549</td></tr></tbody></table><h2>Default test</h2><h3 id="m0">rightsIN.Demo_MediaRights#TC1_MediaRightsRow</h3><table class="result"><tr><th>Messages</th></tr><tr><td><div class="messages">&lt;html&gt;&lt;body&gt;&lt;b&gt;||Mar 29,2017 19:34:49 [Info]  ************************Started Creating Asset of Type: Program - Series************************||&lt;br&gt;&lt;/br&gt;&lt;/b&gt;&lt;/html&gt;&lt;/body&gt;<br/>&lt;html&gt;&lt;body&gt;&lt;b&gt;||Mar 29,2017 19:34:59 [Info]  Clicked on the &apos;MODULE&apos;||&lt;br&gt;&lt;/br&gt;&lt;/b&gt;&lt;/html&gt;&lt;/body&gt;<br/>&lt;html&gt;&lt;body&gt;&lt;b&gt;||Mar 29,2017 19:35:10 [Info]  Clicked on the &apos;Property Entry &amp; Maintenance&apos;||&lt;br&gt;&lt;/br&gt;&lt;/b&gt;&lt;/html&gt;&lt;/body&gt;<br/>&lt;html&gt;&lt;body&gt;&lt;b&gt;||Mar 29,2017 19:35:21 [Info]  Clicked on the &apos;SearchLink&apos; using JS Executor||&lt;br&gt;&lt;/br&gt;&lt;/b&gt;&lt;/html&gt;&lt;/body&gt;<br/>&lt;html&gt;&lt;body&gt;&lt;b&gt;||Mar 29,2017 19:35:21 [Info]  Clicked on the &apos;Property Search&apos; using JS Executor||&lt;br&gt;&lt;/br&gt;&lt;/b&gt;&lt;/html&gt;&lt;/body&gt;<br/>&lt;html&gt;&lt;body&gt;&lt;b&gt;||Mar 29,2017 19:35:30 [Info]  Clicked on the &apos;TR_Asset_Search_Params&apos; using JS Executor||&lt;br&gt;&lt;/br&gt;&lt;/b&gt;&lt;/html&gt;&lt;/body&gt;<br/>&lt;html&gt;&lt;body&gt;&lt;b&gt;||Mar 29,2017 19:35:31 [Info]  Entered &quot;RAR_Collision Series_TC30_0329201773423&quot; in field &apos;Asset Title&apos;||&lt;br&gt;&lt;/br&gt;&lt;/b&gt;&lt;/html&gt;&lt;/body&gt;<br/>&lt;html&gt;&lt;body&gt;&lt;b&gt;||Mar 29,2017 19:35:33 [Info]  Clicked on the &apos;Find Button&apos; using JS Executor||&lt;br&gt;&lt;/br&gt;&lt;/b&gt;&lt;/html&gt;&lt;/body&gt;<br/>&lt;html&gt;&lt;body&gt;&lt;b&gt;||Mar 29,2017 19:35:48 [Info]  Verify The data of Alert Message||&lt;br&gt;&lt;/br&gt;&lt;/b&gt;&lt;/html&gt;&lt;/body&gt;<br/>&lt;html&gt;&lt;body&gt;&lt;b&gt;||&lt;span style=&quot;color:green;&quot;&gt;Mar 29,2017 19:35:48 [Verification]  Verified that Expected value :[No search results were found for this query. Please try again using different criteria.] is matched with Actual value :[No search results were found for this query. Please try again using different criteria.]&lt;/span&gt;||&lt;br&gt;&lt;/br&gt;&lt;/b&gt;&lt;/html&gt;&lt;/body&gt;<br/>&lt;html&gt;&lt;body&gt;&lt;b&gt;||Mar 29,2017 19:35:49 [Info]  Clicked on the &apos;OK Button at Alert&apos; using JS Executor||&lt;br&gt;&lt;/br&gt;&lt;/b&gt;&lt;/html&gt;&lt;/body&gt;<br/>&lt;html&gt;&lt;body&gt;&lt;b&gt;||Mar 29,2017 19:35:49 [Info]  Clicked on the &apos;Ok button At Alert&apos; using JS Executor||&lt;br&gt;&lt;/br&gt;&lt;/b&gt;&lt;/html&gt;&lt;/body&gt;<br/>&lt;html&gt;&lt;body&gt;&lt;b&gt;||Mar 29,2017 19:35:55 [Info]  Clicked on the &apos;Add Asset Button&apos; using JS Executor||&lt;br&gt;&lt;/br&gt;&lt;/b&gt;&lt;/html&gt;&lt;/body&gt;<br/>&lt;html&gt;&lt;body&gt;&lt;b&gt;||Mar 29,2017 19:35:56 [Info]  Program
Promo &amp; Marketing
Element
Musical / Audio Product
IP
||&lt;br&gt;&lt;/br&gt;&lt;/b&gt;&lt;/html&gt;&lt;/body&gt;<br/>&lt;html&gt;&lt;body&gt;&lt;b&gt;||Mar 29,2017 19:35:56 [Info]  Selected &quot;Program&quot; in &quot;AssetTypeDropDown Pop upn VMN&quot; drop down||&lt;br&gt;&lt;/br&gt;&lt;/b&gt;&lt;/html&gt;&lt;/body&gt;<br/>&lt;html&gt;&lt;body&gt;&lt;b&gt;||Mar 29,2017 19:35:57 [Info]  Double clicked on &apos;OK Button&apos;||&lt;br&gt;&lt;/br&gt;&lt;/b&gt;&lt;/html&gt;&lt;/body&gt;<br/>&lt;html&gt;&lt;body&gt;&lt;b&gt;||Mar 29,2017 19:36:16 [Info]  Asset id is 189819||&lt;br&gt;&lt;/br&gt;&lt;/b&gt;&lt;/html&gt;&lt;/body&gt;<br/>&lt;html&gt;&lt;body&gt;&lt;b&gt;||Mar 29,2017 19:36:19 [Info]  Selected &quot;Program - Series&quot; in &quot;AssetTypeDropDown&quot; drop down||&lt;br&gt;&lt;/br&gt;&lt;/b&gt;&lt;/html&gt;&lt;/body&gt;<br/>&lt;html&gt;&lt;body&gt;&lt;b&gt;||Mar 29,2017 19:36:32 [Info]  Entered &quot;RAR_Collision Series_TC30_0329201773423&quot; in field &apos;AssetTitle&apos;||&lt;br&gt;&lt;/br&gt;&lt;/b&gt;&lt;/html&gt;&lt;/body&gt;<br/>&lt;html&gt;&lt;body&gt;&lt;b&gt;||Mar 29,2017 19:36:33 [Info]  Clicked on the &apos;IPImageIcon&apos; using JS Executor||&lt;br&gt;&lt;/br&gt;&lt;/b&gt;&lt;/html&gt;&lt;/body&gt;<br/>&lt;html&gt;&lt;body&gt;&lt;b&gt;||Mar 29,2017 19:36:34 [Info]  Clicked on the &apos;Find Button&apos; using JS Executor||&lt;br&gt;&lt;/br&gt;&lt;/b&gt;&lt;/html&gt;&lt;/body&gt;<br/>&lt;html&gt;&lt;body&gt;&lt;b&gt;||Mar 29,2017 19:36:38 [Info]  Clicked on the &apos;loc_IPName_AT_IPWindow&apos;||&lt;br&gt;&lt;/br&gt;&lt;/b&gt;&lt;/html&gt;&lt;/body&gt;<br/>&lt;html&gt;&lt;body&gt;&lt;b&gt;||Mar 29,2017 19:36:38 [Info]  Clicked on the &apos;IP Select Button&apos; using JS Executor||&lt;br&gt;&lt;/br&gt;&lt;/b&gt;&lt;/html&gt;&lt;/body&gt;<br/>&lt;html&gt;&lt;body&gt;&lt;b&gt;||Mar 29,2017 19:36:38 [Info]  Clicked on the &apos;Vendor Img Icon&apos; using JS Executor||&lt;br&gt;&lt;/br&gt;&lt;/b&gt;&lt;/html&gt;&lt;/body&gt;<br/>&lt;html&gt;&lt;body&gt;&lt;b&gt;||Mar 29,2017 19:36:40 [Info]  Entered &quot;AUT_VMN_Vendor1&quot; in field &apos;SearchvalueVendor&apos;||&lt;br&gt;&lt;/br&gt;&lt;/b&gt;&lt;/html&gt;&lt;/body&gt;<br/>&lt;html&gt;&lt;body&gt;&lt;b&gt;||Mar 29,2017 19:36:42 [Info]  Clicked on the &apos;VendorWindowButtonfind&apos; using JS Executor||&lt;br&gt;&lt;/br&gt;&lt;/b&gt;&lt;/html&gt;&lt;/body&gt;<br/>&lt;html&gt;&lt;body&gt;&lt;b&gt;||&lt;span style=&quot;color:red;&quot;&gt;Mar 29,2017 19:37:00 [Fail]  ====Failed==== &quot; Could not find the Frame: div[id*=&apos;WebDialogWindow1&apos;][style*=visible]&lt;/span&gt;||&lt;br&gt;&lt;/br&gt;&lt;/b&gt;&lt;/html&gt;&lt;/body&gt;<br/>&lt;html&gt;&lt;body&gt;&lt;b&gt;||&lt;span style=&quot;color:red;&quot;&gt;Mar 29,2017 19:37:00 [Fail]  ScreenShot of CheckPoint Failure: C:\SeleniumProject\Workspace\Rightslogic New\Screenshots\Mar2017\\29\FrameSwitchingFailed0_CheckpointFailure_03-29-2017 7-37-00 PM.jpg&lt;/span&gt;||&lt;br&gt;&lt;/br&gt;&lt;/b&gt;&lt;/html&gt;&lt;/body&gt;<br/>&lt;html&gt;&lt;body&gt;&lt;a href=&quot;C:\SeleniumProject\Workspace\Rightslogic New\Screenshots\Mar2017\\29\FrameSwitchingFailed0_CheckpointFailure_03-29-2017 7-37-00 PM.jpg&quot;&gt;&lt;img src=&quot;file:///C:\SeleniumProject\Workspace\Rightslogic New\Screenshots\Mar2017\\29\FrameSwitchingFailed0_CheckpointFailure_03-29-2017 7-37-00 PM.jpg&quot; alt=&quot;&quot;height=&apos;120&apos; width=&apos;120&apos;/&gt;&lt;/a&gt; &lt;br&gt;&lt;/br&gt;&lt;/html&gt;&lt;/body&gt;<br/>&lt;html&gt;&lt;body&gt;&lt;b&gt;||Mar 29,2017 19:37:00 [Info]  Unable to find element with css selector == div[id*=&apos;WebDialogWindow1&apos;][style*=visible] (WARNING: The server did not provide any stacktrace information)
Command duration or timeout: 10.29 seconds
For documentation on this error, please visit: http://seleniumhq.org/exceptions/no_such_element.html
Build info: version: &apos;2.53.1&apos;, revision: &apos;a36b8b1&apos;, time: &apos;2016-06-30 17:37:03&apos;
System info: host: &apos;8VYR7BS&apos;, ip: &apos;10.10.22.164&apos;, os.name: &apos;Windows 7&apos;, os.arch: &apos;amd64&apos;, os.version: &apos;6.1&apos;, java.version: &apos;1.8.0_121&apos;
Driver info: org.openqa.selenium.ie.InternetExplorerDriver
Capabilities [{browserAttachTimeout=0, enablePersistentHover=true, ie.forceCreateProcessApi=false, pageLoadStrategy=normal, ie.usePerProcessProxy=false, ignoreZoomSetting=false, handlesAlerts=true, version=11, platform=WINDOWS, nativeEvents=true, ie.ensureCleanSession=false, elementScrollBehavior=0, ie.browserCommandLineSwitches=, requireWindowFocus=false, browserName=internet explorer, initialBrowserUrl=http://localhost:10998/, takesScreenshot=true, javascriptEnabled=true, ignoreProtectedModeSettings=false, enableElementCacheCleanup=true, cssSelectorsEnabled=true, unexpectedAlertBehaviour=dismiss}]
Session ID: ee40e32d-4c62-452a-994e-3c324abe3b1a
*** Element info: {Using=css selector, value=div[id*=&apos;WebDialogWindow1&apos;][style*=visible]}||&lt;br&gt;&lt;/br&gt;&lt;/b&gt;&lt;/html&gt;&lt;/body&gt;<br/>&lt;html&gt;&lt;body&gt;&lt;b&gt;||Mar 29,2017 19:37:13 [Info]  Clicked on the &apos;OK Button at Alert&apos; using JS Executor||&lt;br&gt;&lt;/br&gt;&lt;/b&gt;&lt;/html&gt;&lt;/body&gt;<br/>&lt;html&gt;&lt;body&gt;&lt;b&gt;||&lt;span style=&quot;color:red;&quot;&gt;Mar 29,2017 19:37:24 [Fail]  ====Failed==== &quot; Could not find the Frame: div[id*=&apos;WebDialogWindow1&apos;][style*=visible]&lt;/span&gt;||&lt;br&gt;&lt;/br&gt;&lt;/b&gt;&lt;/html&gt;&lt;/body&gt;<br/>&lt;html&gt;&lt;body&gt;&lt;b&gt;||&lt;span style=&quot;color:red;&quot;&gt;Mar 29,2017 19:37:24 [Fail]  ScreenShot of CheckPoint Failure: C:\SeleniumProject\Workspace\Rightslogic New\Screenshots\Mar2017\\29\FrameSwitchingFailed1_CheckpointFailure_03-29-2017 7-37-24 PM.jpg&lt;/span&gt;||&lt;br&gt;&lt;/br&gt;&lt;/b&gt;&lt;/html&gt;&lt;/body&gt;<br/>&lt;html&gt;&lt;body&gt;&lt;a href=&quot;C:\SeleniumProject\Workspace\Rightslogic New\Screenshots\Mar2017\\29\FrameSwitchingFailed1_CheckpointFailure_03-29-2017 7-37-24 PM.jpg&quot;&gt;&lt;img src=&quot;file:///C:\SeleniumProject\Workspace\Rightslogic New\Screenshots\Mar2017\\29\FrameSwitchingFailed1_CheckpointFailure_03-29-2017 7-37-24 PM.jpg&quot; alt=&quot;&quot;height=&apos;120&apos; width=&apos;120&apos;/&gt;&lt;/a&gt; &lt;br&gt;&lt;/br&gt;&lt;/html&gt;&lt;/body&gt;<br/>&lt;html&gt;&lt;body&gt;&lt;b&gt;||Mar 29,2017 19:37:24 [Info]  Unable to find element with css selector == div[id*=&apos;WebDialogWindow1&apos;][style*=visible] (WARNING: The server did not provide any stacktrace information)
Command duration or timeout: 10.28 seconds
For documentation on this error, please visit: http://seleniumhq.org/exceptions/no_such_element.html
Build info: version: &apos;2.53.1&apos;, revision: &apos;a36b8b1&apos;, time: &apos;2016-06-30 17:37:03&apos;
System info: host: &apos;8VYR7BS&apos;, ip: &apos;10.10.22.164&apos;, os.name: &apos;Windows 7&apos;, os.arch: &apos;amd64&apos;, os.version: &apos;6.1&apos;, java.version: &apos;1.8.0_121&apos;
Driver info: org.openqa.selenium.ie.InternetExplorerDriver
Capabilities [{browserAttachTimeout=0, enablePersistentHover=true, ie.forceCreateProcessApi=false, pageLoadStrategy=normal, ie.usePerProcessProxy=false, ignoreZoomSetting=false, handlesAlerts=true, version=11, platform=WINDOWS, nativeEvents=true, ie.ensureCleanSession=false, elementScrollBehavior=0, ie.browserCommandLineSwitches=, requireWindowFocus=false, browserName=internet explorer, initialBrowserUrl=http://localhost:10998/, takesScreenshot=true, javascriptEnabled=true, ignoreProtectedModeSettings=false, enableElementCacheCleanup=true, cssSelectorsEnabled=true, unexpectedAlertBehaviour=dismiss}]
Session ID: ee40e32d-4c62-452a-994e-3c324abe3b1a
*** Element info: {Using=css selector, value=div[id*=&apos;WebDialogWindow1&apos;][style*=visible]}||&lt;br&gt;&lt;/br&gt;&lt;/b&gt;&lt;/html&gt;&lt;/body&gt;<br/>&lt;html&gt;&lt;body&gt;&lt;b&gt;||&lt;span style=&quot;color:red;&quot;&gt;Mar 29,2017 19:37:34 [Fail]  ====Failed==== &quot;Add Button at Vendor Add Window&quot; field is not present&apos;&lt;/span&gt;||&lt;br&gt;&lt;/br&gt;&lt;/b&gt;&lt;/html&gt;&lt;/body&gt;<br/>&lt;html&gt;&lt;body&gt;&lt;b&gt;||Mar 29,2017 19:37:34 [Info]  ScreenShot of CheckPoint Failure: C:\SeleniumProject\Workspace\Rightslogic New\Screenshots\Mar2017\\29\AddButtonatVendorAddWindow_CheckpointFailure_03-29-2017 7-37-34 PM.jpg||&lt;br&gt;&lt;/br&gt;&lt;/b&gt;&lt;/html&gt;&lt;/body&gt;<br/>&lt;html&gt;&lt;body&gt;&lt;a href=&quot;C:\SeleniumProject\Workspace\Rightslogic New\Screenshots\Mar2017\\29\AddButtonatVendorAddWindow_CheckpointFailure_03-29-2017 7-37-34 PM.jpg&quot;&gt;&lt;img src=&quot;file:///C:\SeleniumProject\Workspace\Rightslogic New\Screenshots\Mar2017\\29\AddButtonatVendorAddWindow_CheckpointFailure_03-29-2017 7-37-34 PM.jpg&quot; alt=&quot;&quot;height=&apos;120&apos; width=&apos;120&apos;/&gt;&lt;/a&gt; &lt;br&gt;&lt;/br&gt;&lt;/html&gt;&lt;/body&gt;<br/>&lt;html&gt;&lt;body&gt;&lt;b&gt;||&lt;span style=&quot;color:red;&quot;&gt;Mar 29,2017 19:37:44 [Fail]  ====Failed==== &quot; Could not find the Frame: div[id*=&apos;WebDialogWindow3&apos;][style*=visible]&lt;/span&gt;||&lt;br&gt;&lt;/br&gt;&lt;/b&gt;&lt;/html&gt;&lt;/body&gt;<br/>&lt;html&gt;&lt;body&gt;&lt;b&gt;||&lt;span style=&quot;color:red;&quot;&gt;Mar 29,2017 19:37:44 [Fail]  ScreenShot of CheckPoint Failure: C:\SeleniumProject\Workspace\Rightslogic New\Screenshots\Mar2017\\29\FrameSwitchingFailed2_CheckpointFailure_03-29-2017 7-37-44 PM.jpg&lt;/span&gt;||&lt;br&gt;&lt;/br&gt;&lt;/b&gt;&lt;/html&gt;&lt;/body&gt;<br/>&lt;html&gt;&lt;body&gt;&lt;a href=&quot;C:\SeleniumProject\Workspace\Rightslogic New\Screenshots\Mar2017\\29\FrameSwitchingFailed2_CheckpointFailure_03-29-2017 7-37-44 PM.jpg&quot;&gt;&lt;img src=&quot;file:///C:\SeleniumProject\Workspace\Rightslogic New\Screenshots\Mar2017\\29\FrameSwitchingFailed2_CheckpointFailure_03-29-2017 7-37-44 PM.jpg&quot; alt=&quot;&quot;height=&apos;120&apos; width=&apos;120&apos;/&gt;&lt;/a&gt; &lt;br&gt;&lt;/br&gt;&lt;/html&gt;&lt;/body&gt;<br/>&lt;html&gt;&lt;body&gt;&lt;b&gt;||Mar 29,2017 19:37:44 [Info]  Unable to find element with css selector == div[id*=&apos;WebDialogWindow3&apos;][style*=visible] (WARNING: The server did not provide any stacktrace information)
Command duration or timeout: 10.32 seconds
For documentation on this error, please visit: http://seleniumhq.org/exceptions/no_such_element.html
Build info: version: &apos;2.53.1&apos;, revision: &apos;a36b8b1&apos;, time: &apos;2016-06-30 17:37:03&apos;
System info: host: &apos;8VYR7BS&apos;, ip: &apos;10.10.22.164&apos;, os.name: &apos;Windows 7&apos;, os.arch: &apos;amd64&apos;, os.version: &apos;6.1&apos;, java.version: &apos;1.8.0_121&apos;
Driver info: org.openqa.selenium.ie.InternetExplorerDriver
Capabilities [{browserAttachTimeout=0, enablePersistentHover=true, ie.forceCreateProcessApi=false, pageLoadStrategy=normal, ie.usePerProcessProxy=false, ignoreZoomSetting=false, handlesAlerts=true, version=11, platform=WINDOWS, nativeEvents=true, ie.ensureCleanSession=false, elementScrollBehavior=0, ie.browserCommandLineSwitches=, requireWindowFocus=false, browserName=internet explorer, initialBrowserUrl=http://localhost:10998/, takesScreenshot=true, javascriptEnabled=true, ignoreProtectedModeSettings=false, enableElementCacheCleanup=true, cssSelectorsEnabled=true, unexpectedAlertBehaviour=dismiss}]
Session ID: ee40e32d-4c62-452a-994e-3c324abe3b1a
*** Element info: {Using=css selector, value=div[id*=&apos;WebDialogWindow3&apos;][style*=visible]}||&lt;br&gt;&lt;/br&gt;&lt;/b&gt;&lt;/html&gt;&lt;/body&gt;<br/>&lt;html&gt;&lt;body&gt;&lt;b&gt;||Mar 29,2017 19:37:55 [Info]  Test &apos;TC1_MediaRightsRow&apos; FAILED||&lt;br&gt;&lt;/br&gt;&lt;/b&gt;&lt;/html&gt;&lt;/body&gt;<br/>&lt;html&gt;&lt;body&gt;&lt;b&gt;||Mar 29,2017 19:37:55 [Info]  2||&lt;br&gt;&lt;/br&gt;&lt;/b&gt;&lt;/html&gt;&lt;/body&gt;<br/>&lt;html&gt;&lt;body&gt;&lt;a href=&quot;C:\SeleniumProject\Workspace\Rightslogic New\Screenshots\Mar2017\\29\TC1_MediaRightsRow_03-29-2017 7-37-55 PM.jpg&quot;&gt;&lt;img src=&quot;file:///C:\SeleniumProject\Workspace\Rightslogic New\Screenshots\Mar2017\\29\TC1_MediaRightsRow_03-29-2017 7-37-55 PM.jpg&quot; alt=&quot;&quot;height=&apos;120&apos; width=&apos;120&apos;/&gt;&lt;/a&gt; &lt;br&gt;&lt;/br&gt;&lt;/html&gt;&lt;/body&gt;<br/>&lt;html&gt;&lt;body&gt;&lt;b&gt;||Mar 29,2017 19:37:55 [Info]  Test Case :TC1_MediaRightsRow&apos;s Screenshot of Failure Page: 
C:\SeleniumProject\Workspace\Rightslogic New\Screenshots\Mar2017\\29\TC1_MediaRightsRow_03-29-2017 7-37-55 PM.jpg||&lt;br&gt;&lt;/br&gt;&lt;/b&gt;&lt;/html&gt;&lt;/body&gt;<br/>&lt;html&gt;&lt;body&gt;&lt;b&gt;||Mar 29,2017 19:38:02 [Info]  Closed the Browser||&lt;br&gt;&lt;/br&gt;&lt;/b&gt;&lt;/html&gt;&lt;/body&gt;</div></td></tr><tr><th>Exception</th></tr><tr><td><div class="stacktrace">org.openqa.selenium.NoSuchElementException: Unable to find element with id == lstType (WARNING: The server did not provide any stacktrace information)
Command duration or timeout: 10.30 seconds
For documentation on this error, please visit: http://seleniumhq.org/exceptions/no_such_element.html
Build info: version: &apos;2.53.1&apos;, revision: &apos;a36b8b1&apos;, time: &apos;2016-06-30 17:37:03&apos;
System info: host: &apos;8VYR7BS&apos;, ip: &apos;10.10.22.164&apos;, os.name: &apos;Windows 7&apos;, os.arch: &apos;amd64&apos;, os.version: &apos;6.1&apos;, java.version: &apos;1.8.0_121&apos;
Driver info: org.openqa.selenium.ie.InternetExplorerDriver
Capabilities [{browserAttachTimeout=0, enablePersistentHover=true, ie.forceCreateProcessApi=false, pageLoadStrategy=normal, ie.usePerProcessProxy=false, ignoreZoomSetting=false, handlesAlerts=true, version=11, platform=WINDOWS, nativeEvents=true, ie.ensureCleanSession=false, elementScrollBehavior=0, ie.browserCommandLineSwitches=, requireWindowFocus=false, browserName=internet explorer, initialBrowserUrl=http://localhost:10998/, takesScreenshot=true, javascriptEnabled=true, ignoreProtectedModeSettings=false, enableElementCacheCleanup=true, cssSelectorsEnabled=true, unexpectedAlertBehaviour=dismiss}]
Session ID: ee40e32d-4c62-452a-994e-3c324abe3b1a
*** Element info: {Using=id, value=lstType}
	at sun.reflect.NativeConstructorAccessorImpl.newInstance0(Native Method)
	at sun.reflect.NativeConstructorAccessorImpl.newInstance(Unknown Source)
	at sun.reflect.DelegatingConstructorAccessorImpl.newInstance(Unknown Source)
	at java.lang.reflect.Constructor.newInstance(Unknown Source)
	at org.openqa.selenium.remote.ErrorHandler.createThrowable(ErrorHandler.java:206)
	at org.openqa.selenium.remote.ErrorHandler.throwIfResponseFailed(ErrorHandler.java:158)
	at org.openqa.selenium.remote.RemoteWebDriver.execute(RemoteWebDriver.java:678)
	at org.openqa.selenium.remote.RemoteWebDriver.findElement(RemoteWebDriver.java:363)
	at org.openqa.selenium.remote.RemoteWebDriver.findElementById(RemoteWebDriver.java:413)
	at org.openqa.selenium.By$ById.findElement(By.java:218)
	at org.openqa.selenium.remote.RemoteWebDriver.findElement(RemoteWebDriver.java:355)
	at utility.DriverHelper.getAllSeletedOptions(DriverHelper.java:1291)
	at commonFunctions.AssetMaintenance.searchAndSelectVendor(AssetMaintenance.java:1161)
	at commonFunctions.AssetMaintenance.createProgramAsset(AssetMaintenance.java:184)
	at rightsIN.Demo_MediaRights.TC1_MediaRightsRow(Demo_MediaRights.java:41)
	at sun.reflect.NativeMethodAccessorImpl.invoke0(Native Method)
	at sun.reflect.NativeMethodAccessorImpl.invoke(Unknown Source)
	at sun.reflect.DelegatingMethodAccessorImpl.invoke(Unknown Source)
	at java.lang.reflect.Method.invoke(Unknown Source)
	at org.testng.internal.MethodInvocationHelper.invokeMethod(MethodInvocationHelper.java:85)
	at org.testng.internal.Invoker.invokeMethod(Invoker.java:639)
	at org.testng.internal.Invoker.invokeTestMethod(Invoker.java:816)
	at org.testng.internal.Invoker.invokeTestMethods(Invoker.java:1124)
	at org.testng.internal.TestMethodWorker.invokeTestMethods(TestMethodWorker.java:125)
	at org.testng.internal.TestMethodWorker.run(TestMethodWorker.java:108)
	at org.testng.TestRunner.privateRun(TestRunner.java:774)
	at org.testng.TestRunner.run(TestRunner.java:624)
	at org.testng.SuiteRunner.runTest(SuiteRunner.java:359)
	at org.testng.SuiteRunner.runSequentially(SuiteRunner.java:354)
	at org.testng.SuiteRunner.privateRun(SuiteRunner.java:312)
	at org.testng.SuiteRunner.run(SuiteRunner.java:261)
	at org.testng.SuiteRunnerWorker.runSuite(SuiteRunnerWorker.java:52)
	at org.testng.SuiteRunnerWorker.run(SuiteRunnerWorker.java:86)
	at org.testng.TestNG.runSuitesSequentially(TestNG.java:1215)
	at org.testng.TestNG.runSuitesLocally(TestNG.java:1140)
	at org.testng.TestNG.run(TestNG.java:1048)
	at org.testng.remote.AbstractRemoteTestNG.run(AbstractRemoteTestNG.java:132)
	at org.testng.remote.RemoteTestNG.initAndRun(RemoteTestNG.java:230)
	at org.testng.remote.RemoteTestNG.main(RemoteTestNG.java:76)
</div></td></tr></table><p class="totop"><a href="#summary">back to summary</a></p></body></html>