<html>
<head>
<title>TestNG:  Default test</title>
<link href="../testng.css" rel="stylesheet" type="text/css" />
<link href="../my-testng.css" rel="stylesheet" type="text/css" />

<style type="text/css">
.log { display: none;} 
.stack-trace { display: none;} 
</style>
<script type="text/javascript">
<!--
function flip(e) {
  current = e.style.display;
  if (current == 'block') {
    e.style.display = 'none';
    return 0;
  }
  else {
    e.style.display = 'block';
    return 1;
  }
}

function toggleBox(szDivId, elem, msg1, msg2)
{
  var res = -1;  if (document.getElementById) {
    res = flip(document.getElementById(szDivId));
  }
  else if (document.all) {
    // this is the way old msie versions work
    res = flip(document.all[szDivId]);
  }
  if(elem) {
    if(res == 0) elem.innerHTML = msg1; else elem.innerHTML = msg2;
  }

}

function toggleAllBoxes() {
  if (document.getElementsByTagName) {
    d = document.getElementsByTagName('div');
    for (i = 0; i < d.length; i++) {
      if (d[i].className == 'log') {
        flip(d[i]);
      }
    }
  }
}

// -->
</script>

</head>
<body>
<h2 align='center'>Default test</h2><table border='1' align="center">
<tr>
<td>Tests passed/Failed/Skipped:</td><td>0/1/0</td>
</tr><tr>
<td>Started on:</td><td>Wed Mar 29 19:34:23 IST 2017</td>
</tr>
<tr><td>Total time:</td><td>218 seconds (218480 ms)</td>
</tr><tr>
<td>Included groups:</td><td></td>
</tr><tr>
<td>Excluded groups:</td><td></td>
</tr>
</table><p/>
<small><i>(Hover the method name to see the test class name)</i></small><p/>
<table width='100%' border='1' class='invocation-failed'>
<tr><td colspan='4' align='center'><b>FAILED TESTS</b></td></tr>
<tr><td><b>Test method</b></td>
<td width="30%"><b>Exception</b></td>
<td width="10%"><b>Time (seconds)</b></td>
<td><b>Instance</b></td>
</tr>
<tr>
<td title='rightsIN.Demo_MediaRights.TC1_MediaRightsRow()'><b>TC1_MediaRightsRow</b><br>Test class: rightsIN.Demo_MediaRights<br>Test method: Exhibition Rights flow<br/>
<a href="#Output-1732663543" onClick='toggleBox("Output-1732663543", this, "Show output", "Hide output");'>Show output</a>

<a href="#Output-1732663543" onClick="toggleAllBoxes();">Show all outputs</a>
<div class='log' id="Output-1732663543">
<html><body><b>||Mar 29,2017 19:34:49 [Info]  ************************Started Creating Asset of Type: Program - Series************************||<br></br></b></html></body><br/>
<html><body><b>||Mar 29,2017 19:34:59 [Info]  Clicked on the 'MODULE'||<br></br></b></html></body><br/>
<html><body><b>||Mar 29,2017 19:35:10 [Info]  Clicked on the 'Property Entry & Maintenance'||<br></br></b></html></body><br/>
<html><body><b>||Mar 29,2017 19:35:21 [Info]  Clicked on the 'SearchLink' using JS Executor||<br></br></b></html></body><br/>
<html><body><b>||Mar 29,2017 19:35:21 [Info]  Clicked on the 'Property Search' using JS Executor||<br></br></b></html></body><br/>
<html><body><b>||Mar 29,2017 19:35:30 [Info]  Clicked on the 'TR_Asset_Search_Params' using JS Executor||<br></br></b></html></body><br/>
<html><body><b>||Mar 29,2017 19:35:31 [Info]  Entered "RAR_Collision Series_TC30_0329201773423" in field 'Asset Title'||<br></br></b></html></body><br/>
<html><body><b>||Mar 29,2017 19:35:33 [Info]  Clicked on the 'Find Button' using JS Executor||<br></br></b></html></body><br/>
<html><body><b>||Mar 29,2017 19:35:48 [Info]  Verify The data of Alert Message||<br></br></b></html></body><br/>
<html><body><b>||<span style="color:green;">Mar 29,2017 19:35:48 [Verification]  Verified that Expected value :[No search results were found for this query. Please try again using different criteria.] is matched with Actual value :[No search results were found for this query. Please try again using different criteria.]</span>||<br></br></b></html></body><br/>
<html><body><b>||Mar 29,2017 19:35:49 [Info]  Clicked on the 'OK Button at Alert' using JS Executor||<br></br></b></html></body><br/>
<html><body><b>||Mar 29,2017 19:35:49 [Info]  Clicked on the 'Ok button At Alert' using JS Executor||<br></br></b></html></body><br/>
<html><body><b>||Mar 29,2017 19:35:55 [Info]  Clicked on the 'Add Asset Button' using JS Executor||<br></br></b></html></body><br/>
<html><body><b>||Mar 29,2017 19:35:56 [Info]  Program
Promo & Marketing
Element
Musical / Audio Product
IP
||<br></br></b></html></body><br/>
<html><body><b>||Mar 29,2017 19:35:56 [Info]  Selected "Program" in "AssetTypeDropDown Pop upn VMN" drop down||<br></br></b></html></body><br/>
<html><body><b>||Mar 29,2017 19:35:57 [Info]  Double clicked on 'OK Button'||<br></br></b></html></body><br/>
<html><body><b>||Mar 29,2017 19:36:16 [Info]  Asset id is 189819||<br></br></b></html></body><br/>
<html><body><b>||Mar 29,2017 19:36:19 [Info]  Selected "Program - Series" in "AssetTypeDropDown" drop down||<br></br></b></html></body><br/>
<html><body><b>||Mar 29,2017 19:36:32 [Info]  Entered "RAR_Collision Series_TC30_0329201773423" in field 'AssetTitle'||<br></br></b></html></body><br/>
<html><body><b>||Mar 29,2017 19:36:33 [Info]  Clicked on the 'IPImageIcon' using JS Executor||<br></br></b></html></body><br/>
<html><body><b>||Mar 29,2017 19:36:34 [Info]  Clicked on the 'Find Button' using JS Executor||<br></br></b></html></body><br/>
<html><body><b>||Mar 29,2017 19:36:38 [Info]  Clicked on the 'loc_IPName_AT_IPWindow'||<br></br></b></html></body><br/>
<html><body><b>||Mar 29,2017 19:36:38 [Info]  Clicked on the 'IP Select Button' using JS Executor||<br></br></b></html></body><br/>
<html><body><b>||Mar 29,2017 19:36:38 [Info]  Clicked on the 'Vendor Img Icon' using JS Executor||<br></br></b></html></body><br/>
<html><body><b>||Mar 29,2017 19:36:40 [Info]  Entered "AUT_VMN_Vendor1" in field 'SearchvalueVendor'||<br></br></b></html></body><br/>
<html><body><b>||Mar 29,2017 19:36:42 [Info]  Clicked on the 'VendorWindowButtonfind' using JS Executor||<br></br></b></html></body><br/>
<html><body><b>||<span style="color:red;">Mar 29,2017 19:37:00 [Fail]  ====Failed==== " Could not find the Frame: div[id*='WebDialogWindow1'][style*=visible]</span>||<br></br></b></html></body><br/>
<html><body><b>||<span style="color:red;">Mar 29,2017 19:37:00 [Fail]  ScreenShot of CheckPoint Failure: C:\SeleniumProject\Workspace\Rightslogic New\Screenshots\Mar2017\\29\FrameSwitchingFailed0_CheckpointFailure_03-29-2017 7-37-00 PM.jpg</span>||<br></br></b></html></body><br/>
<html><body><a href="C:\SeleniumProject\Workspace\Rightslogic New\Screenshots\Mar2017\\29\FrameSwitchingFailed0_CheckpointFailure_03-29-2017 7-37-00 PM.jpg"><img src="file:///C:\SeleniumProject\Workspace\Rightslogic New\Screenshots\Mar2017\\29\FrameSwitchingFailed0_CheckpointFailure_03-29-2017 7-37-00 PM.jpg" alt=""height='120' width='120'/></a> <br></br></html></body><br/>
<html><body><b>||Mar 29,2017 19:37:00 [Info]  Unable to find element with css selector == div[id*='WebDialogWindow1'][style*=visible] (WARNING: The server did not provide any stacktrace information)
Command duration or timeout: 10.29 seconds
For documentation on this error, please visit: http://seleniumhq.org/exceptions/no_such_element.html
Build info: version: '2.53.1', revision: 'a36b8b1', time: '2016-06-30 17:37:03'
System info: host: '8VYR7BS', ip: '10.10.22.164', os.name: 'Windows 7', os.arch: 'amd64', os.version: '6.1', java.version: '1.8.0_121'
Driver info: org.openqa.selenium.ie.InternetExplorerDriver
Capabilities [{browserAttachTimeout=0, enablePersistentHover=true, ie.forceCreateProcessApi=false, pageLoadStrategy=normal, ie.usePerProcessProxy=false, ignoreZoomSetting=false, handlesAlerts=true, version=11, platform=WINDOWS, nativeEvents=true, ie.ensureCleanSession=false, elementScrollBehavior=0, ie.browserCommandLineSwitches=, requireWindowFocus=false, browserName=internet explorer, initialBrowserUrl=http://localhost:10998/, takesScreenshot=true, javascriptEnabled=true, ignoreProtectedModeSettings=false, enableElementCacheCleanup=true, cssSelectorsEnabled=true, unexpectedAlertBehaviour=dismiss}]
Session ID: ee40e32d-4c62-452a-994e-3c324abe3b1a
*** Element info: {Using=css selector, value=div[id*='WebDialogWindow1'][style*=visible]}||<br></br></b></html></body><br/>
<html><body><b>||Mar 29,2017 19:37:13 [Info]  Clicked on the 'OK Button at Alert' using JS Executor||<br></br></b></html></body><br/>
<html><body><b>||<span style="color:red;">Mar 29,2017 19:37:24 [Fail]  ====Failed==== " Could not find the Frame: div[id*='WebDialogWindow1'][style*=visible]</span>||<br></br></b></html></body><br/>
<html><body><b>||<span style="color:red;">Mar 29,2017 19:37:24 [Fail]  ScreenShot of CheckPoint Failure: C:\SeleniumProject\Workspace\Rightslogic New\Screenshots\Mar2017\\29\FrameSwitchingFailed1_CheckpointFailure_03-29-2017 7-37-24 PM.jpg</span>||<br></br></b></html></body><br/>
<html><body><a href="C:\SeleniumProject\Workspace\Rightslogic New\Screenshots\Mar2017\\29\FrameSwitchingFailed1_CheckpointFailure_03-29-2017 7-37-24 PM.jpg"><img src="file:///C:\SeleniumProject\Workspace\Rightslogic New\Screenshots\Mar2017\\29\FrameSwitchingFailed1_CheckpointFailure_03-29-2017 7-37-24 PM.jpg" alt=""height='120' width='120'/></a> <br></br></html></body><br/>
<html><body><b>||Mar 29,2017 19:37:24 [Info]  Unable to find element with css selector == div[id*='WebDialogWindow1'][style*=visible] (WARNING: The server did not provide any stacktrace information)
Command duration or timeout: 10.28 seconds
For documentation on this error, please visit: http://seleniumhq.org/exceptions/no_such_element.html
Build info: version: '2.53.1', revision: 'a36b8b1', time: '2016-06-30 17:37:03'
System info: host: '8VYR7BS', ip: '10.10.22.164', os.name: 'Windows 7', os.arch: 'amd64', os.version: '6.1', java.version: '1.8.0_121'
Driver info: org.openqa.selenium.ie.InternetExplorerDriver
Capabilities [{browserAttachTimeout=0, enablePersistentHover=true, ie.forceCreateProcessApi=false, pageLoadStrategy=normal, ie.usePerProcessProxy=false, ignoreZoomSetting=false, handlesAlerts=true, version=11, platform=WINDOWS, nativeEvents=true, ie.ensureCleanSession=false, elementScrollBehavior=0, ie.browserCommandLineSwitches=, requireWindowFocus=false, browserName=internet explorer, initialBrowserUrl=http://localhost:10998/, takesScreenshot=true, javascriptEnabled=true, ignoreProtectedModeSettings=false, enableElementCacheCleanup=true, cssSelectorsEnabled=true, unexpectedAlertBehaviour=dismiss}]
Session ID: ee40e32d-4c62-452a-994e-3c324abe3b1a
*** Element info: {Using=css selector, value=div[id*='WebDialogWindow1'][style*=visible]}||<br></br></b></html></body><br/>
<html><body><b>||<span style="color:red;">Mar 29,2017 19:37:34 [Fail]  ====Failed==== "Add Button at Vendor Add Window" field is not present'</span>||<br></br></b></html></body><br/>
<html><body><b>||Mar 29,2017 19:37:34 [Info]  ScreenShot of CheckPoint Failure: C:\SeleniumProject\Workspace\Rightslogic New\Screenshots\Mar2017\\29\AddButtonatVendorAddWindow_CheckpointFailure_03-29-2017 7-37-34 PM.jpg||<br></br></b></html></body><br/>
<html><body><a href="C:\SeleniumProject\Workspace\Rightslogic New\Screenshots\Mar2017\\29\AddButtonatVendorAddWindow_CheckpointFailure_03-29-2017 7-37-34 PM.jpg"><img src="file:///C:\SeleniumProject\Workspace\Rightslogic New\Screenshots\Mar2017\\29\AddButtonatVendorAddWindow_CheckpointFailure_03-29-2017 7-37-34 PM.jpg" alt=""height='120' width='120'/></a> <br></br></html></body><br/>
<html><body><b>||<span style="color:red;">Mar 29,2017 19:37:44 [Fail]  ====Failed==== " Could not find the Frame: div[id*='WebDialogWindow3'][style*=visible]</span>||<br></br></b></html></body><br/>
<html><body><b>||<span style="color:red;">Mar 29,2017 19:37:44 [Fail]  ScreenShot of CheckPoint Failure: C:\SeleniumProject\Workspace\Rightslogic New\Screenshots\Mar2017\\29\FrameSwitchingFailed2_CheckpointFailure_03-29-2017 7-37-44 PM.jpg</span>||<br></br></b></html></body><br/>
<html><body><a href="C:\SeleniumProject\Workspace\Rightslogic New\Screenshots\Mar2017\\29\FrameSwitchingFailed2_CheckpointFailure_03-29-2017 7-37-44 PM.jpg"><img src="file:///C:\SeleniumProject\Workspace\Rightslogic New\Screenshots\Mar2017\\29\FrameSwitchingFailed2_CheckpointFailure_03-29-2017 7-37-44 PM.jpg" alt=""height='120' width='120'/></a> <br></br></html></body><br/>
<html><body><b>||Mar 29,2017 19:37:44 [Info]  Unable to find element with css selector == div[id*='WebDialogWindow3'][style*=visible] (WARNING: The server did not provide any stacktrace information)
Command duration or timeout: 10.32 seconds
For documentation on this error, please visit: http://seleniumhq.org/exceptions/no_such_element.html
Build info: version: '2.53.1', revision: 'a36b8b1', time: '2016-06-30 17:37:03'
System info: host: '8VYR7BS', ip: '10.10.22.164', os.name: 'Windows 7', os.arch: 'amd64', os.version: '6.1', java.version: '1.8.0_121'
Driver info: org.openqa.selenium.ie.InternetExplorerDriver
Capabilities [{browserAttachTimeout=0, enablePersistentHover=true, ie.forceCreateProcessApi=false, pageLoadStrategy=normal, ie.usePerProcessProxy=false, ignoreZoomSetting=false, handlesAlerts=true, version=11, platform=WINDOWS, nativeEvents=true, ie.ensureCleanSession=false, elementScrollBehavior=0, ie.browserCommandLineSwitches=, requireWindowFocus=false, browserName=internet explorer, initialBrowserUrl=http://localhost:10998/, takesScreenshot=true, javascriptEnabled=true, ignoreProtectedModeSettings=false, enableElementCacheCleanup=true, cssSelectorsEnabled=true, unexpectedAlertBehaviour=dismiss}]
Session ID: ee40e32d-4c62-452a-994e-3c324abe3b1a
*** Element info: {Using=css selector, value=div[id*='WebDialogWindow3'][style*=visible]}||<br></br></b></html></body><br/>
<html><body><b>||Mar 29,2017 19:37:55 [Info]  Test 'TC1_MediaRightsRow' FAILED||<br></br></b></html></body><br/>
<html><body><b>||Mar 29,2017 19:37:55 [Info]  2||<br></br></b></html></body><br/>
<html><body><a href="C:\SeleniumProject\Workspace\Rightslogic New\Screenshots\Mar2017\\29\TC1_MediaRightsRow_03-29-2017 7-37-55 PM.jpg"><img src="file:///C:\SeleniumProject\Workspace\Rightslogic New\Screenshots\Mar2017\\29\TC1_MediaRightsRow_03-29-2017 7-37-55 PM.jpg" alt=""height='120' width='120'/></a> <br></br></html></body><br/>
<html><body><b>||Mar 29,2017 19:37:55 [Info]  Test Case :TC1_MediaRightsRow's Screenshot of Failure Page: 
C:\SeleniumProject\Workspace\Rightslogic New\Screenshots\Mar2017\\29\TC1_MediaRightsRow_03-29-2017 7-37-55 PM.jpg||<br></br></b></html></body><br/>
<html><body><b>||Mar 29,2017 19:38:02 [Info]  Closed the Browser||<br></br></b></html></body><br/>
</div>
</td>
<td><div><pre>org.openqa.selenium.NoSuchElementException: Unable to find element with id == lstType (WARNING: The server did not provide any stacktrace information)
Command duration or timeout: 10.30 seconds
For documentation on this error, please visit: http://seleniumhq.org/exceptions/no_such_element.html
Build info: version: &apos;2.53.1&apos;, revision: &apos;a36b8b1&apos;, time: &apos;2016-06-30 17:37:03&apos;
System info: host: &apos;8VYR7BS&apos;, ip: &apos;10.10.22.164&apos;, os.name: &apos;Windows 7&apos;, os.arch: &apos;amd64&apos;, os.version: &apos;6.1&apos;, java.version: &apos;1.8.0_121&apos;
Driver info: org.openqa.selenium.ie.InternetExplorerDriver
Capabilities [{browserAttachTimeout=0, enablePersistentHover=true, ie.forceCreateProcessApi=false, pageLoadStrategy=normal, ie.usePerProcessProxy=false, ignoreZoomSetting=false, handlesAlerts=true, version=11, platform=WINDOWS, nativeEvents=true, ie.ensureCleanSession=false, elementScrollBehavior=0, ie.browserCommandLineSwitches=, requireWindowFocus=false, browserName=internet explorer, initialBrowserUrl=http://localhost:10998/, takesScreenshot=true, javascriptEnabled=true, ignoreProtectedModeSettings=false, enableElementCacheCleanup=true, cssSelectorsEnabled=true, unexpectedAlertBehaviour=dismiss}]
Session ID: ee40e32d-4c62-452a-994e-3c324abe3b1a
*** Element info: {Using=id, value=lstType}
	at sun.reflect.NativeConstructorAccessorImpl.newInstance0(Native Method)
	at sun.reflect.NativeConstructorAccessorImpl.newInstance(Unknown Source)
	at sun.reflect.DelegatingConstructorAccessorImpl.newInstance(Unknown Source)
	at java.lang.reflect.Constructor.newInstance(Unknown Source)
	at org.openqa.selenium.remote.ErrorHandler.createThrowable(ErrorHandler.java:206)
	at org.openqa.selenium.remote.ErrorHandler.throwIfResponseFailed(ErrorHandler.java:158)
	at org.openqa.selenium.remote.RemoteWebDriver.execute(RemoteWebDriver.java:678)
	at org.openqa.selenium.remote.RemoteWebDriver.findElement(RemoteWebDriver.java:363)
	at org.openqa.selenium.remote.RemoteWebDriver.findElementById(RemoteWebDriver.java:413)
	at org.openqa.selenium.By$ById.findElement(By.java:218)
	at org.openqa.selenium.remote.RemoteWebDriver.findElement(RemoteWebDriver.java:355)
	at utility.DriverHelper.getAllSeletedOptions(DriverHelper.java:1291)
	at commonFunctions.AssetMaintenance.searchAndSelectVendor(AssetMaintenance.java:1161)
	at commonFunctions.AssetMaintenance.createProgramAsset(AssetMaintenance.java:184)
	at rightsIN.Demo_MediaRights.TC1_MediaRightsRow(Demo_MediaRights.java:41)
	at sun.reflect.NativeMethodAccessorImpl.invoke0(Native Method)
	at sun.reflect.NativeMethodAccessorImpl.invoke(Unknown Source)
	at sun.reflect.DelegatingMethodAccessorImpl.invoke(Unknown Source)
	at java.lang.reflect.Method.invoke(Unknown Source)
	at org.testng.internal.MethodInvocationHelper.invokeMethod(MethodInvocationHelper.java:85)
	at org.testng.internal.Invoker.invokeMethod(Invoker.java:639)
	at org.testng.internal.Invoker.invokeTestMethod(Invoker.java:816)
	at org.testng.internal.Invoker.invokeTestMethods(Invoker.java:1124)
	at org.testng.internal.TestMethodWorker.invokeTestMethods(TestMethodWorker.java:125)
	at org.testng.internal.TestMethodWorker.run(TestMethodWorker.java:108)
	at org.testng.TestRunner.privateRun(TestRunner.java:774)
	at org.testng.TestRunner.run(TestRunner.java:624)
	at org.testng.SuiteRunner.runTest(SuiteRunner.java:359)
	at org.testng.SuiteRunner.runSequentially(SuiteRunner.java:354)
	at org.testng.SuiteRunner.privateRun(SuiteRunner.java:312)
	at org.testng.SuiteRunner.run(SuiteRunner.java:261)
	at org.testng.SuiteRunnerWorker.runSuite(SuiteRunnerWorker.java:52)
	at org.testng.SuiteRunnerWorker.run(SuiteRunnerWorker.java:86)
	at org.testng.TestNG.runSuitesSequentially(TestNG.java:1215)
	at org.testng.TestNG.runSuitesLocally(TestNG.java:1140)
	at org.testng.TestNG.run(TestNG.java:1048)
	at org.testng.remote.AbstractRemoteTestNG.run(AbstractRemoteTestNG.java:132)
	at org.testng.remote.RemoteTestNG.initAndRun(RemoteTestNG.java:230)
	at org.testng.remote.RemoteTestNG.main(RemoteTestNG.java:76)
</pre></div><a href='#' onClick='toggleBox("stack-trace1732663543", this, "Click to show all stack frames", "Click to hide stack frames")'>Click to show all stack frames</a>
<div class='stack-trace' id='stack-trace1732663543'><pre>org.openqa.selenium.NoSuchElementException: Unable to find element with id == lstType (WARNING: The server did not provide any stacktrace information)
Command duration or timeout: 10.30 seconds
For documentation on this error, please visit: http://seleniumhq.org/exceptions/no_such_element.html
Build info: version: &apos;2.53.1&apos;, revision: &apos;a36b8b1&apos;, time: &apos;2016-06-30 17:37:03&apos;
System info: host: &apos;8VYR7BS&apos;, ip: &apos;10.10.22.164&apos;, os.name: &apos;Windows 7&apos;, os.arch: &apos;amd64&apos;, os.version: &apos;6.1&apos;, java.version: &apos;1.8.0_121&apos;
Driver info: org.openqa.selenium.ie.InternetExplorerDriver
Capabilities [{browserAttachTimeout=0, enablePersistentHover=true, ie.forceCreateProcessApi=false, pageLoadStrategy=normal, ie.usePerProcessProxy=false, ignoreZoomSetting=false, handlesAlerts=true, version=11, platform=WINDOWS, nativeEvents=true, ie.ensureCleanSession=false, elementScrollBehavior=0, ie.browserCommandLineSwitches=, requireWindowFocus=false, browserName=internet explorer, initialBrowserUrl=http://localhost:10998/, takesScreenshot=true, javascriptEnabled=true, ignoreProtectedModeSettings=false, enableElementCacheCleanup=true, cssSelectorsEnabled=true, unexpectedAlertBehaviour=dismiss}]
Session ID: ee40e32d-4c62-452a-994e-3c324abe3b1a
*** Element info: {Using=id, value=lstType}
	at sun.reflect.NativeConstructorAccessorImpl.newInstance0(Native Method)
	at sun.reflect.NativeConstructorAccessorImpl.newInstance(Unknown Source)
	at sun.reflect.DelegatingConstructorAccessorImpl.newInstance(Unknown Source)
	at java.lang.reflect.Constructor.newInstance(Unknown Source)
	at org.openqa.selenium.remote.ErrorHandler.createThrowable(ErrorHandler.java:206)
	at org.openqa.selenium.remote.ErrorHandler.throwIfResponseFailed(ErrorHandler.java:158)
	at org.openqa.selenium.remote.RemoteWebDriver.execute(RemoteWebDriver.java:678)
	at org.openqa.selenium.remote.RemoteWebDriver.findElement(RemoteWebDriver.java:363)
	at org.openqa.selenium.remote.RemoteWebDriver.findElementById(RemoteWebDriver.java:413)
	at org.openqa.selenium.By$ById.findElement(By.java:218)
	at org.openqa.selenium.remote.RemoteWebDriver.findElement(RemoteWebDriver.java:355)
	at utility.DriverHelper.getAllSeletedOptions(DriverHelper.java:1291)
	at commonFunctions.AssetMaintenance.searchAndSelectVendor(AssetMaintenance.java:1161)
	at commonFunctions.AssetMaintenance.createProgramAsset(AssetMaintenance.java:184)
	at rightsIN.Demo_MediaRights.TC1_MediaRightsRow(Demo_MediaRights.java:41)
	at sun.reflect.NativeMethodAccessorImpl.invoke0(Native Method)
	at sun.reflect.NativeMethodAccessorImpl.invoke(Unknown Source)
	at sun.reflect.DelegatingMethodAccessorImpl.invoke(Unknown Source)
	at java.lang.reflect.Method.invoke(Unknown Source)
	at org.testng.internal.MethodInvocationHelper.invokeMethod(MethodInvocationHelper.java:85)
	at org.testng.internal.Invoker.invokeMethod(Invoker.java:639)
	at org.testng.internal.Invoker.invokeTestMethod(Invoker.java:816)
	at org.testng.internal.Invoker.invokeTestMethods(Invoker.java:1124)
	at org.testng.internal.TestMethodWorker.invokeTestMethods(TestMethodWorker.java:125)
	at org.testng.internal.TestMethodWorker.run(TestMethodWorker.java:108)
	at org.testng.TestRunner.privateRun(TestRunner.java:774)
	at org.testng.TestRunner.run(TestRunner.java:624)
	at org.testng.SuiteRunner.runTest(SuiteRunner.java:359)
	at org.testng.SuiteRunner.runSequentially(SuiteRunner.java:354)
	at org.testng.SuiteRunner.privateRun(SuiteRunner.java:312)
	at org.testng.SuiteRunner.run(SuiteRunner.java:261)
	at org.testng.SuiteRunnerWorker.runSuite(SuiteRunnerWorker.java:52)
	at org.testng.SuiteRunnerWorker.run(SuiteRunnerWorker.java:86)
	at org.testng.TestNG.runSuitesSequentially(TestNG.java:1215)
	at org.testng.TestNG.runSuitesLocally(TestNG.java:1140)
	at org.testng.TestNG.run(TestNG.java:1048)
	at org.testng.remote.AbstractRemoteTestNG.run(AbstractRemoteTestNG.java:132)
	at org.testng.remote.RemoteTestNG.initAndRun(RemoteTestNG.java:230)
	at org.testng.remote.RemoteTestNG.main(RemoteTestNG.java:76)
</pre></div></td>
<td>211</td>
<td>rightsIN.Demo_MediaRights@1da2cb77</td></tr>
</table><p>
</body>
</html>