<html xmlns:math="http://exslt.org/math" xmlns:testng="http://testng.org">
   <head>
      <title>TestNG Results</title>
      <meta http-equiv="content-type" content="text/html; charset=utf-8"></meta>
      <meta http-equiv="pragma" content="no-cache"></meta>
      <meta http-equiv="cache-control" content="max-age=0"></meta>
      <meta http-equiv="cache-control" content="no-cache"></meta>
      <meta http-equiv="cache-control" content="no-store"></meta>
      <LINK rel="stylesheet" href="style.css"></LINK>
      <script type="text/javascript" src="main.js"></script>
   </head>
   <body>
      <table width="100%" style="font-size: 16px; margin-bottom: 10px;" cellspacing="1">
         <tr>
            <td width="100%">
               All methods in suite
               
               <b>RI_Module</b>
            </td>
            <td style="background-color: #FFBBBB; padding: 3px 3px 3px 0;" align="center">
               <div style="width: 50px;">
                  <h5> Failed TCs: </h5>1
               </div>
            </td>
            <td style="background-color: lightgreen; padding: 3px 3px 3px 0;" align="center">
               <div style="width: 50px;">
                  <h5>Passed TCs:</h5>0
               </div>
            </td>
            <td style="background-color: #FFFFBB; padding: 3px 3px 3px 0;" align="center">
               <div style="width: 50px;">
                  <h5>Skipped TCs:</h5>4
               </div>
            </td>
            <td align="center" style="background-color: #eaf0f7; padding: 3px 3px 3px 0;">
               <div style="width: 50px;">
                  <h5>Total TCs:</h5>5
               </div>
            </td>
            <td align="center"
                style="font-weight: bold; background-color: #eaf0f7; padding: 3px 3px 3px 0;">
               <div style="width: 100px;">
                  <h5>Passed Percentage:</h5>0%
               </div>
            </td>
            <td style="background-color: #eaf0f7; padding: 3px 3px 3px 0;" align="center"
                nowrap="true">
               <h5>Duration:</h5>31s
               
            </td>
         </tr>
      </table>
      <div style="width: 200px;">
         <label for="groupMethodsCheckBox" style="font-weight: bold; margin: 0;">
            <input id="groupMethodsCheckBox" type="checkbox" onclick="switchTestMethodsView(this)"></input>
            Group by class
            
         </label>
         <br></br>
         <label for="methodsFilter_ALL" style="font-weight: bold; margin: 0;">
            <input id="methodsFilter_ALL" type="checkbox"
                   onclick="testMethodsFilterChanged(this, 'ALL')"></input>
            All
            
         </label>
      </div>
      <label for="methodsFilter_FAIL" style="margin-left: 20px;">
         <input id="methodsFilter_FAIL" type="checkbox"
                onclick="testMethodsFilterChanged(this, 'FAIL')"
                checked=""></input>
         Failed
         
      </label>
      <label for="methodsFilter_PASS">
         <input id="methodsFilter_PASS" type="checkbox"
                onclick="testMethodsFilterChanged(this, 'PASS')"
                checked=""></input>
         Passed
         
      </label>
      <label for="methodsFilter_SKIP">
         <input id="methodsFilter_SKIP" type="checkbox"
                onclick="testMethodsFilterChanged(this, 'SKIP')"
                checked=""></input>
         Skipped
         
      </label>
      <label for="methodsFilter_CONF">
         <input id="methodsFilter_CONF" type="checkbox"
                onclick="testMethodsFilterChanged(this, 'CONF')"></input>
         Config
         
      </label>
      <br></br>
      <div id="testMethodsByStatus">
         <table class="testMethodsTable" cellpadding="0" cellspacing="0">
            <tr class="methodsTableHeader">
               <td width="100%">Name</td>
               <td nowrap="true">Started</td>
               <td nowrap="true">Duration</td>
               <td>Exception</td>
            </tr>
            <tr id="rightsIN_MultiClient.MultiClient_RI_General_TC1_GeneralUIStandaloneAgr_byStatus_failed_FAIL1_row"
                class="testMethodStatusFAIL">
               <td width="100%" class="firstMethodCell">
                  <a onclick="toggleDetailsVisibility('rightsIN_MultiClient.MultiClient_RI_General_TC1_GeneralUIStandaloneAgr_byStatus_failed_FAIL1_details')">TC1_GeneralUIStandaloneAgr()</a>
               </td>
               <td nowrap="true">14:00:03</td>
               <td nowrap="true" align="right">19 ms
                  
               </td>
               <td nowrap="true">
                  <a onclick="toggleDetailsVisibility('rightsIN_MultiClient.MultiClient_RI_General_TC1_GeneralUIStandaloneAgr_byStatus_failed_FAIL1_exception')">org.openqa.selenium.NoSuchWindowException: 
                     Window is closed (WARNING: The server did not provide any stacktrace information)
                     Command duration or timeout: 15 milliseconds
                     Build info: version: '2.53.1', revision: 'a36b8b1', time: '2016-06-30 17:37:03'
                     System info: host: 'CP4G6BS', ip: '10.10.22.141', os.name: 'Windows 7', os.arch: 'amd64', os.version: '6.1', java.version:
                     '1.7.0_75'
                     Session ID: 2c397dce-5a60-4f81-a382-23fd1c482a94
                     Driver info: org.openqa.selenium.ie.InternetExplorerDriver
                     Capabilities [{platform=WINDOWS, javascriptEnabled=true, elementScrollBehavior=0, ignoreZoomSetting=false, enablePersistentHover=true,
                     ie.ensureCleanSession=false, browserName=internet explorer, enableElementCacheCleanup=true, unexpectedAlertBehaviour=dismiss,
                     version=11, pageLoadStrategy=normal, ie.usePerProcessProxy=false, cssSelectorsEnabled=true, ignoreProtectedModeSettings=false,
                     requireWindowFocus=false, initialBrowserUrl=http://localhost:38657/, handlesAlerts=true, ie.forceCreateProcessApi=false, nativeEvents=true,
                     browserAttachTimeout=0, ie.browserCommandLineSwitches=, takesScreenshot=true}]
                     
                  </a>
                   
                  
               </td>
            </tr>
            <tr>
               <td colspan="4" class="detailsBox">
                  <div id="rightsIN_MultiClient.MultiClient_RI_General_TC1_GeneralUIStandaloneAgr_byStatus_failed_FAIL1_details"
                       class="testMethodDetails">
                     <div>
                        <b>Name: </b>TC1_GeneralUIStandaloneAgr
                     </div>
                     <div>
                        <b>Description: </b>TC for General Tab of a deal -Standalone Agreement.
                     </div>
                     <div>
                        <b>Signature: </b>TC1_GeneralUIStandaloneAgr()[pri:1, instance:rightsIN_MultiClient.MultiClient_RI_General@3ee4e848]
                     </div>
                     <div>
                        <b>Start time: </b>14:00:03
                     </div>
                     <div>
                        <b>End time: </b>14:00:03
                     </div>
                     <div>
                        <b>Duration: </b>19 ms
                        
                     </div>
                     <div>
                        <b>Steps: 
                           
                           
                           Window is closed (WARNING: The server did not provide any stacktrace information)
                           Command duration or timeout: 15 milliseconds
                           Build info: version: '2.53.1', revision: 'a36b8b1', time: '2016-06-30 17:37:03'
                           System info: host: 'CP4G6BS', ip: '10.10.22.141', os.name: 'Windows 7', os.arch: 'amd64', os.version: '6.1', java.version:
                           '1.7.0_75'
                           Session ID: 2c397dce-5a60-4f81-a382-23fd1c482a94
                           Driver info: org.openqa.selenium.ie.InternetExplorerDriver
                           Capabilities [{platform=WINDOWS, javascriptEnabled=true, elementScrollBehavior=0, ignoreZoomSetting=false, enablePersistentHover=true,
                           ie.ensureCleanSession=false, browserName=internet explorer, enableElementCacheCleanup=true, unexpectedAlertBehaviour=dismiss,
                           version=11, pageLoadStrategy=normal, ie.usePerProcessProxy=false, cssSelectorsEnabled=true, ignoreProtectedModeSettings=false,
                           requireWindowFocus=false, initialBrowserUrl=http://localhost:38657/, handlesAlerts=true, ie.forceCreateProcessApi=false, nativeEvents=true,
                           browserAttachTimeout=0, ie.browserCommandLineSwitches=, takesScreenshot=true}]
                           
                           
                           org.openqa.selenium.NoSuchWindowException: Window is closed (WARNING: The server did not provide any stacktrace information)
                           Command duration or timeout: 15 milliseconds
                           Build info: version: '2.53.1', revision: 'a36b8b1', time: '2016-06-30 17:37:03'
                           System info: host: 'CP4G6BS', ip: '10.10.22.141', os.name: 'Windows 7', os.arch: 'amd64', os.version: '6.1', java.version:
                           '1.7.0_75'
                           Session ID: 2c397dce-5a60-4f81-a382-23fd1c482a94
                           Driver info: org.openqa.selenium.ie.InternetExplorerDriver
                           Capabilities [{platform=WINDOWS, javascriptEnabled=true, elementScrollBehavior=0, ignoreZoomSetting=false, enablePersistentHover=true,
                           ie.ensureCleanSession=false, browserName=internet explorer, enableElementCacheCleanup=true, unexpectedAlertBehaviour=dismiss,
                           version=11, pageLoadStrategy=normal, ie.usePerProcessProxy=false, cssSelectorsEnabled=true, ignoreProtectedModeSettings=false,
                           requireWindowFocus=false, initialBrowserUrl=http://localhost:38657/, handlesAlerts=true, ie.forceCreateProcessApi=false, nativeEvents=true,
                           browserAttachTimeout=0, ie.browserCommandLineSwitches=, takesScreenshot=true}]
                           	at sun.reflect.NativeConstructorAccessorImpl.newInstance0(Native Method)
                           	at sun.reflect.NativeConstructorAccessorImpl.newInstance(NativeConstructorAccessorImpl.java:57)
                           	at sun.reflect.DelegatingConstructorAccessorImpl.newInstance(DelegatingConstructorAccessorImpl.java:45)
                           	at java.lang.reflect.Constructor.newInstance(Constructor.java:526)
                           	at org.openqa.selenium.remote.ErrorHandler.createThrowable(ErrorHandler.java:206)
                           	at org.openqa.selenium.remote.ErrorHandler.throwIfResponseFailed(ErrorHandler.java:158)
                           	at org.openqa.selenium.remote.RemoteWebDriver.execute(RemoteWebDriver.java:678)
                           	at org.openqa.selenium.remote.RemoteWebDriver.execute(RemoteWebDriver.java:701)
                           	at org.openqa.selenium.remote.RemoteWebDriver.getWindowHandle(RemoteWebDriver.java:555)
                           	at rightsIN_MultiClient.MultiClient_RI_General.TC1_GeneralUIStandaloneAgr(MultiClient_RI_General.java:57)
                           	at sun.reflect.NativeMethodAccessorImpl.invoke0(Native Method)
                           	at sun.reflect.NativeMethodAccessorImpl.invoke(NativeMethodAccessorImpl.java:57)
                           	at sun.reflect.DelegatingMethodAccessorImpl.invoke(DelegatingMethodAccessorImpl.java:43)
                           	at java.lang.reflect.Method.invoke(Method.java:606)
                           	at org.testng.internal.MethodInvocationHelper.invokeMethod(MethodInvocationHelper.java:85)
                           	at org.testng.internal.Invoker.invokeMethod(Invoker.java:639)
                           	at org.testng.internal.Invoker.invokeTestMethod(Invoker.java:816)
                           	at org.testng.internal.Invoker.invokeTestMethods(Invoker.java:1124)
                           	at org.testng.internal.TestMethodWorker.invokeTestMethods(TestMethodWorker.java:125)
                           	at org.testng.internal.TestMethodWorker.run(TestMethodWorker.java:108)
                           	at org.testng.TestRunner.privateRun(TestRunner.java:774)
                           	at org.testng.TestRunner.run(TestRunner.java:624)
                           	at org.testng.SuiteRunner.runTest(SuiteRunner.java:359)
                           	at org.testng.SuiteRunner.runSequentially(SuiteRunner.java:354)
                           	at org.testng.SuiteRunner.privateRun(SuiteRunner.java:312)
                           	at org.testng.SuiteRunner.run(SuiteRunner.java:261)
                           	at org.testng.SuiteRunnerWorker.runSuite(SuiteRunnerWorker.java:52)
                           	at org.testng.SuiteRunnerWorker.run(SuiteRunnerWorker.java:86)
                           	at org.testng.TestNG.runSuitesSequentially(TestNG.java:1215)
                           	at org.testng.TestNG.runSuitesLocally(TestNG.java:1140)
                           	at org.testng.TestNG.run(TestNG.java:1048)
                           	at org.testng.TestNG.privateMain(TestNG.java:1355)
                           	at org.testng.TestNG.main(TestNG.java:1324)
                           
                           
                           
                           
                           
                           
                        </b>FAIL
                     </div>
                  </div>
               </td>
            </tr>
            <tr>
               <td colspan="4" class="detailsBox">
                  <div id="rightsIN_MultiClient.MultiClient_RI_General_TC1_GeneralUIStandaloneAgr_byStatus_failed_FAIL1_exception"
                       class="testMethodDetails">
                     <pre style="padding: 5px; margin: 0;">org.openqa.selenium.NoSuchWindowException: Window is closed (WARNING: The server did not provide any stacktrace information)
                        Command duration or timeout: 15 milliseconds
                        Build info: version: '2.53.1', revision: 'a36b8b1', time: '2016-06-30 17:37:03'
                        System info: host: 'CP4G6BS', ip: '10.10.22.141', os.name: 'Windows 7', os.arch: 'amd64', os.version: '6.1', java.version:
                        '1.7.0_75'
                        Session ID: 2c397dce-5a60-4f81-a382-23fd1c482a94
                        Driver info: org.openqa.selenium.ie.InternetExplorerDriver
                        Capabilities [{platform=WINDOWS, javascriptEnabled=true, elementScrollBehavior=0, ignoreZoomSetting=false, enablePersistentHover=true,
                        ie.ensureCleanSession=false, browserName=internet explorer, enableElementCacheCleanup=true, unexpectedAlertBehaviour=dismiss,
                        version=11, pageLoadStrategy=normal, ie.usePerProcessProxy=false, cssSelectorsEnabled=true, ignoreProtectedModeSettings=false,
                        requireWindowFocus=false, initialBrowserUrl=http://localhost:38657/, handlesAlerts=true, ie.forceCreateProcessApi=false, nativeEvents=true,
                        browserAttachTimeout=0, ie.browserCommandLineSwitches=, takesScreenshot=true}]
                        	at sun.reflect.NativeConstructorAccessorImpl.newInstance0(Native Method)
                        	at sun.reflect.NativeConstructorAccessorImpl.newInstance(NativeConstructorAccessorImpl.java:57)
                        	at sun.reflect.DelegatingConstructorAccessorImpl.newInstance(DelegatingConstructorAccessorImpl.java:45)
                        	at java.lang.reflect.Constructor.newInstance(Constructor.java:526)
                        	at org.openqa.selenium.remote.ErrorHandler.createThrowable(ErrorHandler.java:206)
                        	at org.openqa.selenium.remote.ErrorHandler.throwIfResponseFailed(ErrorHandler.java:158)
                        	at org.openqa.selenium.remote.RemoteWebDriver.execute(RemoteWebDriver.java:678)
                        	at org.openqa.selenium.remote.RemoteWebDriver.execute(RemoteWebDriver.java:701)
                        	at org.openqa.selenium.remote.RemoteWebDriver.getWindowHandle(RemoteWebDriver.java:555)
                        	at rightsIN_MultiClient.MultiClient_RI_General.TC1_GeneralUIStandaloneAgr(MultiClient_RI_General.java:57)
                        	at sun.reflect.NativeMethodAccessorImpl.invoke0(Native Method)
                        	at sun.reflect.NativeMethodAccessorImpl.invoke(NativeMethodAccessorImpl.java:57)
                        	at sun.reflect.DelegatingMethodAccessorImpl.invoke(DelegatingMethodAccessorImpl.java:43)
                        	at java.lang.reflect.Method.invoke(Method.java:606)
                        	at org.testng.internal.MethodInvocationHelper.invokeMethod(MethodInvocationHelper.java:85)
                        	at org.testng.internal.Invoker.invokeMethod(Invoker.java:639)
                        	at org.testng.internal.Invoker.invokeTestMethod(Invoker.java:816)
                        	at org.testng.internal.Invoker.invokeTestMethods(Invoker.java:1124)
                        	at org.testng.internal.TestMethodWorker.invokeTestMethods(TestMethodWorker.java:125)
                        	at org.testng.internal.TestMethodWorker.run(TestMethodWorker.java:108)
                        	at org.testng.TestRunner.privateRun(TestRunner.java:774)
                        	at org.testng.TestRunner.run(TestRunner.java:624)
                        	at org.testng.SuiteRunner.runTest(SuiteRunner.java:359)
                        	at org.testng.SuiteRunner.runSequentially(SuiteRunner.java:354)
                        	at org.testng.SuiteRunner.privateRun(SuiteRunner.java:312)
                        	at org.testng.SuiteRunner.run(SuiteRunner.java:261)
                        	at org.testng.SuiteRunnerWorker.runSuite(SuiteRunnerWorker.java:52)
                        	at org.testng.SuiteRunnerWorker.run(SuiteRunnerWorker.java:86)
                        	at org.testng.TestNG.runSuitesSequentially(TestNG.java:1215)
                        	at org.testng.TestNG.runSuitesLocally(TestNG.java:1140)
                        	at org.testng.TestNG.run(TestNG.java:1048)
                        	at org.testng.TestNG.privateMain(TestNG.java:1355)
                        	at org.testng.TestNG.main(TestNG.java:1324)
                     </pre>
                  </div>
               </td>
            </tr>
            <tr id="rightsIN_MultiClient.MultiClient_RI_General_takeScreenShotOnFailure_byStatus_failed_FAIL2_row"
                class="testMethodStatusFAIL testMethodStatusCONF">
               <td width="100%" class="firstMethodCell">
                  <a onclick="toggleDetailsVisibility('rightsIN_MultiClient.MultiClient_RI_General_takeScreenShotOnFailure_byStatus_failed_FAIL2_details')">takeScreenShotOnFailure([TestResult name=TC1_GeneralUIStandaloneAgr status=FAILURE method=MultiClient_RI_General.TC1_GeneralUIStandaloneAgr()[pri:1,
                     instance:rightsIN_MultiClient.MultiClient_RI_General@3ee4e848] output={null}])
                  </a>
               </td>
               <td nowrap="true">14:00:03</td>
               <td nowrap="true" align="right">0 ms
                  
               </td>
               <td nowrap="true">
                  <a onclick="toggleDetailsVisibility('rightsIN_MultiClient.MultiClient_RI_General_takeScreenShotOnFailure_byStatus_failed_FAIL2_exception')">org.openqa.selenium.NoSuchWindowException: 
                     Unable to get browser (WARNING: The server did not provide any stacktrace information)
                     Command duration or timeout: 14 milliseconds
                     Build info: version: '2.53.1', revision: 'a36b8b1', time: '2016-06-30 17:37:03'
                     System info: host: 'CP4G6BS', ip: '10.10.22.141', os.name: 'Windows 7', os.arch: 'amd64', os.version: '6.1', java.version:
                     '1.7.0_75'
                     Session ID: 2c397dce-5a60-4f81-a382-23fd1c482a94
                     Driver info: org.openqa.selenium.ie.InternetExplorerDriver
                     Capabilities [{platform=WINDOWS, javascriptEnabled=true, elementScrollBehavior=0, ignoreZoomSetting=false, enablePersistentHover=true,
                     ie.ensureCleanSession=false, browserName=internet explorer, enableElementCacheCleanup=true, unexpectedAlertBehaviour=dismiss,
                     version=11, pageLoadStrategy=normal, ie.usePerProcessProxy=false, cssSelectorsEnabled=true, ignoreProtectedModeSettings=false,
                     requireWindowFocus=false, initialBrowserUrl=http://localhost:38657/, handlesAlerts=true, ie.forceCreateProcessApi=false, nativeEvents=true,
                     browserAttachTimeout=0, ie.browserCommandLineSwitches=, takesScreenshot=true}]
                     
                  </a>
                   
                  
               </td>
            </tr>
            <tr>
               <td colspan="4" class="detailsBox">
                  <div id="rightsIN_MultiClient.MultiClient_RI_General_takeScreenShotOnFailure_byStatus_failed_FAIL2_details"
                       class="testMethodDetails">
                     <div>
                        <b>Name: </b>takeScreenShotOnFailure
                     </div>
                     <div>
                        <b>Signature: </b>takeScreenShotOnFailure(org.testng.ITestResult)[pri:0, instance:rightsIN_MultiClient.MultiClient_RI_General@3ee4e848]
                     </div>
                     <div>
                        <b>Parameters: </b>
                        
                        [TestResult name=TC1_GeneralUIStandaloneAgr status=FAILURE method=MultiClient_RI_General.TC1_GeneralUIStandaloneAgr()[pri:1,
                        instance:rightsIN_MultiClient.MultiClient_RI_General@3ee4e848] output={null}]
                        
                        
                     </div>
                     <div>
                        <b>Start time: </b>14:00:03
                     </div>
                     <div>
                        <b>End time: </b>14:00:03
                     </div>
                     <div>
                        <b>Duration: </b>0 ms
                        
                     </div>
                     <div>
                        <b>Steps: 
                           
                           
                           
                           [TestResult name=TC1_GeneralUIStandaloneAgr status=FAILURE method=MultiClient_RI_General.TC1_GeneralUIStandaloneAgr()[pri:1,
                           instance:rightsIN_MultiClient.MultiClient_RI_General@3ee4e848] output={null}]
                           
                           
                           
                           
                           
                           Unable to get browser (WARNING: The server did not provide any stacktrace information)
                           Command duration or timeout: 14 milliseconds
                           Build info: version: '2.53.1', revision: 'a36b8b1', time: '2016-06-30 17:37:03'
                           System info: host: 'CP4G6BS', ip: '10.10.22.141', os.name: 'Windows 7', os.arch: 'amd64', os.version: '6.1', java.version:
                           '1.7.0_75'
                           Session ID: 2c397dce-5a60-4f81-a382-23fd1c482a94
                           Driver info: org.openqa.selenium.ie.InternetExplorerDriver
                           Capabilities [{platform=WINDOWS, javascriptEnabled=true, elementScrollBehavior=0, ignoreZoomSetting=false, enablePersistentHover=true,
                           ie.ensureCleanSession=false, browserName=internet explorer, enableElementCacheCleanup=true, unexpectedAlertBehaviour=dismiss,
                           version=11, pageLoadStrategy=normal, ie.usePerProcessProxy=false, cssSelectorsEnabled=true, ignoreProtectedModeSettings=false,
                           requireWindowFocus=false, initialBrowserUrl=http://localhost:38657/, handlesAlerts=true, ie.forceCreateProcessApi=false, nativeEvents=true,
                           browserAttachTimeout=0, ie.browserCommandLineSwitches=, takesScreenshot=true}]
                           
                           
                           org.openqa.selenium.NoSuchWindowException: Unable to get browser (WARNING: The server did not provide any stacktrace information)
                           Command duration or timeout: 14 milliseconds
                           Build info: version: '2.53.1', revision: 'a36b8b1', time: '2016-06-30 17:37:03'
                           System info: host: 'CP4G6BS', ip: '10.10.22.141', os.name: 'Windows 7', os.arch: 'amd64', os.version: '6.1', java.version:
                           '1.7.0_75'
                           Session ID: 2c397dce-5a60-4f81-a382-23fd1c482a94
                           Driver info: org.openqa.selenium.ie.InternetExplorerDriver
                           Capabilities [{platform=WINDOWS, javascriptEnabled=true, elementScrollBehavior=0, ignoreZoomSetting=false, enablePersistentHover=true,
                           ie.ensureCleanSession=false, browserName=internet explorer, enableElementCacheCleanup=true, unexpectedAlertBehaviour=dismiss,
                           version=11, pageLoadStrategy=normal, ie.usePerProcessProxy=false, cssSelectorsEnabled=true, ignoreProtectedModeSettings=false,
                           requireWindowFocus=false, initialBrowserUrl=http://localhost:38657/, handlesAlerts=true, ie.forceCreateProcessApi=false, nativeEvents=true,
                           browserAttachTimeout=0, ie.browserCommandLineSwitches=, takesScreenshot=true}]
                           	at sun.reflect.NativeConstructorAccessorImpl.newInstance0(Native Method)
                           	at sun.reflect.NativeConstructorAccessorImpl.newInstance(NativeConstructorAccessorImpl.java:57)
                           	at sun.reflect.DelegatingConstructorAccessorImpl.newInstance(DelegatingConstructorAccessorImpl.java:45)
                           	at java.lang.reflect.Constructor.newInstance(Constructor.java:526)
                           	at org.openqa.selenium.remote.ErrorHandler.createThrowable(ErrorHandler.java:206)
                           	at org.openqa.selenium.remote.ErrorHandler.throwIfResponseFailed(ErrorHandler.java:158)
                           	at org.openqa.selenium.remote.RemoteWebDriver.execute(RemoteWebDriver.java:678)
                           	at org.openqa.selenium.remote.RemoteWebDriver.execute(RemoteWebDriver.java:701)
                           	at org.openqa.selenium.ie.InternetExplorerDriver.getScreenshotAs(InternetExplorerDriver.java:194)
                           	at rightsIN_MultiClient.MultiClient_RI_General.takeScreenShotOnFailure(MultiClient_RI_General.java:2153)
                           	at sun.reflect.NativeMethodAccessorImpl.invoke0(Native Method)
                           	at sun.reflect.NativeMethodAccessorImpl.invoke(NativeMethodAccessorImpl.java:57)
                           	at sun.reflect.DelegatingMethodAccessorImpl.invoke(DelegatingMethodAccessorImpl.java:43)
                           	at java.lang.reflect.Method.invoke(Method.java:606)
                           	at org.testng.internal.MethodInvocationHelper.invokeMethod(MethodInvocationHelper.java:85)
                           	at org.testng.internal.Invoker.invokeConfigurationMethod(Invoker.java:510)
                           	at org.testng.internal.Invoker.invokeConfigurations(Invoker.java:211)
                           	at org.testng.internal.Invoker.invokeMethod(Invoker.java:703)
                           	at org.testng.internal.Invoker.invokeTestMethod(Invoker.java:816)
                           	at org.testng.internal.Invoker.invokeTestMethods(Invoker.java:1124)
                           	at org.testng.internal.TestMethodWorker.invokeTestMethods(TestMethodWorker.java:125)
                           	at org.testng.internal.TestMethodWorker.run(TestMethodWorker.java:108)
                           	at org.testng.TestRunner.privateRun(TestRunner.java:774)
                           	at org.testng.TestRunner.run(TestRunner.java:624)
                           	at org.testng.SuiteRunner.runTest(SuiteRunner.java:359)
                           	at org.testng.SuiteRunner.runSequentially(SuiteRunner.java:354)
                           	at org.testng.SuiteRunner.privateRun(SuiteRunner.java:312)
                           	at org.testng.SuiteRunner.run(SuiteRunner.java:261)
                           	at org.testng.SuiteRunnerWorker.runSuite(SuiteRunnerWorker.java:52)
                           	at org.testng.SuiteRunnerWorker.run(SuiteRunnerWorker.java:86)
                           	at org.testng.TestNG.runSuitesSequentially(TestNG.java:1215)
                           	at org.testng.TestNG.runSuitesLocally(TestNG.java:1140)
                           	at org.testng.TestNG.run(TestNG.java:1048)
                           	at org.testng.TestNG.privateMain(TestNG.java:1355)
                           	at org.testng.TestNG.main(TestNG.java:1324)
                           
                           
                           
                           
                           
                           
                        </b>FAIL
                     </div>
                  </div>
               </td>
            </tr>
            <tr>
               <td colspan="4" class="detailsBox">
                  <div id="rightsIN_MultiClient.MultiClient_RI_General_takeScreenShotOnFailure_byStatus_failed_FAIL2_exception"
                       class="testMethodDetails">
                     <pre style="padding: 5px; margin: 0;">org.openqa.selenium.NoSuchWindowException: Unable to get browser (WARNING: The server did not provide any stacktrace information)
                        Command duration or timeout: 14 milliseconds
                        Build info: version: '2.53.1', revision: 'a36b8b1', time: '2016-06-30 17:37:03'
                        System info: host: 'CP4G6BS', ip: '10.10.22.141', os.name: 'Windows 7', os.arch: 'amd64', os.version: '6.1', java.version:
                        '1.7.0_75'
                        Session ID: 2c397dce-5a60-4f81-a382-23fd1c482a94
                        Driver info: org.openqa.selenium.ie.InternetExplorerDriver
                        Capabilities [{platform=WINDOWS, javascriptEnabled=true, elementScrollBehavior=0, ignoreZoomSetting=false, enablePersistentHover=true,
                        ie.ensureCleanSession=false, browserName=internet explorer, enableElementCacheCleanup=true, unexpectedAlertBehaviour=dismiss,
                        version=11, pageLoadStrategy=normal, ie.usePerProcessProxy=false, cssSelectorsEnabled=true, ignoreProtectedModeSettings=false,
                        requireWindowFocus=false, initialBrowserUrl=http://localhost:38657/, handlesAlerts=true, ie.forceCreateProcessApi=false, nativeEvents=true,
                        browserAttachTimeout=0, ie.browserCommandLineSwitches=, takesScreenshot=true}]
                        	at sun.reflect.NativeConstructorAccessorImpl.newInstance0(Native Method)
                        	at sun.reflect.NativeConstructorAccessorImpl.newInstance(NativeConstructorAccessorImpl.java:57)
                        	at sun.reflect.DelegatingConstructorAccessorImpl.newInstance(DelegatingConstructorAccessorImpl.java:45)
                        	at java.lang.reflect.Constructor.newInstance(Constructor.java:526)
                        	at org.openqa.selenium.remote.ErrorHandler.createThrowable(ErrorHandler.java:206)
                        	at org.openqa.selenium.remote.ErrorHandler.throwIfResponseFailed(ErrorHandler.java:158)
                        	at org.openqa.selenium.remote.RemoteWebDriver.execute(RemoteWebDriver.java:678)
                        	at org.openqa.selenium.remote.RemoteWebDriver.execute(RemoteWebDriver.java:701)
                        	at org.openqa.selenium.ie.InternetExplorerDriver.getScreenshotAs(InternetExplorerDriver.java:194)
                        	at rightsIN_MultiClient.MultiClient_RI_General.takeScreenShotOnFailure(MultiClient_RI_General.java:2153)
                        	at sun.reflect.NativeMethodAccessorImpl.invoke0(Native Method)
                        	at sun.reflect.NativeMethodAccessorImpl.invoke(NativeMethodAccessorImpl.java:57)
                        	at sun.reflect.DelegatingMethodAccessorImpl.invoke(DelegatingMethodAccessorImpl.java:43)
                        	at java.lang.reflect.Method.invoke(Method.java:606)
                        	at org.testng.internal.MethodInvocationHelper.invokeMethod(MethodInvocationHelper.java:85)
                        	at org.testng.internal.Invoker.invokeConfigurationMethod(Invoker.java:510)
                        	at org.testng.internal.Invoker.invokeConfigurations(Invoker.java:211)
                        	at org.testng.internal.Invoker.invokeMethod(Invoker.java:703)
                        	at org.testng.internal.Invoker.invokeTestMethod(Invoker.java:816)
                        	at org.testng.internal.Invoker.invokeTestMethods(Invoker.java:1124)
                        	at org.testng.internal.TestMethodWorker.invokeTestMethods(TestMethodWorker.java:125)
                        	at org.testng.internal.TestMethodWorker.run(TestMethodWorker.java:108)
                        	at org.testng.TestRunner.privateRun(TestRunner.java:774)
                        	at org.testng.TestRunner.run(TestRunner.java:624)
                        	at org.testng.SuiteRunner.runTest(SuiteRunner.java:359)
                        	at org.testng.SuiteRunner.runSequentially(SuiteRunner.java:354)
                        	at org.testng.SuiteRunner.privateRun(SuiteRunner.java:312)
                        	at org.testng.SuiteRunner.run(SuiteRunner.java:261)
                        	at org.testng.SuiteRunnerWorker.runSuite(SuiteRunnerWorker.java:52)
                        	at org.testng.SuiteRunnerWorker.run(SuiteRunnerWorker.java:86)
                        	at org.testng.TestNG.runSuitesSequentially(TestNG.java:1215)
                        	at org.testng.TestNG.runSuitesLocally(TestNG.java:1140)
                        	at org.testng.TestNG.run(TestNG.java:1048)
                        	at org.testng.TestNG.privateMain(TestNG.java:1355)
                        	at org.testng.TestNG.main(TestNG.java:1324)
                     </pre>
                  </div>
               </td>
            </tr>
            <tr id="rightsIN_MultiClient.MultiClient_RI_General_LaunchBrowser_byStatus_passed_PASS1_row"
                class="testMethodStatusPASS testMethodStatusCONF">
               <td width="100%" class="firstMethodCell">
                  <a onclick="toggleDetailsVisibility('rightsIN_MultiClient.MultiClient_RI_General_LaunchBrowser_byStatus_passed_PASS1_details')">LaunchBrowser(ie)</a>
               </td>
               <td nowrap="true">13:59:31</td>
               <td nowrap="true" align="right">31s
                  
               </td>
               <td nowrap="true">
                   
                  
               </td>
            </tr>
            <tr>
               <td colspan="4" class="detailsBox">
                  <div id="rightsIN_MultiClient.MultiClient_RI_General_LaunchBrowser_byStatus_passed_PASS1_details"
                       class="testMethodDetails">
                     <div>
                        <b>Name: </b>LaunchBrowser
                     </div>
                     <div>
                        <b>Signature: </b>LaunchBrowser(java.lang.String)[pri:0, instance:rightsIN_MultiClient.MultiClient_RI_General@3ee4e848]
                     </div>
                     <div>
                        <b>Parameters: </b>
                        
                        ie
                        
                        
                     </div>
                     <div>
                        <b>Start time: </b>13:59:31
                     </div>
                     <div>
                        <b>End time: </b>14:00:03
                     </div>
                     <div>
                        <b>Duration: </b>31s
                        
                     </div>
                     <div>
                        <b>Steps: 
                           
                           
                           
                           ie
                           
                           
                           
                           
                           
                           
                        </b>PASS
                     </div>
                  </div>
               </td>
            </tr>
            <tr></tr>
            <tr id="rightsIN_MultiClient.MultiClient_RI_General_TC2_GeneralUIAgrCopy_byStatus_skiped_SKIP1_row"
                class="testMethodStatusSKIP">
               <td width="100%" class="firstMethodCell">
                  <a onclick="toggleDetailsVisibility('rightsIN_MultiClient.MultiClient_RI_General_TC2_GeneralUIAgrCopy_byStatus_skiped_SKIP1_details')">TC2_GeneralUIAgrCopy()</a>
               </td>
               <td nowrap="true">14:00:03</td>
               <td nowrap="true" align="right">0 ms
                  
               </td>
               <td nowrap="true">
                   
                  
               </td>
            </tr>
            <tr>
               <td colspan="4" class="detailsBox">
                  <div id="rightsIN_MultiClient.MultiClient_RI_General_TC2_GeneralUIAgrCopy_byStatus_skiped_SKIP1_details"
                       class="testMethodDetails">
                     <div>
                        <b>Name: </b>TC2_GeneralUIAgrCopy
                     </div>
                     <div>
                        <b>Description: </b>Validate Copy Current Agreement
                     </div>
                     <div>
                        <b>Signature: </b>TC2_GeneralUIAgrCopy()[pri:2, instance:rightsIN_MultiClient.MultiClient_RI_General@3ee4e848]
                     </div>
                     <div>
                        <b>Start time: </b>14:00:03
                     </div>
                     <div>
                        <b>End time: </b>14:00:03
                     </div>
                     <div>
                        <b>Duration: </b>0 ms
                        
                     </div>
                     <div>
                        <b>Steps: 
                           
                           
                           
                        </b>SKIP
                     </div>
                  </div>
               </td>
            </tr>
            <tr></tr>
            <tr id="rightsIN_MultiClient.MultiClient_RI_General_takeScreenShotOnFailure_byStatus_skiped_SKIP2_row"
                class="testMethodStatusSKIP testMethodStatusCONF">
               <td width="100%" class="firstMethodCell">
                  <a onclick="toggleDetailsVisibility('rightsIN_MultiClient.MultiClient_RI_General_takeScreenShotOnFailure_byStatus_skiped_SKIP2_details')">takeScreenShotOnFailure()</a>
               </td>
               <td nowrap="true">14:00:03</td>
               <td nowrap="true" align="right">0 ms
                  
               </td>
               <td nowrap="true">
                   
                  
               </td>
            </tr>
            <tr>
               <td colspan="4" class="detailsBox">
                  <div id="rightsIN_MultiClient.MultiClient_RI_General_takeScreenShotOnFailure_byStatus_skiped_SKIP2_details"
                       class="testMethodDetails">
                     <div>
                        <b>Name: </b>takeScreenShotOnFailure
                     </div>
                     <div>
                        <b>Signature: </b>takeScreenShotOnFailure(org.testng.ITestResult)[pri:0, instance:rightsIN_MultiClient.MultiClient_RI_General@3ee4e848]
                     </div>
                     <div>
                        <b>Start time: </b>14:00:03
                     </div>
                     <div>
                        <b>End time: </b>14:00:03
                     </div>
                     <div>
                        <b>Duration: </b>0 ms
                        
                     </div>
                     <div>
                        <b>Steps: 
                           
                           
                           
                        </b>SKIP
                     </div>
                  </div>
               </td>
            </tr>
            <tr></tr>
            <tr id="rightsIN_MultiClient.MultiClient_RI_General_TC3_GeneralUIUpdate_byStatus_skiped_SKIP3_row"
                class="testMethodStatusSKIP">
               <td width="100%" class="firstMethodCell">
                  <a onclick="toggleDetailsVisibility('rightsIN_MultiClient.MultiClient_RI_General_TC3_GeneralUIUpdate_byStatus_skiped_SKIP3_details')">TC3_GeneralUIUpdate()</a>
               </td>
               <td nowrap="true">14:00:03</td>
               <td nowrap="true" align="right">0 ms
                  
               </td>
               <td nowrap="true">
                   
                  
               </td>
            </tr>
            <tr>
               <td colspan="4" class="detailsBox">
                  <div id="rightsIN_MultiClient.MultiClient_RI_General_TC3_GeneralUIUpdate_byStatus_skiped_SKIP3_details"
                       class="testMethodDetails">
                     <div>
                        <b>Name: </b>TC3_GeneralUIUpdate
                     </div>
                     <div>
                        <b>Description: </b>Update Agreement
                     </div>
                     <div>
                        <b>Signature: </b>TC3_GeneralUIUpdate()[pri:3, instance:rightsIN_MultiClient.MultiClient_RI_General@3ee4e848]
                     </div>
                     <div>
                        <b>Start time: </b>14:00:03
                     </div>
                     <div>
                        <b>End time: </b>14:00:03
                     </div>
                     <div>
                        <b>Duration: </b>0 ms
                        
                     </div>
                     <div>
                        <b>Steps: 
                           
                           
                           
                        </b>SKIP
                     </div>
                  </div>
               </td>
            </tr>
            <tr></tr>
            <tr id="rightsIN_MultiClient.MultiClient_RI_General_takeScreenShotOnFailure_byStatus_skiped_SKIP4_row"
                class="testMethodStatusSKIP testMethodStatusCONF">
               <td width="100%" class="firstMethodCell">
                  <a onclick="toggleDetailsVisibility('rightsIN_MultiClient.MultiClient_RI_General_takeScreenShotOnFailure_byStatus_skiped_SKIP4_details')">takeScreenShotOnFailure()</a>
               </td>
               <td nowrap="true">14:00:03</td>
               <td nowrap="true" align="right">0 ms
                  
               </td>
               <td nowrap="true">
                   
                  
               </td>
            </tr>
            <tr>
               <td colspan="4" class="detailsBox">
                  <div id="rightsIN_MultiClient.MultiClient_RI_General_takeScreenShotOnFailure_byStatus_skiped_SKIP4_details"
                       class="testMethodDetails">
                     <div>
                        <b>Name: </b>takeScreenShotOnFailure
                     </div>
                     <div>
                        <b>Signature: </b>takeScreenShotOnFailure(org.testng.ITestResult)[pri:0, instance:rightsIN_MultiClient.MultiClient_RI_General@3ee4e848]
                     </div>
                     <div>
                        <b>Start time: </b>14:00:03
                     </div>
                     <div>
                        <b>End time: </b>14:00:03
                     </div>
                     <div>
                        <b>Duration: </b>0 ms
                        
                     </div>
                     <div>
                        <b>Steps: 
                           
                           
                           
                        </b>SKIP
                     </div>
                  </div>
               </td>
            </tr>
            <tr></tr>
            <tr id="rightsIN_MultiClient.MultiClient_RI_General_takeScreenShotOnFailure_byStatus_skiped_SKIP5_row"
                class="testMethodStatusSKIP testMethodStatusCONF">
               <td width="100%" class="firstMethodCell">
                  <a onclick="toggleDetailsVisibility('rightsIN_MultiClient.MultiClient_RI_General_takeScreenShotOnFailure_byStatus_skiped_SKIP5_details')">takeScreenShotOnFailure()</a>
               </td>
               <td nowrap="true">14:00:03</td>
               <td nowrap="true" align="right">0 ms
                  
               </td>
               <td nowrap="true">
                   
                  
               </td>
            </tr>
            <tr>
               <td colspan="4" class="detailsBox">
                  <div id="rightsIN_MultiClient.MultiClient_RI_General_takeScreenShotOnFailure_byStatus_skiped_SKIP5_details"
                       class="testMethodDetails">
                     <div>
                        <b>Name: </b>takeScreenShotOnFailure
                     </div>
                     <div>
                        <b>Signature: </b>takeScreenShotOnFailure(org.testng.ITestResult)[pri:0, instance:rightsIN_MultiClient.MultiClient_RI_General@3ee4e848]
                     </div>
                     <div>
                        <b>Start time: </b>14:00:03
                     </div>
                     <div>
                        <b>End time: </b>14:00:03
                     </div>
                     <div>
                        <b>Duration: </b>0 ms
                        
                     </div>
                     <div>
                        <b>Steps: 
                           
                           
                           
                        </b>SKIP
                     </div>
                  </div>
               </td>
            </tr>
            <tr></tr>
            <tr id="rightsIN_MultiClient.MultiClient_RI_General_TC4_CreateDiffDeals_byStatus_skiped_SKIP6_row"
                class="testMethodStatusSKIP">
               <td width="100%" class="firstMethodCell">
                  <a onclick="toggleDetailsVisibility('rightsIN_MultiClient.MultiClient_RI_General_TC4_CreateDiffDeals_byStatus_skiped_SKIP6_details')">TC4_CreateDiffDeals()</a>
               </td>
               <td nowrap="true">14:00:03</td>
               <td nowrap="true" align="right">0 ms
                  
               </td>
               <td nowrap="true">
                   
                  
               </td>
            </tr>
            <tr>
               <td colspan="4" class="detailsBox">
                  <div id="rightsIN_MultiClient.MultiClient_RI_General_TC4_CreateDiffDeals_byStatus_skiped_SKIP6_details"
                       class="testMethodDetails">
                     <div>
                        <b>Name: </b>TC4_CreateDiffDeals
                     </div>
                     <div>
                        <b>Description: </b>Create Different types of Deals
                     </div>
                     <div>
                        <b>Signature: </b>TC4_CreateDiffDeals()[pri:4, instance:rightsIN_MultiClient.MultiClient_RI_General@3ee4e848]
                     </div>
                     <div>
                        <b>Start time: </b>14:00:03
                     </div>
                     <div>
                        <b>End time: </b>14:00:03
                     </div>
                     <div>
                        <b>Duration: </b>0 ms
                        
                     </div>
                     <div>
                        <b>Steps: 
                           
                           
                           
                        </b>SKIP
                     </div>
                  </div>
               </td>
            </tr>
            <tr></tr>
            <tr id="rightsIN_MultiClient.MultiClient_RI_General_takeScreenShotOnFailure_byStatus_skiped_SKIP7_row"
                class="testMethodStatusSKIP testMethodStatusCONF">
               <td width="100%" class="firstMethodCell">
                  <a onclick="toggleDetailsVisibility('rightsIN_MultiClient.MultiClient_RI_General_takeScreenShotOnFailure_byStatus_skiped_SKIP7_details')">takeScreenShotOnFailure()</a>
               </td>
               <td nowrap="true">14:00:03</td>
               <td nowrap="true" align="right">0 ms
                  
               </td>
               <td nowrap="true">
                   
                  
               </td>
            </tr>
            <tr>
               <td colspan="4" class="detailsBox">
                  <div id="rightsIN_MultiClient.MultiClient_RI_General_takeScreenShotOnFailure_byStatus_skiped_SKIP7_details"
                       class="testMethodDetails">
                     <div>
                        <b>Name: </b>takeScreenShotOnFailure
                     </div>
                     <div>
                        <b>Signature: </b>takeScreenShotOnFailure(org.testng.ITestResult)[pri:0, instance:rightsIN_MultiClient.MultiClient_RI_General@3ee4e848]
                     </div>
                     <div>
                        <b>Start time: </b>14:00:03
                     </div>
                     <div>
                        <b>End time: </b>14:00:03
                     </div>
                     <div>
                        <b>Duration: </b>0 ms
                        
                     </div>
                     <div>
                        <b>Steps: 
                           
                           
                           
                        </b>SKIP
                     </div>
                  </div>
               </td>
            </tr>
            <tr></tr>
            <tr id="rightsIN_MultiClient.MultiClient_RI_General_TC5_EditPartyGeneral_byStatus_skiped_SKIP8_row"
                class="testMethodStatusSKIP">
               <td width="100%" class="firstMethodCell">
                  <a onclick="toggleDetailsVisibility('rightsIN_MultiClient.MultiClient_RI_General_TC5_EditPartyGeneral_byStatus_skiped_SKIP8_details')">TC5_EditPartyGeneral()</a>
               </td>
               <td nowrap="true">14:00:03</td>
               <td nowrap="true" align="right">0 ms
                  
               </td>
               <td nowrap="true">
                   
                  
               </td>
            </tr>
            <tr>
               <td colspan="4" class="detailsBox">
                  <div id="rightsIN_MultiClient.MultiClient_RI_General_TC5_EditPartyGeneral_byStatus_skiped_SKIP8_details"
                       class="testMethodDetails">
                     <div>
                        <b>Name: </b>TC5_EditPartyGeneral
                     </div>
                     <div>
                        <b>Description: </b>Edit Party from General Tab
                     </div>
                     <div>
                        <b>Signature: </b>TC5_EditPartyGeneral()[pri:5, instance:rightsIN_MultiClient.MultiClient_RI_General@3ee4e848]
                     </div>
                     <div>
                        <b>Start time: </b>14:00:03
                     </div>
                     <div>
                        <b>End time: </b>14:00:03
                     </div>
                     <div>
                        <b>Duration: </b>0 ms
                        
                     </div>
                     <div>
                        <b>Steps: 
                           
                           
                           
                        </b>SKIP
                     </div>
                  </div>
               </td>
            </tr>
            <tr></tr>
            <tr id="rightsIN_MultiClient.MultiClient_RI_General_Driverclose_byStatus_skiped_SKIP9_row"
                class="testMethodStatusSKIP testMethodStatusCONF">
               <td width="100%" class="firstMethodCell">
                  <a onclick="toggleDetailsVisibility('rightsIN_MultiClient.MultiClient_RI_General_Driverclose_byStatus_skiped_SKIP9_details')">Driverclose()</a>
               </td>
               <td nowrap="true">14:00:03</td>
               <td nowrap="true" align="right">0 ms
                  
               </td>
               <td nowrap="true">
                   
                  
               </td>
            </tr>
            <tr>
               <td colspan="4" class="detailsBox">
                  <div id="rightsIN_MultiClient.MultiClient_RI_General_Driverclose_byStatus_skiped_SKIP9_details"
                       class="testMethodDetails">
                     <div>
                        <b>Name: </b>Driverclose
                     </div>
                     <div>
                        <b>Signature: </b>Driverclose()[pri:0, instance:rightsIN_MultiClient.MultiClient_RI_General@3ee4e848]
                     </div>
                     <div>
                        <b>Start time: </b>14:00:03
                     </div>
                     <div>
                        <b>End time: </b>14:00:03
                     </div>
                     <div>
                        <b>Duration: </b>0 ms
                        
                     </div>
                     <div>
                        <b>Steps: 
                           
                           
                           
                        </b>SKIP
                     </div>
                  </div>
               </td>
            </tr>
            <tr></tr>
         </table>
      </div>
      <div id="testMethodsByClass" style="display: none;">
         <table class="testMethodsTable" cellpadding="0" cellspacing="0">
            <tr>
               <td colspan="4">
                  <h3 style="display: inline;">rightsIN_MultiClient.MultiClient_RI_General</h3>
               </td>
            </tr>
            <tr class="methodsTableHeader">
               <td width="100%">Name</td>
               <td nowrap="true">Started</td>
               <td nowrap="true">Duration</td>
               <td>Exception</td>
            </tr>
            <tr id="rightsIN_MultiClient.MultiClient_RI_General_LaunchBrowser_byClass_PASS1_row"
                class="testMethodStatusPASS testMethodStatusCONF">
               <td width="100%" class="firstMethodCell">
                  <a onclick="toggleDetailsVisibility('rightsIN_MultiClient.MultiClient_RI_General_LaunchBrowser_byClass_PASS1_details')">LaunchBrowser(ie)</a>
               </td>
               <td nowrap="true">13:59:31</td>
               <td nowrap="true" align="right">31s
                  
               </td>
               <td nowrap="true">
                   
                  
               </td>
            </tr>
            <tr>
               <td colspan="4" class="detailsBox">
                  <div id="rightsIN_MultiClient.MultiClient_RI_General_LaunchBrowser_byClass_PASS1_details"
                       class="testMethodDetails">
                     <div>
                        <b>Name: </b>LaunchBrowser
                     </div>
                     <div>
                        <b>Signature: </b>LaunchBrowser(java.lang.String)[pri:0, instance:rightsIN_MultiClient.MultiClient_RI_General@3ee4e848]
                     </div>
                     <div>
                        <b>Parameters: </b>
                        
                        ie
                        
                        
                     </div>
                     <div>
                        <b>Start time: </b>13:59:31
                     </div>
                     <div>
                        <b>End time: </b>14:00:03
                     </div>
                     <div>
                        <b>Duration: </b>31s
                        
                     </div>
                     <div>
                        <b>Steps: 
                           
                           
                           
                           ie
                           
                           
                           
                           
                           
                           
                        </b>PASS
                     </div>
                  </div>
               </td>
            </tr>
            <tr></tr>
            <tr id="rightsIN_MultiClient.MultiClient_RI_General_TC1_GeneralUIStandaloneAgr_byClass_FAIL2_row"
                class="testMethodStatusFAIL">
               <td width="100%" class="firstMethodCell">
                  <a onclick="toggleDetailsVisibility('rightsIN_MultiClient.MultiClient_RI_General_TC1_GeneralUIStandaloneAgr_byClass_FAIL2_details')">TC1_GeneralUIStandaloneAgr()</a>
               </td>
               <td nowrap="true">14:00:03</td>
               <td nowrap="true" align="right">19 ms
                  
               </td>
               <td nowrap="true">
                  <a onclick="toggleDetailsVisibility('rightsIN_MultiClient.MultiClient_RI_General_TC1_GeneralUIStandaloneAgr_byClass_FAIL2_exception')">org.openqa.selenium.NoSuchWindowException: 
                     Window is closed (WARNING: The server did not provide any stacktrace information)
                     Command duration or timeout: 15 milliseconds
                     Build info: version: '2.53.1', revision: 'a36b8b1', time: '2016-06-30 17:37:03'
                     System info: host: 'CP4G6BS', ip: '10.10.22.141', os.name: 'Windows 7', os.arch: 'amd64', os.version: '6.1', java.version:
                     '1.7.0_75'
                     Session ID: 2c397dce-5a60-4f81-a382-23fd1c482a94
                     Driver info: org.openqa.selenium.ie.InternetExplorerDriver
                     Capabilities [{platform=WINDOWS, javascriptEnabled=true, elementScrollBehavior=0, ignoreZoomSetting=false, enablePersistentHover=true,
                     ie.ensureCleanSession=false, browserName=internet explorer, enableElementCacheCleanup=true, unexpectedAlertBehaviour=dismiss,
                     version=11, pageLoadStrategy=normal, ie.usePerProcessProxy=false, cssSelectorsEnabled=true, ignoreProtectedModeSettings=false,
                     requireWindowFocus=false, initialBrowserUrl=http://localhost:38657/, handlesAlerts=true, ie.forceCreateProcessApi=false, nativeEvents=true,
                     browserAttachTimeout=0, ie.browserCommandLineSwitches=, takesScreenshot=true}]
                     
                  </a>
                   
                  
               </td>
            </tr>
            <tr>
               <td colspan="4" class="detailsBox">
                  <div id="rightsIN_MultiClient.MultiClient_RI_General_TC1_GeneralUIStandaloneAgr_byClass_FAIL2_details"
                       class="testMethodDetails">
                     <div>
                        <b>Name: </b>TC1_GeneralUIStandaloneAgr
                     </div>
                     <div>
                        <b>Description: </b>TC for General Tab of a deal -Standalone Agreement.
                     </div>
                     <div>
                        <b>Signature: </b>TC1_GeneralUIStandaloneAgr()[pri:1, instance:rightsIN_MultiClient.MultiClient_RI_General@3ee4e848]
                     </div>
                     <div>
                        <b>Start time: </b>14:00:03
                     </div>
                     <div>
                        <b>End time: </b>14:00:03
                     </div>
                     <div>
                        <b>Duration: </b>19 ms
                        
                     </div>
                     <div>
                        <b>Steps: 
                           
                           
                           Window is closed (WARNING: The server did not provide any stacktrace information)
                           Command duration or timeout: 15 milliseconds
                           Build info: version: '2.53.1', revision: 'a36b8b1', time: '2016-06-30 17:37:03'
                           System info: host: 'CP4G6BS', ip: '10.10.22.141', os.name: 'Windows 7', os.arch: 'amd64', os.version: '6.1', java.version:
                           '1.7.0_75'
                           Session ID: 2c397dce-5a60-4f81-a382-23fd1c482a94
                           Driver info: org.openqa.selenium.ie.InternetExplorerDriver
                           Capabilities [{platform=WINDOWS, javascriptEnabled=true, elementScrollBehavior=0, ignoreZoomSetting=false, enablePersistentHover=true,
                           ie.ensureCleanSession=false, browserName=internet explorer, enableElementCacheCleanup=true, unexpectedAlertBehaviour=dismiss,
                           version=11, pageLoadStrategy=normal, ie.usePerProcessProxy=false, cssSelectorsEnabled=true, ignoreProtectedModeSettings=false,
                           requireWindowFocus=false, initialBrowserUrl=http://localhost:38657/, handlesAlerts=true, ie.forceCreateProcessApi=false, nativeEvents=true,
                           browserAttachTimeout=0, ie.browserCommandLineSwitches=, takesScreenshot=true}]
                           
                           
                           org.openqa.selenium.NoSuchWindowException: Window is closed (WARNING: The server did not provide any stacktrace information)
                           Command duration or timeout: 15 milliseconds
                           Build info: version: '2.53.1', revision: 'a36b8b1', time: '2016-06-30 17:37:03'
                           System info: host: 'CP4G6BS', ip: '10.10.22.141', os.name: 'Windows 7', os.arch: 'amd64', os.version: '6.1', java.version:
                           '1.7.0_75'
                           Session ID: 2c397dce-5a60-4f81-a382-23fd1c482a94
                           Driver info: org.openqa.selenium.ie.InternetExplorerDriver
                           Capabilities [{platform=WINDOWS, javascriptEnabled=true, elementScrollBehavior=0, ignoreZoomSetting=false, enablePersistentHover=true,
                           ie.ensureCleanSession=false, browserName=internet explorer, enableElementCacheCleanup=true, unexpectedAlertBehaviour=dismiss,
                           version=11, pageLoadStrategy=normal, ie.usePerProcessProxy=false, cssSelectorsEnabled=true, ignoreProtectedModeSettings=false,
                           requireWindowFocus=false, initialBrowserUrl=http://localhost:38657/, handlesAlerts=true, ie.forceCreateProcessApi=false, nativeEvents=true,
                           browserAttachTimeout=0, ie.browserCommandLineSwitches=, takesScreenshot=true}]
                           	at sun.reflect.NativeConstructorAccessorImpl.newInstance0(Native Method)
                           	at sun.reflect.NativeConstructorAccessorImpl.newInstance(NativeConstructorAccessorImpl.java:57)
                           	at sun.reflect.DelegatingConstructorAccessorImpl.newInstance(DelegatingConstructorAccessorImpl.java:45)
                           	at java.lang.reflect.Constructor.newInstance(Constructor.java:526)
                           	at org.openqa.selenium.remote.ErrorHandler.createThrowable(ErrorHandler.java:206)
                           	at org.openqa.selenium.remote.ErrorHandler.throwIfResponseFailed(ErrorHandler.java:158)
                           	at org.openqa.selenium.remote.RemoteWebDriver.execute(RemoteWebDriver.java:678)
                           	at org.openqa.selenium.remote.RemoteWebDriver.execute(RemoteWebDriver.java:701)
                           	at org.openqa.selenium.remote.RemoteWebDriver.getWindowHandle(RemoteWebDriver.java:555)
                           	at rightsIN_MultiClient.MultiClient_RI_General.TC1_GeneralUIStandaloneAgr(MultiClient_RI_General.java:57)
                           	at sun.reflect.NativeMethodAccessorImpl.invoke0(Native Method)
                           	at sun.reflect.NativeMethodAccessorImpl.invoke(NativeMethodAccessorImpl.java:57)
                           	at sun.reflect.DelegatingMethodAccessorImpl.invoke(DelegatingMethodAccessorImpl.java:43)
                           	at java.lang.reflect.Method.invoke(Method.java:606)
                           	at org.testng.internal.MethodInvocationHelper.invokeMethod(MethodInvocationHelper.java:85)
                           	at org.testng.internal.Invoker.invokeMethod(Invoker.java:639)
                           	at org.testng.internal.Invoker.invokeTestMethod(Invoker.java:816)
                           	at org.testng.internal.Invoker.invokeTestMethods(Invoker.java:1124)
                           	at org.testng.internal.TestMethodWorker.invokeTestMethods(TestMethodWorker.java:125)
                           	at org.testng.internal.TestMethodWorker.run(TestMethodWorker.java:108)
                           	at org.testng.TestRunner.privateRun(TestRunner.java:774)
                           	at org.testng.TestRunner.run(TestRunner.java:624)
                           	at org.testng.SuiteRunner.runTest(SuiteRunner.java:359)
                           	at org.testng.SuiteRunner.runSequentially(SuiteRunner.java:354)
                           	at org.testng.SuiteRunner.privateRun(SuiteRunner.java:312)
                           	at org.testng.SuiteRunner.run(SuiteRunner.java:261)
                           	at org.testng.SuiteRunnerWorker.runSuite(SuiteRunnerWorker.java:52)
                           	at org.testng.SuiteRunnerWorker.run(SuiteRunnerWorker.java:86)
                           	at org.testng.TestNG.runSuitesSequentially(TestNG.java:1215)
                           	at org.testng.TestNG.runSuitesLocally(TestNG.java:1140)
                           	at org.testng.TestNG.run(TestNG.java:1048)
                           	at org.testng.TestNG.privateMain(TestNG.java:1355)
                           	at org.testng.TestNG.main(TestNG.java:1324)
                           
                           
                           
                           
                           
                           
                        </b>FAIL
                     </div>
                  </div>
               </td>
            </tr>
            <tr>
               <td colspan="4" class="detailsBox">
                  <div id="rightsIN_MultiClient.MultiClient_RI_General_TC1_GeneralUIStandaloneAgr_byClass_FAIL2_exception"
                       class="testMethodDetails">
                     <pre style="padding: 5px; margin: 0;">org.openqa.selenium.NoSuchWindowException: Window is closed (WARNING: The server did not provide any stacktrace information)
                        Command duration or timeout: 15 milliseconds
                        Build info: version: '2.53.1', revision: 'a36b8b1', time: '2016-06-30 17:37:03'
                        System info: host: 'CP4G6BS', ip: '10.10.22.141', os.name: 'Windows 7', os.arch: 'amd64', os.version: '6.1', java.version:
                        '1.7.0_75'
                        Session ID: 2c397dce-5a60-4f81-a382-23fd1c482a94
                        Driver info: org.openqa.selenium.ie.InternetExplorerDriver
                        Capabilities [{platform=WINDOWS, javascriptEnabled=true, elementScrollBehavior=0, ignoreZoomSetting=false, enablePersistentHover=true,
                        ie.ensureCleanSession=false, browserName=internet explorer, enableElementCacheCleanup=true, unexpectedAlertBehaviour=dismiss,
                        version=11, pageLoadStrategy=normal, ie.usePerProcessProxy=false, cssSelectorsEnabled=true, ignoreProtectedModeSettings=false,
                        requireWindowFocus=false, initialBrowserUrl=http://localhost:38657/, handlesAlerts=true, ie.forceCreateProcessApi=false, nativeEvents=true,
                        browserAttachTimeout=0, ie.browserCommandLineSwitches=, takesScreenshot=true}]
                        	at sun.reflect.NativeConstructorAccessorImpl.newInstance0(Native Method)
                        	at sun.reflect.NativeConstructorAccessorImpl.newInstance(NativeConstructorAccessorImpl.java:57)
                        	at sun.reflect.DelegatingConstructorAccessorImpl.newInstance(DelegatingConstructorAccessorImpl.java:45)
                        	at java.lang.reflect.Constructor.newInstance(Constructor.java:526)
                        	at org.openqa.selenium.remote.ErrorHandler.createThrowable(ErrorHandler.java:206)
                        	at org.openqa.selenium.remote.ErrorHandler.throwIfResponseFailed(ErrorHandler.java:158)
                        	at org.openqa.selenium.remote.RemoteWebDriver.execute(RemoteWebDriver.java:678)
                        	at org.openqa.selenium.remote.RemoteWebDriver.execute(RemoteWebDriver.java:701)
                        	at org.openqa.selenium.remote.RemoteWebDriver.getWindowHandle(RemoteWebDriver.java:555)
                        	at rightsIN_MultiClient.MultiClient_RI_General.TC1_GeneralUIStandaloneAgr(MultiClient_RI_General.java:57)
                        	at sun.reflect.NativeMethodAccessorImpl.invoke0(Native Method)
                        	at sun.reflect.NativeMethodAccessorImpl.invoke(NativeMethodAccessorImpl.java:57)
                        	at sun.reflect.DelegatingMethodAccessorImpl.invoke(DelegatingMethodAccessorImpl.java:43)
                        	at java.lang.reflect.Method.invoke(Method.java:606)
                        	at org.testng.internal.MethodInvocationHelper.invokeMethod(MethodInvocationHelper.java:85)
                        	at org.testng.internal.Invoker.invokeMethod(Invoker.java:639)
                        	at org.testng.internal.Invoker.invokeTestMethod(Invoker.java:816)
                        	at org.testng.internal.Invoker.invokeTestMethods(Invoker.java:1124)
                        	at org.testng.internal.TestMethodWorker.invokeTestMethods(TestMethodWorker.java:125)
                        	at org.testng.internal.TestMethodWorker.run(TestMethodWorker.java:108)
                        	at org.testng.TestRunner.privateRun(TestRunner.java:774)
                        	at org.testng.TestRunner.run(TestRunner.java:624)
                        	at org.testng.SuiteRunner.runTest(SuiteRunner.java:359)
                        	at org.testng.SuiteRunner.runSequentially(SuiteRunner.java:354)
                        	at org.testng.SuiteRunner.privateRun(SuiteRunner.java:312)
                        	at org.testng.SuiteRunner.run(SuiteRunner.java:261)
                        	at org.testng.SuiteRunnerWorker.runSuite(SuiteRunnerWorker.java:52)
                        	at org.testng.SuiteRunnerWorker.run(SuiteRunnerWorker.java:86)
                        	at org.testng.TestNG.runSuitesSequentially(TestNG.java:1215)
                        	at org.testng.TestNG.runSuitesLocally(TestNG.java:1140)
                        	at org.testng.TestNG.run(TestNG.java:1048)
                        	at org.testng.TestNG.privateMain(TestNG.java:1355)
                        	at org.testng.TestNG.main(TestNG.java:1324)
                     </pre>
                  </div>
               </td>
            </tr>
            <tr id="rightsIN_MultiClient.MultiClient_RI_General_takeScreenShotOnFailure_byClass_FAIL3_row"
                class="testMethodStatusFAIL testMethodStatusCONF">
               <td width="100%" class="firstMethodCell">
                  <a onclick="toggleDetailsVisibility('rightsIN_MultiClient.MultiClient_RI_General_takeScreenShotOnFailure_byClass_FAIL3_details')">takeScreenShotOnFailure([TestResult name=TC1_GeneralUIStandaloneAgr status=FAILURE method=MultiClient_RI_General.TC1_GeneralUIStandaloneAgr()[pri:1,
                     instance:rightsIN_MultiClient.MultiClient_RI_General@3ee4e848] output={null}])
                  </a>
               </td>
               <td nowrap="true">14:00:03</td>
               <td nowrap="true" align="right">0 ms
                  
               </td>
               <td nowrap="true">
                  <a onclick="toggleDetailsVisibility('rightsIN_MultiClient.MultiClient_RI_General_takeScreenShotOnFailure_byClass_FAIL3_exception')">org.openqa.selenium.NoSuchWindowException: 
                     Unable to get browser (WARNING: The server did not provide any stacktrace information)
                     Command duration or timeout: 14 milliseconds
                     Build info: version: '2.53.1', revision: 'a36b8b1', time: '2016-06-30 17:37:03'
                     System info: host: 'CP4G6BS', ip: '10.10.22.141', os.name: 'Windows 7', os.arch: 'amd64', os.version: '6.1', java.version:
                     '1.7.0_75'
                     Session ID: 2c397dce-5a60-4f81-a382-23fd1c482a94
                     Driver info: org.openqa.selenium.ie.InternetExplorerDriver
                     Capabilities [{platform=WINDOWS, javascriptEnabled=true, elementScrollBehavior=0, ignoreZoomSetting=false, enablePersistentHover=true,
                     ie.ensureCleanSession=false, browserName=internet explorer, enableElementCacheCleanup=true, unexpectedAlertBehaviour=dismiss,
                     version=11, pageLoadStrategy=normal, ie.usePerProcessProxy=false, cssSelectorsEnabled=true, ignoreProtectedModeSettings=false,
                     requireWindowFocus=false, initialBrowserUrl=http://localhost:38657/, handlesAlerts=true, ie.forceCreateProcessApi=false, nativeEvents=true,
                     browserAttachTimeout=0, ie.browserCommandLineSwitches=, takesScreenshot=true}]
                     
                  </a>
                   
                  
               </td>
            </tr>
            <tr>
               <td colspan="4" class="detailsBox">
                  <div id="rightsIN_MultiClient.MultiClient_RI_General_takeScreenShotOnFailure_byClass_FAIL3_details"
                       class="testMethodDetails">
                     <div>
                        <b>Name: </b>takeScreenShotOnFailure
                     </div>
                     <div>
                        <b>Signature: </b>takeScreenShotOnFailure(org.testng.ITestResult)[pri:0, instance:rightsIN_MultiClient.MultiClient_RI_General@3ee4e848]
                     </div>
                     <div>
                        <b>Parameters: </b>
                        
                        [TestResult name=TC1_GeneralUIStandaloneAgr status=FAILURE method=MultiClient_RI_General.TC1_GeneralUIStandaloneAgr()[pri:1,
                        instance:rightsIN_MultiClient.MultiClient_RI_General@3ee4e848] output={null}]
                        
                        
                     </div>
                     <div>
                        <b>Start time: </b>14:00:03
                     </div>
                     <div>
                        <b>End time: </b>14:00:03
                     </div>
                     <div>
                        <b>Duration: </b>0 ms
                        
                     </div>
                     <div>
                        <b>Steps: 
                           
                           
                           
                           [TestResult name=TC1_GeneralUIStandaloneAgr status=FAILURE method=MultiClient_RI_General.TC1_GeneralUIStandaloneAgr()[pri:1,
                           instance:rightsIN_MultiClient.MultiClient_RI_General@3ee4e848] output={null}]
                           
                           
                           
                           
                           
                           Unable to get browser (WARNING: The server did not provide any stacktrace information)
                           Command duration or timeout: 14 milliseconds
                           Build info: version: '2.53.1', revision: 'a36b8b1', time: '2016-06-30 17:37:03'
                           System info: host: 'CP4G6BS', ip: '10.10.22.141', os.name: 'Windows 7', os.arch: 'amd64', os.version: '6.1', java.version:
                           '1.7.0_75'
                           Session ID: 2c397dce-5a60-4f81-a382-23fd1c482a94
                           Driver info: org.openqa.selenium.ie.InternetExplorerDriver
                           Capabilities [{platform=WINDOWS, javascriptEnabled=true, elementScrollBehavior=0, ignoreZoomSetting=false, enablePersistentHover=true,
                           ie.ensureCleanSession=false, browserName=internet explorer, enableElementCacheCleanup=true, unexpectedAlertBehaviour=dismiss,
                           version=11, pageLoadStrategy=normal, ie.usePerProcessProxy=false, cssSelectorsEnabled=true, ignoreProtectedModeSettings=false,
                           requireWindowFocus=false, initialBrowserUrl=http://localhost:38657/, handlesAlerts=true, ie.forceCreateProcessApi=false, nativeEvents=true,
                           browserAttachTimeout=0, ie.browserCommandLineSwitches=, takesScreenshot=true}]
                           
                           
                           org.openqa.selenium.NoSuchWindowException: Unable to get browser (WARNING: The server did not provide any stacktrace information)
                           Command duration or timeout: 14 milliseconds
                           Build info: version: '2.53.1', revision: 'a36b8b1', time: '2016-06-30 17:37:03'
                           System info: host: 'CP4G6BS', ip: '10.10.22.141', os.name: 'Windows 7', os.arch: 'amd64', os.version: '6.1', java.version:
                           '1.7.0_75'
                           Session ID: 2c397dce-5a60-4f81-a382-23fd1c482a94
                           Driver info: org.openqa.selenium.ie.InternetExplorerDriver
                           Capabilities [{platform=WINDOWS, javascriptEnabled=true, elementScrollBehavior=0, ignoreZoomSetting=false, enablePersistentHover=true,
                           ie.ensureCleanSession=false, browserName=internet explorer, enableElementCacheCleanup=true, unexpectedAlertBehaviour=dismiss,
                           version=11, pageLoadStrategy=normal, ie.usePerProcessProxy=false, cssSelectorsEnabled=true, ignoreProtectedModeSettings=false,
                           requireWindowFocus=false, initialBrowserUrl=http://localhost:38657/, handlesAlerts=true, ie.forceCreateProcessApi=false, nativeEvents=true,
                           browserAttachTimeout=0, ie.browserCommandLineSwitches=, takesScreenshot=true}]
                           	at sun.reflect.NativeConstructorAccessorImpl.newInstance0(Native Method)
                           	at sun.reflect.NativeConstructorAccessorImpl.newInstance(NativeConstructorAccessorImpl.java:57)
                           	at sun.reflect.DelegatingConstructorAccessorImpl.newInstance(DelegatingConstructorAccessorImpl.java:45)
                           	at java.lang.reflect.Constructor.newInstance(Constructor.java:526)
                           	at org.openqa.selenium.remote.ErrorHandler.createThrowable(ErrorHandler.java:206)
                           	at org.openqa.selenium.remote.ErrorHandler.throwIfResponseFailed(ErrorHandler.java:158)
                           	at org.openqa.selenium.remote.RemoteWebDriver.execute(RemoteWebDriver.java:678)
                           	at org.openqa.selenium.remote.RemoteWebDriver.execute(RemoteWebDriver.java:701)
                           	at org.openqa.selenium.ie.InternetExplorerDriver.getScreenshotAs(InternetExplorerDriver.java:194)
                           	at rightsIN_MultiClient.MultiClient_RI_General.takeScreenShotOnFailure(MultiClient_RI_General.java:2153)
                           	at sun.reflect.NativeMethodAccessorImpl.invoke0(Native Method)
                           	at sun.reflect.NativeMethodAccessorImpl.invoke(NativeMethodAccessorImpl.java:57)
                           	at sun.reflect.DelegatingMethodAccessorImpl.invoke(DelegatingMethodAccessorImpl.java:43)
                           	at java.lang.reflect.Method.invoke(Method.java:606)
                           	at org.testng.internal.MethodInvocationHelper.invokeMethod(MethodInvocationHelper.java:85)
                           	at org.testng.internal.Invoker.invokeConfigurationMethod(Invoker.java:510)
                           	at org.testng.internal.Invoker.invokeConfigurations(Invoker.java:211)
                           	at org.testng.internal.Invoker.invokeMethod(Invoker.java:703)
                           	at org.testng.internal.Invoker.invokeTestMethod(Invoker.java:816)
                           	at org.testng.internal.Invoker.invokeTestMethods(Invoker.java:1124)
                           	at org.testng.internal.TestMethodWorker.invokeTestMethods(TestMethodWorker.java:125)
                           	at org.testng.internal.TestMethodWorker.run(TestMethodWorker.java:108)
                           	at org.testng.TestRunner.privateRun(TestRunner.java:774)
                           	at org.testng.TestRunner.run(TestRunner.java:624)
                           	at org.testng.SuiteRunner.runTest(SuiteRunner.java:359)
                           	at org.testng.SuiteRunner.runSequentially(SuiteRunner.java:354)
                           	at org.testng.SuiteRunner.privateRun(SuiteRunner.java:312)
                           	at org.testng.SuiteRunner.run(SuiteRunner.java:261)
                           	at org.testng.SuiteRunnerWorker.runSuite(SuiteRunnerWorker.java:52)
                           	at org.testng.SuiteRunnerWorker.run(SuiteRunnerWorker.java:86)
                           	at org.testng.TestNG.runSuitesSequentially(TestNG.java:1215)
                           	at org.testng.TestNG.runSuitesLocally(TestNG.java:1140)
                           	at org.testng.TestNG.run(TestNG.java:1048)
                           	at org.testng.TestNG.privateMain(TestNG.java:1355)
                           	at org.testng.TestNG.main(TestNG.java:1324)
                           
                           
                           
                           
                           
                           
                        </b>FAIL
                     </div>
                  </div>
               </td>
            </tr>
            <tr>
               <td colspan="4" class="detailsBox">
                  <div id="rightsIN_MultiClient.MultiClient_RI_General_takeScreenShotOnFailure_byClass_FAIL3_exception"
                       class="testMethodDetails">
                     <pre style="padding: 5px; margin: 0;">org.openqa.selenium.NoSuchWindowException: Unable to get browser (WARNING: The server did not provide any stacktrace information)
                        Command duration or timeout: 14 milliseconds
                        Build info: version: '2.53.1', revision: 'a36b8b1', time: '2016-06-30 17:37:03'
                        System info: host: 'CP4G6BS', ip: '10.10.22.141', os.name: 'Windows 7', os.arch: 'amd64', os.version: '6.1', java.version:
                        '1.7.0_75'
                        Session ID: 2c397dce-5a60-4f81-a382-23fd1c482a94
                        Driver info: org.openqa.selenium.ie.InternetExplorerDriver
                        Capabilities [{platform=WINDOWS, javascriptEnabled=true, elementScrollBehavior=0, ignoreZoomSetting=false, enablePersistentHover=true,
                        ie.ensureCleanSession=false, browserName=internet explorer, enableElementCacheCleanup=true, unexpectedAlertBehaviour=dismiss,
                        version=11, pageLoadStrategy=normal, ie.usePerProcessProxy=false, cssSelectorsEnabled=true, ignoreProtectedModeSettings=false,
                        requireWindowFocus=false, initialBrowserUrl=http://localhost:38657/, handlesAlerts=true, ie.forceCreateProcessApi=false, nativeEvents=true,
                        browserAttachTimeout=0, ie.browserCommandLineSwitches=, takesScreenshot=true}]
                        	at sun.reflect.NativeConstructorAccessorImpl.newInstance0(Native Method)
                        	at sun.reflect.NativeConstructorAccessorImpl.newInstance(NativeConstructorAccessorImpl.java:57)
                        	at sun.reflect.DelegatingConstructorAccessorImpl.newInstance(DelegatingConstructorAccessorImpl.java:45)
                        	at java.lang.reflect.Constructor.newInstance(Constructor.java:526)
                        	at org.openqa.selenium.remote.ErrorHandler.createThrowable(ErrorHandler.java:206)
                        	at org.openqa.selenium.remote.ErrorHandler.throwIfResponseFailed(ErrorHandler.java:158)
                        	at org.openqa.selenium.remote.RemoteWebDriver.execute(RemoteWebDriver.java:678)
                        	at org.openqa.selenium.remote.RemoteWebDriver.execute(RemoteWebDriver.java:701)
                        	at org.openqa.selenium.ie.InternetExplorerDriver.getScreenshotAs(InternetExplorerDriver.java:194)
                        	at rightsIN_MultiClient.MultiClient_RI_General.takeScreenShotOnFailure(MultiClient_RI_General.java:2153)
                        	at sun.reflect.NativeMethodAccessorImpl.invoke0(Native Method)
                        	at sun.reflect.NativeMethodAccessorImpl.invoke(NativeMethodAccessorImpl.java:57)
                        	at sun.reflect.DelegatingMethodAccessorImpl.invoke(DelegatingMethodAccessorImpl.java:43)
                        	at java.lang.reflect.Method.invoke(Method.java:606)
                        	at org.testng.internal.MethodInvocationHelper.invokeMethod(MethodInvocationHelper.java:85)
                        	at org.testng.internal.Invoker.invokeConfigurationMethod(Invoker.java:510)
                        	at org.testng.internal.Invoker.invokeConfigurations(Invoker.java:211)
                        	at org.testng.internal.Invoker.invokeMethod(Invoker.java:703)
                        	at org.testng.internal.Invoker.invokeTestMethod(Invoker.java:816)
                        	at org.testng.internal.Invoker.invokeTestMethods(Invoker.java:1124)
                        	at org.testng.internal.TestMethodWorker.invokeTestMethods(TestMethodWorker.java:125)
                        	at org.testng.internal.TestMethodWorker.run(TestMethodWorker.java:108)
                        	at org.testng.TestRunner.privateRun(TestRunner.java:774)
                        	at org.testng.TestRunner.run(TestRunner.java:624)
                        	at org.testng.SuiteRunner.runTest(SuiteRunner.java:359)
                        	at org.testng.SuiteRunner.runSequentially(SuiteRunner.java:354)
                        	at org.testng.SuiteRunner.privateRun(SuiteRunner.java:312)
                        	at org.testng.SuiteRunner.run(SuiteRunner.java:261)
                        	at org.testng.SuiteRunnerWorker.runSuite(SuiteRunnerWorker.java:52)
                        	at org.testng.SuiteRunnerWorker.run(SuiteRunnerWorker.java:86)
                        	at org.testng.TestNG.runSuitesSequentially(TestNG.java:1215)
                        	at org.testng.TestNG.runSuitesLocally(TestNG.java:1140)
                        	at org.testng.TestNG.run(TestNG.java:1048)
                        	at org.testng.TestNG.privateMain(TestNG.java:1355)
                        	at org.testng.TestNG.main(TestNG.java:1324)
                     </pre>
                  </div>
               </td>
            </tr>
            <tr id="rightsIN_MultiClient.MultiClient_RI_General_TC2_GeneralUIAgrCopy_byClass_SKIP4_row"
                class="testMethodStatusSKIP">
               <td width="100%" class="firstMethodCell">
                  <a onclick="toggleDetailsVisibility('rightsIN_MultiClient.MultiClient_RI_General_TC2_GeneralUIAgrCopy_byClass_SKIP4_details')">TC2_GeneralUIAgrCopy()</a>
               </td>
               <td nowrap="true">14:00:03</td>
               <td nowrap="true" align="right">0 ms
                  
               </td>
               <td nowrap="true">
                   
                  
               </td>
            </tr>
            <tr>
               <td colspan="4" class="detailsBox">
                  <div id="rightsIN_MultiClient.MultiClient_RI_General_TC2_GeneralUIAgrCopy_byClass_SKIP4_details"
                       class="testMethodDetails">
                     <div>
                        <b>Name: </b>TC2_GeneralUIAgrCopy
                     </div>
                     <div>
                        <b>Description: </b>Validate Copy Current Agreement
                     </div>
                     <div>
                        <b>Signature: </b>TC2_GeneralUIAgrCopy()[pri:2, instance:rightsIN_MultiClient.MultiClient_RI_General@3ee4e848]
                     </div>
                     <div>
                        <b>Start time: </b>14:00:03
                     </div>
                     <div>
                        <b>End time: </b>14:00:03
                     </div>
                     <div>
                        <b>Duration: </b>0 ms
                        
                     </div>
                     <div>
                        <b>Steps: 
                           
                           
                           
                        </b>SKIP
                     </div>
                  </div>
               </td>
            </tr>
            <tr></tr>
            <tr id="rightsIN_MultiClient.MultiClient_RI_General_takeScreenShotOnFailure_byClass_SKIP5_row"
                class="testMethodStatusSKIP testMethodStatusCONF">
               <td width="100%" class="firstMethodCell">
                  <a onclick="toggleDetailsVisibility('rightsIN_MultiClient.MultiClient_RI_General_takeScreenShotOnFailure_byClass_SKIP5_details')">takeScreenShotOnFailure()</a>
               </td>
               <td nowrap="true">14:00:03</td>
               <td nowrap="true" align="right">0 ms
                  
               </td>
               <td nowrap="true">
                   
                  
               </td>
            </tr>
            <tr>
               <td colspan="4" class="detailsBox">
                  <div id="rightsIN_MultiClient.MultiClient_RI_General_takeScreenShotOnFailure_byClass_SKIP5_details"
                       class="testMethodDetails">
                     <div>
                        <b>Name: </b>takeScreenShotOnFailure
                     </div>
                     <div>
                        <b>Signature: </b>takeScreenShotOnFailure(org.testng.ITestResult)[pri:0, instance:rightsIN_MultiClient.MultiClient_RI_General@3ee4e848]
                     </div>
                     <div>
                        <b>Start time: </b>14:00:03
                     </div>
                     <div>
                        <b>End time: </b>14:00:03
                     </div>
                     <div>
                        <b>Duration: </b>0 ms
                        
                     </div>
                     <div>
                        <b>Steps: 
                           
                           
                           
                        </b>SKIP
                     </div>
                  </div>
               </td>
            </tr>
            <tr></tr>
            <tr id="rightsIN_MultiClient.MultiClient_RI_General_TC3_GeneralUIUpdate_byClass_SKIP6_row"
                class="testMethodStatusSKIP">
               <td width="100%" class="firstMethodCell">
                  <a onclick="toggleDetailsVisibility('rightsIN_MultiClient.MultiClient_RI_General_TC3_GeneralUIUpdate_byClass_SKIP6_details')">TC3_GeneralUIUpdate()</a>
               </td>
               <td nowrap="true">14:00:03</td>
               <td nowrap="true" align="right">0 ms
                  
               </td>
               <td nowrap="true">
                   
                  
               </td>
            </tr>
            <tr>
               <td colspan="4" class="detailsBox">
                  <div id="rightsIN_MultiClient.MultiClient_RI_General_TC3_GeneralUIUpdate_byClass_SKIP6_details"
                       class="testMethodDetails">
                     <div>
                        <b>Name: </b>TC3_GeneralUIUpdate
                     </div>
                     <div>
                        <b>Description: </b>Update Agreement
                     </div>
                     <div>
                        <b>Signature: </b>TC3_GeneralUIUpdate()[pri:3, instance:rightsIN_MultiClient.MultiClient_RI_General@3ee4e848]
                     </div>
                     <div>
                        <b>Start time: </b>14:00:03
                     </div>
                     <div>
                        <b>End time: </b>14:00:03
                     </div>
                     <div>
                        <b>Duration: </b>0 ms
                        
                     </div>
                     <div>
                        <b>Steps: 
                           
                           
                           
                        </b>SKIP
                     </div>
                  </div>
               </td>
            </tr>
            <tr></tr>
            <tr id="rightsIN_MultiClient.MultiClient_RI_General_takeScreenShotOnFailure_byClass_SKIP7_row"
                class="testMethodStatusSKIP testMethodStatusCONF">
               <td width="100%" class="firstMethodCell">
                  <a onclick="toggleDetailsVisibility('rightsIN_MultiClient.MultiClient_RI_General_takeScreenShotOnFailure_byClass_SKIP7_details')">takeScreenShotOnFailure()</a>
               </td>
               <td nowrap="true">14:00:03</td>
               <td nowrap="true" align="right">0 ms
                  
               </td>
               <td nowrap="true">
                   
                  
               </td>
            </tr>
            <tr>
               <td colspan="4" class="detailsBox">
                  <div id="rightsIN_MultiClient.MultiClient_RI_General_takeScreenShotOnFailure_byClass_SKIP7_details"
                       class="testMethodDetails">
                     <div>
                        <b>Name: </b>takeScreenShotOnFailure
                     </div>
                     <div>
                        <b>Signature: </b>takeScreenShotOnFailure(org.testng.ITestResult)[pri:0, instance:rightsIN_MultiClient.MultiClient_RI_General@3ee4e848]
                     </div>
                     <div>
                        <b>Start time: </b>14:00:03
                     </div>
                     <div>
                        <b>End time: </b>14:00:03
                     </div>
                     <div>
                        <b>Duration: </b>0 ms
                        
                     </div>
                     <div>
                        <b>Steps: 
                           
                           
                           
                        </b>SKIP
                     </div>
                  </div>
               </td>
            </tr>
            <tr></tr>
            <tr id="rightsIN_MultiClient.MultiClient_RI_General_takeScreenShotOnFailure_byClass_SKIP8_row"
                class="testMethodStatusSKIP testMethodStatusCONF">
               <td width="100%" class="firstMethodCell">
                  <a onclick="toggleDetailsVisibility('rightsIN_MultiClient.MultiClient_RI_General_takeScreenShotOnFailure_byClass_SKIP8_details')">takeScreenShotOnFailure()</a>
               </td>
               <td nowrap="true">14:00:03</td>
               <td nowrap="true" align="right">0 ms
                  
               </td>
               <td nowrap="true">
                   
                  
               </td>
            </tr>
            <tr>
               <td colspan="4" class="detailsBox">
                  <div id="rightsIN_MultiClient.MultiClient_RI_General_takeScreenShotOnFailure_byClass_SKIP8_details"
                       class="testMethodDetails">
                     <div>
                        <b>Name: </b>takeScreenShotOnFailure
                     </div>
                     <div>
                        <b>Signature: </b>takeScreenShotOnFailure(org.testng.ITestResult)[pri:0, instance:rightsIN_MultiClient.MultiClient_RI_General@3ee4e848]
                     </div>
                     <div>
                        <b>Start time: </b>14:00:03
                     </div>
                     <div>
                        <b>End time: </b>14:00:03
                     </div>
                     <div>
                        <b>Duration: </b>0 ms
                        
                     </div>
                     <div>
                        <b>Steps: 
                           
                           
                           
                        </b>SKIP
                     </div>
                  </div>
               </td>
            </tr>
            <tr></tr>
            <tr id="rightsIN_MultiClient.MultiClient_RI_General_TC4_CreateDiffDeals_byClass_SKIP9_row"
                class="testMethodStatusSKIP">
               <td width="100%" class="firstMethodCell">
                  <a onclick="toggleDetailsVisibility('rightsIN_MultiClient.MultiClient_RI_General_TC4_CreateDiffDeals_byClass_SKIP9_details')">TC4_CreateDiffDeals()</a>
               </td>
               <td nowrap="true">14:00:03</td>
               <td nowrap="true" align="right">0 ms
                  
               </td>
               <td nowrap="true">
                   
                  
               </td>
            </tr>
            <tr>
               <td colspan="4" class="detailsBox">
                  <div id="rightsIN_MultiClient.MultiClient_RI_General_TC4_CreateDiffDeals_byClass_SKIP9_details"
                       class="testMethodDetails">
                     <div>
                        <b>Name: </b>TC4_CreateDiffDeals
                     </div>
                     <div>
                        <b>Description: </b>Create Different types of Deals
                     </div>
                     <div>
                        <b>Signature: </b>TC4_CreateDiffDeals()[pri:4, instance:rightsIN_MultiClient.MultiClient_RI_General@3ee4e848]
                     </div>
                     <div>
                        <b>Start time: </b>14:00:03
                     </div>
                     <div>
                        <b>End time: </b>14:00:03
                     </div>
                     <div>
                        <b>Duration: </b>0 ms
                        
                     </div>
                     <div>
                        <b>Steps: 
                           
                           
                           
                        </b>SKIP
                     </div>
                  </div>
               </td>
            </tr>
            <tr></tr>
            <tr id="rightsIN_MultiClient.MultiClient_RI_General_takeScreenShotOnFailure_byClass_SKIP10_row"
                class="testMethodStatusSKIP testMethodStatusCONF">
               <td width="100%" class="firstMethodCell">
                  <a onclick="toggleDetailsVisibility('rightsIN_MultiClient.MultiClient_RI_General_takeScreenShotOnFailure_byClass_SKIP10_details')">takeScreenShotOnFailure()</a>
               </td>
               <td nowrap="true">14:00:03</td>
               <td nowrap="true" align="right">0 ms
                  
               </td>
               <td nowrap="true">
                   
                  
               </td>
            </tr>
            <tr>
               <td colspan="4" class="detailsBox">
                  <div id="rightsIN_MultiClient.MultiClient_RI_General_takeScreenShotOnFailure_byClass_SKIP10_details"
                       class="testMethodDetails">
                     <div>
                        <b>Name: </b>takeScreenShotOnFailure
                     </div>
                     <div>
                        <b>Signature: </b>takeScreenShotOnFailure(org.testng.ITestResult)[pri:0, instance:rightsIN_MultiClient.MultiClient_RI_General@3ee4e848]
                     </div>
                     <div>
                        <b>Start time: </b>14:00:03
                     </div>
                     <div>
                        <b>End time: </b>14:00:03
                     </div>
                     <div>
                        <b>Duration: </b>0 ms
                        
                     </div>
                     <div>
                        <b>Steps: 
                           
                           
                           
                        </b>SKIP
                     </div>
                  </div>
               </td>
            </tr>
            <tr></tr>
            <tr id="rightsIN_MultiClient.MultiClient_RI_General_TC5_EditPartyGeneral_byClass_SKIP11_row"
                class="testMethodStatusSKIP">
               <td width="100%" class="firstMethodCell">
                  <a onclick="toggleDetailsVisibility('rightsIN_MultiClient.MultiClient_RI_General_TC5_EditPartyGeneral_byClass_SKIP11_details')">TC5_EditPartyGeneral()</a>
               </td>
               <td nowrap="true">14:00:03</td>
               <td nowrap="true" align="right">0 ms
                  
               </td>
               <td nowrap="true">
                   
                  
               </td>
            </tr>
            <tr>
               <td colspan="4" class="detailsBox">
                  <div id="rightsIN_MultiClient.MultiClient_RI_General_TC5_EditPartyGeneral_byClass_SKIP11_details"
                       class="testMethodDetails">
                     <div>
                        <b>Name: </b>TC5_EditPartyGeneral
                     </div>
                     <div>
                        <b>Description: </b>Edit Party from General Tab
                     </div>
                     <div>
                        <b>Signature: </b>TC5_EditPartyGeneral()[pri:5, instance:rightsIN_MultiClient.MultiClient_RI_General@3ee4e848]
                     </div>
                     <div>
                        <b>Start time: </b>14:00:03
                     </div>
                     <div>
                        <b>End time: </b>14:00:03
                     </div>
                     <div>
                        <b>Duration: </b>0 ms
                        
                     </div>
                     <div>
                        <b>Steps: 
                           
                           
                           
                        </b>SKIP
                     </div>
                  </div>
               </td>
            </tr>
            <tr></tr>
            <tr id="rightsIN_MultiClient.MultiClient_RI_General_Driverclose_byClass_SKIP12_row"
                class="testMethodStatusSKIP testMethodStatusCONF">
               <td width="100%" class="firstMethodCell">
                  <a onclick="toggleDetailsVisibility('rightsIN_MultiClient.MultiClient_RI_General_Driverclose_byClass_SKIP12_details')">Driverclose()</a>
               </td>
               <td nowrap="true">14:00:03</td>
               <td nowrap="true" align="right">0 ms
                  
               </td>
               <td nowrap="true">
                   
                  
               </td>
            </tr>
            <tr>
               <td colspan="4" class="detailsBox">
                  <div id="rightsIN_MultiClient.MultiClient_RI_General_Driverclose_byClass_SKIP12_details"
                       class="testMethodDetails">
                     <div>
                        <b>Name: </b>Driverclose
                     </div>
                     <div>
                        <b>Signature: </b>Driverclose()[pri:0, instance:rightsIN_MultiClient.MultiClient_RI_General@3ee4e848]
                     </div>
                     <div>
                        <b>Start time: </b>14:00:03
                     </div>
                     <div>
                        <b>End time: </b>14:00:03
                     </div>
                     <div>
                        <b>Duration: </b>0 ms
                        
                     </div>
                     <div>
                        <b>Steps: 
                           
                           
                           
                        </b>SKIP
                     </div>
                  </div>
               </td>
            </tr>
            <tr></tr>
         </table>
         <br></br>
      </div>
      <div style="margin-top: 15px; color: gray; text-align: center; font-size: 9px;">
         Generated with
         
         <a href="http://code.google.com/p/testng-xslt/" style="color: #8888aa;"
            target="_blank">
            TestNG XSLT
            
         </a>
      </div>
   </body>
</html>