Sep 05,2016 11:31:42 [info]  ********************Started Executiong the Test Suite at 11:31:42******************
Sep 05,2016 11:31:52 [info]  Client: SALESDEMO
Sep 05,2016 11:31:52 [info]  URL: http://salesdemo3.rightslogic.com
Sep 05,2016 11:31:52 [info]  UserName: admin
Sep 05,2016 11:31:52 [info]  Password: admin1
Sep 05,2016 11:31:58 [info]  Entered "admin" in field 'User Name'
Sep 05,2016 11:31:58 [info]  Clicked on the 'Temporary Check Box'
Sep 05,2016 11:31:59 [info]  Entered "admin1" in field 'Password'
Sep 05,2016 11:31:59 [info]  Clicked on the 'LoginButton'
Sep 05,2016 11:32:05 [info]  *********************Start Testcase - TC1_VersionUI *********************
Sep 05,2016 11:32:06 [info]  ************************Started Creating Asset of Type: Program - Movie************************
Sep 05,2016 11:32:06 [info]  2
Sep 05,2016 11:36:51 [info]  ********************Started Executiong the Test Suite at 11:36:51******************
Sep 05,2016 11:37:36 [info]  ********************Started Executiong the Test Suite at 11:37:36******************
Sep 05,2016 11:38:48 [info]  ********************Started Executiong the Test Suite at 11:38:48******************
Sep 05,2016 11:38:58 [info]  Client: SALESDEMO
Sep 05,2016 11:38:58 [info]  URL: http://salesdemo3.rightslogic.com
Sep 05,2016 11:38:58 [info]  UserName: admin
Sep 05,2016 11:38:58 [info]  Password: admin1
Sep 05,2016 11:39:00 [info]  Entered "admin" in field 'User Name'
Sep 05,2016 11:39:00 [info]  Clicked on the 'Temporary Check Box'
Sep 05,2016 11:39:01 [info]  Entered "admin1" in field 'Password'
Sep 05,2016 11:39:01 [info]  Clicked on the 'LoginButton'
Sep 05,2016 11:39:07 [info]  *********************Start Testcase - TC1_VersionUI *********************
Sep 05,2016 11:39:08 [info]  ************************Started Creating Asset of Type: Program - Movie************************
Sep 05,2016 11:39:08 [info]  2
Sep 05,2016 11:52:19 [info]  ********************Started Executiong the Test Suite at 11:52:19******************
Sep 05,2016 11:52:28 [info]  Client: AMCN
Sep 05,2016 11:52:28 [info]  URL: http://rlv2wb79/login.aspx
Sep 05,2016 11:52:28 [info]  UserName: automation
Sep 05,2016 11:52:28 [info]  Password: automation
Sep 05,2016 11:53:00 [info]  ====Failed==== "User Name" field is not present'User Name'
Sep 05,2016 11:53:10 [info]  tr.getName() 'TC4_VersionDelete' PASSED
Sep 05,2016 11:53:10 [info]  tr.getMethod().getMethodName()TC4_VersionDelete
Sep 05,2016 11:53:10 [info]  Test 'TC4_VersionDelete' SKIPPED
Sep 05,2016 11:54:34 [info]  ********************Started Executiong the Test Suite at 11:54:34******************
Sep 05,2016 11:54:43 [info]  Client: VMN
Sep 05,2016 11:54:43 [info]  URL: http://rlv2wb41/login.aspx
Sep 05,2016 11:54:43 [info]  UserName: admin
Sep 05,2016 11:54:43 [info]  Password: admin1
Sep 05,2016 11:54:45 [info]  Entered "admin" in field 'User Name'
Sep 05,2016 11:54:46 [info]  Clicked on the 'Temporary Check Box'
Sep 05,2016 11:54:46 [info]  Entered "admin1" in field 'Password'
Sep 05,2016 11:54:57 [info]  Clicked on the 'LoginButton'
Sep 05,2016 11:55:03 [info]  tr.getName() 'TC4_VersionDelete' PASSED
Sep 05,2016 11:55:03 [info]  tr.getMethod().getMethodName()TC4_VersionDelete
Sep 05,2016 11:55:03 [info]  *********************Start Testcase - TC4_VersionDelete *********************
Sep 05,2016 11:55:03 [info]  Test 'TC4_VersionDelete' PASSED
Sep 05,2016 11:55:03 [info]  tr.getName() 'TC4_VersionDelete' PASSED
Sep 05,2016 11:55:03 [info]  tr.getMethod().getMethodName()TC4_VersionDelete
Sep 05,2016 11:55:03 [info]  [TestClass name=class multiClient.MultiClient_AM_Version]
Sep 05,2016 11:55:03 [info]  Priority of this method is 4
Sep 05,2016 12:04:33 [info]  ********************Started Executiong the Test Suite at 12:04:33******************
Sep 05,2016 12:04:42 [info]  Client: VMN
Sep 05,2016 12:04:42 [info]  URL: http://rlv2wb41/login.aspx
Sep 05,2016 12:04:42 [info]  UserName: admin
Sep 05,2016 12:04:42 [info]  Password: admin1
Sep 05,2016 12:04:43 [info]  Entered "admin" in field 'User Name'
Sep 05,2016 12:04:44 [info]  Clicked on the 'Temporary Check Box'
Sep 05,2016 12:04:44 [info]  Entered "admin1" in field 'Password'
Sep 05,2016 12:04:53 [info]  Clicked on the 'LoginButton'
Sep 05,2016 12:04:59 [info]  *********************Started Executing 'TC3_VersionCopy' Test Case*********************
Sep 05,2016 12:04:59 [info]  *********************Start Testcase - TC3_VersionCopy *********************
Sep 05,2016 12:04:59 [info]  *********************End Testcase - TC3_VersionCopy *********************
Sep 05,2016 12:04:59 [info]  Test 'TC3_VersionCopy' PASSED
Sep 05,2016 12:05:07 [info]  Client: VMN
Sep 05,2016 12:05:07 [info]  URL: http://rlv2wb41/login.aspx
Sep 05,2016 12:05:07 [info]  UserName: admin
Sep 05,2016 12:05:07 [info]  Password: admin1
Sep 05,2016 12:05:08 [info]  Entered "admin" in field 'User Name'
Sep 05,2016 12:05:08 [info]  Clicked on the 'Temporary Check Box'
Sep 05,2016 12:05:09 [info]  Entered "admin1" in field 'Password'
Sep 05,2016 12:05:17 [info]  Clicked on the 'LoginButton'
Sep 05,2016 12:05:23 [info]  *********************Started Executing 'TC4_VersionDelete' Test Case*********************
Sep 05,2016 12:05:23 [info]  *********************Start Testcase - TC4_VersionDelete *********************
Sep 05,2016 12:05:23 [info]  Test 'TC4_VersionDelete' PASSED
Sep 05,2016 12:16:22 [info]  ********************Started Executiong the Test Suite at 12:16:22******************
Sep 05,2016 12:16:22 [info]  *********************Started Executing 'onStartMultiClient_AM_ieBrowser' Test Case*********************
Sep 05,2016 12:16:45 [info]  Client: VMN
Sep 05,2016 12:16:45 [info]  URL: http://rlv2wb41/login.aspx
Sep 05,2016 12:16:45 [info]  UserName: admin
Sep 05,2016 12:16:45 [info]  Password: admin1
Sep 05,2016 12:16:47 [info]  Entered "admin" in field 'User Name'
Sep 05,2016 12:16:47 [info]  Clicked on the 'Temporary Check Box'
Sep 05,2016 12:16:48 [info]  Entered "admin1" in field 'Password'
Sep 05,2016 12:16:58 [info]  Clicked on the 'LoginButton'
Sep 05,2016 12:17:04 [info]  *********************Started Executing the Test'onTestStartTC3_VersionCopy' Test Case*********************
Sep 05,2016 12:17:04 [info]  *********************Start Testcase - TC3_VersionCopy *********************
Sep 05,2016 12:17:05 [info]  Clicked on the 'MODULE'
Sep 05,2016 12:19:21 [info]  ********************Started Executiong the Test Suite at 12:19:21******************
Sep 05,2016 12:19:21 [info]  *********************Started Executing 'MultiClient_AM_ieBrowser' Test Case*********************
Sep 05,2016 12:19:31 [info]  Client: VMN
Sep 05,2016 12:19:31 [info]  URL: http://rlv2wb41/login.aspx
Sep 05,2016 12:19:31 [info]  UserName: admin
Sep 05,2016 12:19:31 [info]  Password: admin1
Sep 05,2016 12:19:32 [info]  Entered "admin" in field 'User Name'
Sep 05,2016 12:19:32 [info]  Clicked on the 'Temporary Check Box'
Sep 05,2016 12:19:33 [info]  Entered "admin1" in field 'Password'
Sep 05,2016 12:19:42 [info]  Clicked on the 'LoginButton'
Sep 05,2016 12:19:48 [info]  *********************Started Executing the Test Area(Modules/TAB): 'TC3_VersionCopy'*********************
Sep 05,2016 12:19:48 [info]  *********************Start Testcase - TC3_VersionCopy *********************
Sep 05,2016 12:19:49 [info]  Clicked on the 'MODULE'
Sep 05,2016 12:20:00 [info]  Clicked on the 'Property Entry & Maintenance'
Sep 05,2016 12:20:03 [info]  Test 'TC3_VersionCopy' FAILED
Sep 05,2016 12:20:03 [info]  2
Sep 05,2016 12:20:03 [info]  Test 'TC3_VersionCopy' FAILED
Sep 05,2016 12:20:03 [info]  2
Sep 05,2016 12:20:06 [info]  Closed the Browser
Sep 05,2016 12:22:58 [info]  ********************Started Executiong the Test Suite at 12:22:58******************
Sep 05,2016 12:22:58 [info]  *********************Started Executing the Test Area(Modules/TAB): 'MultiClient_AM_ieBrowser'*********************
Sep 05,2016 12:23:09 [info]  Client: VMN
Sep 05,2016 12:23:09 [info]  URL: http://rlv2wb41/login.aspx
Sep 05,2016 12:23:09 [info]  UserName: admin
Sep 05,2016 12:23:09 [info]  Password: admin1
Sep 05,2016 12:23:10 [info]  Entered "admin" in field 'User Name'
Sep 05,2016 12:23:11 [info]  Clicked on the 'Temporary Check Box'
Sep 05,2016 12:23:11 [info]  Entered "admin1" in field 'Password'
Sep 05,2016 12:23:20 [info]  Clicked on the 'LoginButton'
Sep 05,2016 12:23:26 [info]  *********************Started Executing 'TC3_VersionCopy' Test Case*********************
Sep 05,2016 12:23:26 [info]  Test 'TC3_VersionCopy' PASSED
Sep 05,2016 12:23:34 [info]  Client: VMN
Sep 05,2016 12:23:34 [info]  URL: http://rlv2wb41/login.aspx
Sep 05,2016 12:23:34 [info]  UserName: admin
Sep 05,2016 12:23:34 [info]  Password: admin1
Sep 05,2016 12:23:36 [info]  Entered "admin" in field 'User Name'
Sep 05,2016 12:23:36 [info]  Clicked on the 'Temporary Check Box'
Sep 05,2016 12:23:37 [info]  Entered "admin1" in field 'Password'
Sep 05,2016 12:23:45 [info]  Clicked on the 'LoginButton'
Sep 05,2016 12:23:51 [info]  *********************Started Executing 'TC4_VersionDelete' Test Case*********************
Sep 05,2016 12:23:51 [info]  Test 'TC4_VersionDelete' PASSED
Sep 05,2016 12:23:53 [info]  Closed the Browser
Sep 05,2016 12:34:59 [info]  ********************Started Executiong the Test Suite at 12:34:59******************
Sep 05,2016 12:34:59 [info]  *********************Start Testcase - TC1_VersionUI *********************
Sep 05,2016 12:35:00 [info]  ************************Started Creating Asset of Type: Program - Movie************************
Sep 05,2016 12:38:54 [info]  ********************Started Executiong the Test Suite at 12:38:54******************
Sep 05,2016 12:38:54 [info]  *********************Started Executing the Test Area(Modules/TAB): 'Default test'*********************
Sep 05,2016 12:39:11 [info]  Client: VMN
Sep 05,2016 12:39:11 [info]  URL: http://rlv2wb41/login.aspx
Sep 05,2016 12:39:11 [info]  UserName: admin
Sep 05,2016 12:39:11 [info]  Password: admin1
Sep 05,2016 12:39:13 [info]  Entered "admin" in field 'User Name'
Sep 05,2016 12:39:13 [info]  Clicked on the 'Temporary Check Box'
Sep 05,2016 12:39:14 [info]  Entered "admin1" in field 'Password'
Sep 05,2016 12:39:25 [info]  Clicked on the 'LoginButton'
Sep 05,2016 12:39:31 [info]  *********************Started Executing 'TC1_VersionUI' Test Case*********************
Sep 05,2016 12:39:31 [info]  *********************Start Testcase - TC1_VersionUI *********************
Sep 05,2016 12:39:32 [info]  ************************Started Creating Asset of Type: Program - Movie************************
Sep 05,2016 12:39:33 [info]  Clicked on the 'MODULE'
Sep 05,2016 12:39:51 [info]  ********************Started Executiong the Test Suite at 12:39:51******************
Sep 05,2016 12:39:51 [info]  *********************Started Executing the Test Area(Modules/TAB): 'Default test'*********************
Sep 05,2016 12:40:00 [info]  Client: SALESDEMO
Sep 05,2016 12:40:00 [info]  URL: http://salesdemo3.rightslogic.com
Sep 05,2016 12:40:00 [info]  UserName: admin
Sep 05,2016 12:40:00 [info]  Password: admin1
Sep 05,2016 12:40:05 [info]  Entered "admin" in field 'User Name'
Sep 05,2016 12:40:05 [info]  Clicked on the 'Temporary Check Box'
Sep 05,2016 12:40:06 [info]  Entered "admin1" in field 'Password'
Sep 05,2016 12:40:06 [info]  Clicked on the 'LoginButton'
Sep 05,2016 12:40:12 [info]  *********************Started Executing 'TC1_VersionUI' Test Case*********************
Sep 05,2016 12:40:12 [info]  *********************Start Testcase - TC1_VersionUI *********************
Sep 05,2016 12:40:13 [info]  ************************Started Creating Asset of Type: Program - Movie************************
Sep 05,2016 12:40:13 [info]  Test 'TC1_VersionUI' FAILED
Sep 05,2016 12:40:13 [info]  2
Sep 05,2016 12:40:13 [info]  Test 'TC1_VersionUI' FAILED
Sep 05,2016 12:40:13 [info]  2
Sep 05,2016 12:43:25 [info]  ********************Started Executiong the Test Suite at 12:43:25******************
Sep 05,2016 12:43:25 [info]  *********************Started Executing the Test Area(Modules/TAB): 'Default test'*********************
Sep 05,2016 12:43:36 [info]  Client: CORUS
Sep 05,2016 12:43:36 [info]  URL: http://rlv3wb41/Home.aspx
Sep 05,2016 12:43:36 [info]  UserName: admin
Sep 05,2016 12:43:36 [info]  Password: admin_corus
Sep 05,2016 12:43:37 [info]  Entered "admin" in field 'User Name'
Sep 05,2016 12:43:37 [info]  Clicked on the 'Temporary Check Box'
Sep 05,2016 12:43:38 [info]  Entered "admin_corus" in field 'Password'
Sep 05,2016 12:43:46 [info]  Clicked on the 'LoginButton'
Sep 05,2016 12:43:52 [info]  *********************Started Executing 'TC1_VersionUI' Test Case*********************
Sep 05,2016 12:43:52 [info]  *********************Start Testcase - TC1_VersionUI *********************
Sep 05,2016 12:43:53 [info]  ************************Started Creating Asset of Type: Program - One-Off************************
Sep 05,2016 12:43:54 [info]  Clicked on the 'MODULE'
Sep 05,2016 12:44:05 [info]  Clicked on the 'Asset Maintenance'
Sep 05,2016 12:44:09 [info]  Clicked on the 'New Button' using JS Executor
Sep 05,2016 12:44:09 [info]  Clicked on the 'Program' using JS Executor
Sep 05,2016 12:44:19 [info]  Clicked on the 'General TAB'
Sep 05,2016 12:44:19 [info]  Verified that Expected value :[*Asset Type] is matched with Actual value :[*Asset Type]
Sep 05,2016 12:44:19 [info]  Verified that Expected value :[Asset Category] is matched with Actual value :[Asset Category]
Sep 05,2016 12:44:19 [info]  Verified that Expected value :[*Asset Name] is matched with Actual value :[*Asset Name]
Sep 05,2016 12:44:20 [info]  Verified that Expected value :[Series Title] is matched with Actual value :[Series Title]
Sep 05,2016 12:44:20 [info]  Verified that Expected value :[Parent Company] is matched with Actual value :[Parent Company]
Sep 05,2016 12:44:20 [info]  Verified that Expected value :[*Primary Channel] is matched with Actual value :[*Primary Channel]
Sep 05,2016 12:44:20 [info]  ====Failed==== Expected value is:[*Duration] but Actual value is[Duration]. Please check the screenshot with name: *Durationfor more details
Sep 05,2016 12:44:21 [info]  Verified that Expected value :[Transmission Title] is matched with Actual value :[Transmission Title]
Sep 05,2016 12:44:22 [info]  Verified that Expected value :[*Asset Status] is matched with Actual value :[*Asset Status]
Sep 05,2016 12:44:22 [info]  Verified that Expected value :[*Asset Source] is matched with Actual value :[*Asset Source]
Sep 05,2016 12:44:22 [info]  Verified that Expected value :[Non-Airable] is matched with Actual value :[Non-Airable]
Sep 05,2016 12:44:22 [info]  Verified that Expected value :[TBA] is matched with Actual value :[TBA]
Sep 05,2016 12:44:22 [info]  Verified that Expected value :[Actual Run Time] is matched with Actual value :[Actual Run Time]
Sep 05,2016 12:44:22 [info]  Selected "Program - One-Off" in "AssetTypeDropDown" drop down
Sep 05,2016 12:44:27 [info]  Entered "AUT_AssetMovies_09052016124325" in field 'AssetTitle'
Sep 05,2016 12:44:29 [info]  Clicked on the 'StudioImageIcon' using JS Executor
Sep 05,2016 12:44:30 [info]  Verified that Expected value :[Studio] is matched with Actual value :[Studio]
Sep 05,2016 12:44:42 [info]  Entered "CORUS_Studio" in field 'Studio Name'
Sep 05,2016 12:44:42 [info]  Clicked on the 'Find Button' using JS Executor
Sep 05,2016 12:44:44 [info]  Clicked on the 'Searched Studio: 'CORUS_Studio''
Sep 05,2016 12:44:44 [info]  Clicked on the 'Select Button at Studio Window' using JS Executor
Sep 05,2016 12:44:51 [info]  Clicked on the 'SBUImage' using JS Executor
Sep 05,2016 12:44:53 [info]  Verified that Expected value :[Primary Channel Template] is matched with Actual value :[Primary Channel Template]
Sep 05,2016 12:45:03 [info]  Clicked on the ''Select All' CheckBox at SBU' using JS Executor
Sep 05,2016 12:45:09 [info]  Clicked on the 'First CheckBox At SBU window'
Sep 05,2016 12:45:10 [info]  Clicked on the 'Ninth CheckBox At SBU winodw'
Sep 05,2016 12:45:12 [info]  Clicked on the 'Apply Button' using JS Executor
Sep 05,2016 12:45:13 [info]  Entered "00:30:00" in field 'Duration'
Sep 05,2016 12:45:14 [info]  Selected "Production" in "Asset Status" drop down
Sep 05,2016 12:45:14 [info]  Selected "Licensed Acquired Production" in "Asset Source" drop down
Sep 05,2016 12:45:14 [info]  Selected "DVD" in "Asset Category/Group" drop down
Sep 05,2016 12:45:15 [info]  Entered "AUT_Series" in field 'Short Name'
Sep 05,2016 12:45:15 [info]  Clicked on the 'Genre Add Button' using JS Executor
Sep 05,2016 12:45:16 [info]  Clicked on the 'Genre Type Row Field' using JS Executor
Sep 05,2016 12:45:16 [info]  Clicked on the 'Genere Type Dropdown Image'
Sep 05,2016 12:45:16 [info]  Clicked on the 'First Genere Type DropDown Value in the list'
Sep 05,2016 12:45:17 [info]  Clicked on the 'Genre Row Field' using JS Executor
Sep 05,2016 12:45:17 [info]  Clicked on the 'Genere Dropdown Image'
Sep 05,2016 12:45:17 [info]  Clicked on the 'Genere Dropdown value'
Sep 05,2016 12:45:18 [info]  Clicked on the 'Add Button of Note' using JS Executor
Sep 05,2016 12:45:30 [info]  Entered "Medium" in field 'Asset Priority'
Sep 05,2016 12:45:31 [info]  Entered "Subject For the Deal" in field 'Asset Subject'
Sep 05,2016 12:45:32 [info]  Entered "New Asset" in field 'AssetNotes TextField'
Sep 05,2016 12:45:33 [info]  Clicked on the 'OK button'
Sep 05,2016 12:45:35 [info]  Clicked on the 'Save Button' using JS Executor
Sep 05,2016 12:45:45 [info]  Verified that Expected value :[AUT_AssetMovies_09052016124325] is matched with Actual value :[AUT_AssetMovies_09052016124325]
Sep 05,2016 12:45:45 [info]  ************************Created Asset of TypeProgram - One-Off************************
Sep 05,2016 12:45:45 [info]  AUT_AssetMovies_09052016124325
Sep 05,2016 12:45:46 [info]  Clicked on the 'MODULE'
Sep 05,2016 12:45:55 [info]  Clicked on the 'Asset Maintenance'
Sep 05,2016 12:45:59 [info]  Clicked on the 'MODULE'
Sep 05,2016 12:46:08 [info]  Clicked on the 'Asset Maintenance'
Sep 05,2016 12:46:11 [info]  Clicked on the 'AssetSearchUnderAsset' using JS Executor
Sep 05,2016 12:46:25 [info]  Entered "AUT_AssetMovies_09052016124325" in field 'AssetTitle'
Sep 05,2016 12:46:26 [info]  Clicked on the 'Find Button' using JS Executor
Sep 05,2016 12:46:39 [info]  Moved Mouse over 'First Asset in the Searched Asset'
Sep 05,2016 12:46:39 [info]  Clicked on the 'First Asset in the Searched Asset'
Sep 05,2016 12:46:43 [info]  Clicked on the 'View Asset' using JS Executor
Sep 05,2016 12:47:00 [info]  Verified that Expected value :[AUT_AssetMovies_09052016124325] is matched with Actual value :[AUT_AssetMovies_09052016124325]
Sep 05,2016 12:47:02 [info]  Clicked on the 'Versions TAB'
Sep 05,2016 12:47:13 [info]  ***************Frames and default values**********************
Sep 05,2016 12:47:13 [info]  Verified that Expected value :[Versions (Same Rights)] is matched with Actual value :[Versions (Same Rights)]
Sep 05,2016 12:47:22 [info]  AMVerNameKeyValue4
Sep 05,2016 12:47:22 [info]  Verified that Expected value :[Version 1.0] is matched with Actual value :[Version 1.0]
Sep 05,2016 12:47:22 [info]  Clicked on the 'Edit Version Button' using JS Executor
Sep 05,2016 12:47:38 [info]  **********Verifying the columns in the "Versions Edit window"************
Sep 05,2016 12:47:59 [info]  Maximum Column value is - 50
Sep 05,2016 12:47:59 [info]  Minimum Column value is - 2
Sep 05,2016 12:48:02 [info]  Verified that Expected value :[*Name] is matched with Actual value :[*Name]
Sep 05,2016 12:48:03 [info]  Verified that Expected value :[Total Actual Runtime] is matched with Actual value :[Total Actual Runtime]
Sep 05,2016 12:48:03 [info]  Verified that Expected value :[*Network] is matched with Actual value :[*Network]
Sep 05,2016 12:48:03 [info]  Verified that Expected value :[Active] is matched with Actual value :[Active]
Sep 05,2016 12:48:16 [info]  Test 'TC1_VersionUI' FAILED
Sep 05,2016 12:48:16 [info]  2
Sep 05,2016 12:48:16 [info]  Test Case :TC1_VersionUI's Screenshot of Failure PageC:\SeleniumProject\Screenshots\Sep2016\\05\TC1_VersionUI_09-05-2016 12-48-16 PM.jpg
Sep 05,2016 12:48:19 [info]  Closed the Browser
Sep 05,2016 12:48:19 [info]  *********************Started Executing 'TC2_VersionProgSummary' Test Case*********************
Sep 05,2016 12:48:19 [info]  *****Test 'TC2_VersionProgSummary'*****: SKIPPED
Sep 05,2016 12:48:19 [info]  *********************Started Executing 'TC3_VersionCopy' Test Case*********************
Sep 05,2016 12:48:19 [info]  Test 'TC3_VersionCopy' FAILED
Sep 05,2016 12:48:19 [info]  2
Sep 05,2016 12:48:19 [info]  Test 'TC3_VersionCopy' FAILED
Sep 05,2016 12:48:19 [info]  2
Sep 05,2016 12:59:04 [info]  ********************Started Executiong the Test Suite at 12:59:04******************
Sep 05,2016 12:59:04 [info]  *********************Started Executing the Test Area(Modules/TAB): 'Default test'*********************
Sep 05,2016 12:59:23 [info]  Client: CORUS
Sep 05,2016 12:59:23 [info]  URL: http://rlv3wb41/Home.aspx
Sep 05,2016 12:59:23 [info]  UserName: admin
Sep 05,2016 12:59:23 [info]  Password: admin_corus
Sep 05,2016 12:59:26 [info]  Entered "admin" in field 'User Name'
Sep 05,2016 12:59:26 [info]  Clicked on the 'Temporary Check Box'
Sep 05,2016 12:59:27 [info]  Entered "admin_corus" in field 'Password'
Sep 05,2016 12:59:35 [info]  Clicked on the 'LoginButton'
Sep 05,2016 12:59:41 [info]  *********************Started Executing 'TC1_VersionUI' Test Case*********************
Sep 05,2016 12:59:41 [info]  *********************Start Testcase - TC1_VersionUI *********************
Sep 05,2016 12:59:42 [info]  ************************Started Creating Asset of Type: Program - One-Off************************
Sep 05,2016 12:59:43 [info]  Clicked on the 'MODULE'
Sep 05,2016 12:59:53 [info]  Clicked on the 'Asset Maintenance'
Sep 05,2016 12:59:57 [info]  Clicked on the 'New Button' using JS Executor
Sep 05,2016 12:59:57 [info]  Clicked on the 'Program' using JS Executor
Sep 05,2016 13:00:07 [info]  Clicked on the 'General TAB'
Sep 05,2016 13:00:07 [info]  Verified that Expected value :[*Asset Type] is matched with Actual value :[*Asset Type]
Sep 05,2016 13:00:07 [info]  Verified that Expected value :[Asset Category] is matched with Actual value :[Asset Category]
Sep 05,2016 13:00:07 [info]  Verified that Expected value :[*Asset Name] is matched with Actual value :[*Asset Name]
Sep 05,2016 13:00:08 [info]  Verified that Expected value :[Series Title] is matched with Actual value :[Series Title]
Sep 05,2016 13:00:08 [info]  Verified that Expected value :[Parent Company] is matched with Actual value :[Parent Company]
Sep 05,2016 13:00:08 [info]  Verified that Expected value :[*Primary Channel] is matched with Actual value :[*Primary Channel]
Sep 05,2016 13:00:08 [info]  Verified that Expected value :[Duration] is matched with Actual value :[Duration]
Sep 05,2016 13:00:09 [info]  Verified that Expected value :[Transmission Title] is matched with Actual value :[Transmission Title]
Sep 05,2016 13:00:09 [info]  Verified that Expected value :[*Asset Status] is matched with Actual value :[*Asset Status]
Sep 05,2016 13:00:09 [info]  Verified that Expected value :[*Asset Source] is matched with Actual value :[*Asset Source]
Sep 05,2016 13:00:09 [info]  Verified that Expected value :[Non-Airable] is matched with Actual value :[Non-Airable]
Sep 05,2016 13:00:09 [info]  Verified that Expected value :[TBA] is matched with Actual value :[TBA]
Sep 05,2016 13:00:10 [info]  Verified that Expected value :[Actual Run Time] is matched with Actual value :[Actual Run Time]
Sep 05,2016 13:00:10 [info]  Selected "Program - One-Off" in "AssetTypeDropDown" drop down
Sep 05,2016 13:00:15 [info]  Entered "AUT_AssetMovies_09052016125903" in field 'AssetTitle'
Sep 05,2016 13:00:16 [info]  Clicked on the 'StudioImageIcon' using JS Executor
Sep 05,2016 13:00:18 [info]  Verified that Expected value :[Studio] is matched with Actual value :[Studio]
Sep 05,2016 13:00:29 [info]  Entered "CORUS_Studio" in field 'Studio Name'
Sep 05,2016 13:00:29 [info]  Clicked on the 'Find Button' using JS Executor
Sep 05,2016 13:00:31 [info]  Clicked on the 'Searched Studio: 'CORUS_Studio''
Sep 05,2016 13:00:31 [info]  Clicked on the 'Select Button at Studio Window' using JS Executor
Sep 05,2016 13:00:38 [info]  Clicked on the 'SBUImage' using JS Executor
Sep 05,2016 13:00:39 [info]  Verified that Expected value :[Primary Channel Template] is matched with Actual value :[Primary Channel Template]
Sep 05,2016 13:00:50 [info]  Clicked on the ''Select All' CheckBox at SBU' using JS Executor
Sep 05,2016 13:00:56 [info]  Clicked on the 'First CheckBox At SBU window'
Sep 05,2016 13:00:56 [info]  Clicked on the 'Ninth CheckBox At SBU winodw'
Sep 05,2016 13:00:59 [info]  Clicked on the 'Apply Button' using JS Executor
Sep 05,2016 13:00:59 [info]  Entered "00:30:00" in field 'Duration'
Sep 05,2016 13:01:00 [info]  Selected "Production" in "Asset Status" drop down
Sep 05,2016 13:01:00 [info]  Selected "Licensed Acquired Production" in "Asset Source" drop down
Sep 05,2016 13:01:01 [info]  Selected "DVD" in "Asset Category/Group" drop down
Sep 05,2016 13:01:02 [info]  Entered "AUT_Series" in field 'Short Name'
Sep 05,2016 13:01:02 [info]  Clicked on the 'Genre Add Button' using JS Executor
Sep 05,2016 13:01:02 [info]  Clicked on the 'Genre Type Row Field' using JS Executor
Sep 05,2016 13:01:02 [info]  Clicked on the 'Genere Type Dropdown Image'
Sep 05,2016 13:01:03 [info]  Clicked on the 'First Genere Type DropDown Value in the list'
Sep 05,2016 13:01:03 [info]  Clicked on the 'Genre Row Field' using JS Executor
Sep 05,2016 13:01:03 [info]  Clicked on the 'Genere Dropdown Image'
Sep 05,2016 13:01:04 [info]  Clicked on the 'Genere Dropdown value'
Sep 05,2016 13:01:04 [info]  Clicked on the 'Add Button of Note' using JS Executor
Sep 05,2016 13:01:17 [info]  Entered "Medium" in field 'Asset Priority'
Sep 05,2016 13:01:17 [info]  Entered "Subject For the Deal" in field 'Asset Subject'
Sep 05,2016 13:01:18 [info]  Entered "New Asset" in field 'AssetNotes TextField'
Sep 05,2016 13:01:19 [info]  Clicked on the 'OK button'
Sep 05,2016 13:01:21 [info]  Clicked on the 'Save Button' using JS Executor
Sep 05,2016 13:01:32 [info]  Verified that Expected value :[AUT_AssetMovies_09052016125903] is matched with Actual value :[AUT_AssetMovies_09052016125903]
Sep 05,2016 13:01:32 [info]  ************************Created Asset of TypeProgram - One-Off************************
Sep 05,2016 13:01:32 [info]  AUT_AssetMovies_09052016125903
Sep 05,2016 13:01:32 [info]  Clicked on the 'MODULE'
Sep 05,2016 13:01:41 [info]  Clicked on the 'Asset Maintenance'
Sep 05,2016 13:01:46 [info]  Clicked on the 'MODULE'
Sep 05,2016 13:01:55 [info]  Clicked on the 'Asset Maintenance'
Sep 05,2016 13:01:58 [info]  Clicked on the 'AssetSearchUnderAsset' using JS Executor
Sep 05,2016 13:02:12 [info]  Entered "AUT_AssetMovies_09052016125903" in field 'AssetTitle'
Sep 05,2016 13:02:12 [info]  Clicked on the 'Find Button' using JS Executor
Sep 05,2016 13:02:25 [info]  Moved Mouse over 'First Asset in the Searched Asset'
Sep 05,2016 13:02:26 [info]  Clicked on the 'First Asset in the Searched Asset'
Sep 05,2016 13:02:29 [info]  Clicked on the 'View Asset' using JS Executor
Sep 05,2016 13:02:47 [info]  Verified that Expected value :[AUT_AssetMovies_09052016125903] is matched with Actual value :[AUT_AssetMovies_09052016125903]
Sep 05,2016 13:02:49 [info]  Clicked on the 'Versions TAB'
Sep 05,2016 13:03:00 [info]  ***************Frames and default values**********************
Sep 05,2016 13:03:00 [info]  Verified that Expected value :[Versions (Same Rights)] is matched with Actual value :[Versions (Same Rights)]
Sep 05,2016 13:03:08 [info]  AMVerNameKeyValue4
Sep 05,2016 13:03:09 [info]  Verified that Expected value :[Version 1.0] is matched with Actual value :[Version 1.0]
Sep 05,2016 13:03:09 [info]  Clicked on the 'Edit Version Button' using JS Executor
Sep 05,2016 13:03:25 [info]  **********Verifying the columns in the "Versions Edit window"************
Sep 05,2016 13:03:44 [info]  Maximum Column value is - 50
Sep 05,2016 13:03:44 [info]  Minimum Column value is - 2
Sep 05,2016 13:03:47 [info]  Verified that Expected value :[*Name] is matched with Actual value :[*Name]
Sep 05,2016 13:03:47 [info]  Verified that Expected value :[Total Actual Runtime] is matched with Actual value :[Total Actual Runtime]
Sep 05,2016 13:03:48 [info]  Verified that Expected value :[*Network] is matched with Actual value :[*Network]
Sep 05,2016 13:03:48 [info]  Verified that Expected value :[Active] is matched with Actual value :[Active]
Sep 05,2016 13:03:51 [info]  Test 'TC1_VersionUI' FAILED
Sep 05,2016 13:03:51 [info]  2
Sep 05,2016 13:03:51 [info]  Test Case :TC1_VersionUI's Screenshot of Failure Page: C:\SeleniumProject\Screenshots\Sep2016\\05\TC1_VersionUI_09-05-2016 1-03-51 PM.jpg
Sep 05,2016 13:03:53 [info]  Closed the Browser
Sep 05,2016 13:03:53 [info]  *********************Started Executing 'TC2_VersionProgSummary' Test Case*********************
Sep 05,2016 13:03:53 [info]  *****Test 'TC2_VersionProgSummary'*****: SKIPPED
Sep 05,2016 13:03:53 [info]  *********************Started Executing 'TC3_VersionCopy' Test Case*********************
Sep 05,2016 13:03:53 [info]  Test 'TC3_VersionCopy' FAILED
Sep 05,2016 13:03:53 [info]  2
Sep 05,2016 13:03:53 [info]  Test 'TC3_VersionCopy' FAILED
Sep 05,2016 13:03:53 [info]  2
Sep 05,2016 13:14:24 [info]  ********************Started Executiong the Test Suite at 13:14:24******************
Sep 05,2016 13:14:24 [info]  *********************Started Executing the Test Area(Modules/TAB): 'Default test'*********************
Sep 05,2016 13:14:34 [info]  Client: CORUS
Sep 05,2016 13:14:34 [info]  URL: http://rlv3wb41/Home.aspx
Sep 05,2016 13:14:34 [info]  UserName: admin
Sep 05,2016 13:14:34 [info]  Password: admin_corus
Sep 05,2016 13:14:35 [info]  Entered "admin" in field 'User Name'
Sep 05,2016 13:14:35 [info]  Clicked on the 'Temporary Check Box'
Sep 05,2016 13:14:36 [info]  Entered "admin_corus" in field 'Password'
Sep 05,2016 13:14:43 [info]  Clicked on the 'LoginButton'
Sep 05,2016 13:14:49 [info]  *********************Started Executing 'testscript' Test Case*********************
Sep 05,2016 13:15:45 [info]  Verified that Expected value :[Format] is matched with Actual value :[Format]
Sep 05,2016 13:15:46 [info]  Verified that Expected value :[Default] is matched with Actual value :[Default]
Sep 05,2016 13:15:46 [info]  Verified that Expected value :[Schedule Block] is matched with Actual value :[Schedule Block]
Sep 05,2016 13:15:46 [info]  **********Verifying the Buttons in the "Versions Edit window"************
Sep 05,2016 13:15:46 [info]  Verified that Expected value :[Add] is matched with Actual value :[Add]
Sep 05,2016 13:15:46 [info]  Verified that Expected value :[Copy] is matched with Actual value :[Copy]
Sep 05,2016 13:15:46 [info]  Verified that Expected value :[Delete] is matched with Actual value :[Delete]
Sep 05,2016 13:15:47 [info]  Verified that Expected value :[Save] is matched with Actual value :[Save]
Sep 05,2016 13:15:47 [info]  Verified that Expected value :[Cancel] is matched with Actual value :[Cancel]
Sep 05,2016 13:15:47 [info]  **********The default values in the row************
Sep 05,2016 13:16:01 [info]  Verified that Expected value :[Version 1.0] is matched with Actual value :[Version 1.0]
Sep 05,2016 13:16:01 [info]  ====Failed==== Expected value is:[30:00] but Actual value is[000:00]. Please check the screenshot with name: 30:00for more details
Sep 05,2016 13:16:02 [info]  ********************************************************************
Sep 05,2016 13:16:02 [info]  Clicked on the 'NETWORKHeader_Field'
Sep 05,2016 13:16:02 [info]  Entered "" in field 'NETWORKHeader_Field'
Sep 05,2016 13:16:03 [info]  Clicked on the 'Add Button at Edit Version Window' using JS Executor
Sep 05,2016 13:16:06 [info]  Clicked on the 'Version Name Field SecondRow at Edit Version Window'
Sep 05,2016 13:16:06 [info]  Entered "Version 2.0" in field 'Name InputField at Edit Version Window'
Sep 05,2016 13:16:06 [info]  Test 'testscript' FAILED
Sep 05,2016 13:16:06 [info]  2
Sep 05,2016 13:16:07 [info]  Test Case :testscript's Screenshot of Failure Page: C:\SeleniumProject\Screenshots\Sep2016\\05\testscript_09-05-2016 1-16-06 PM.jpg
Sep 05,2016 13:16:08 [info]  Closed the Browser
Sep 05,2016 13:17:22 [info]  ********************Started Executiong the Test Suite at 13:17:22******************
Sep 05,2016 13:17:22 [info]  *********************Started Executing the Test Area(Modules/TAB): 'Default test'*********************
Sep 05,2016 13:17:31 [info]  Client: CORUS
Sep 05,2016 13:17:31 [info]  URL: http://rlv3wb41/Home.aspx
Sep 05,2016 13:17:31 [info]  UserName: admin
Sep 05,2016 13:17:31 [info]  Password: admin_corus
Sep 05,2016 13:17:32 [info]  Entered "admin" in field 'User Name'
Sep 05,2016 13:17:32 [info]  Clicked on the 'Temporary Check Box'
Sep 05,2016 13:17:33 [info]  Entered "admin_corus" in field 'Password'
Sep 05,2016 13:17:41 [info]  Clicked on the 'LoginButton'
Sep 05,2016 13:17:47 [info]  *********************Started Executing 'testscript' Test Case*********************
Sep 05,2016 13:18:28 [info]  Verified that Expected value :[Format] is matched with Actual value :[Format]
Sep 05,2016 13:18:28 [info]  Verified that Expected value :[Default] is matched with Actual value :[Default]
Sep 05,2016 13:18:28 [info]  Verified that Expected value :[Schedule Block] is matched with Actual value :[Schedule Block]
Sep 05,2016 13:18:28 [info]  **********Verifying the Buttons in the "Versions Edit window"************
Sep 05,2016 13:18:28 [info]  Verified that Expected value :[Add] is matched with Actual value :[Add]
Sep 05,2016 13:18:29 [info]  Verified that Expected value :[Copy] is matched with Actual value :[Copy]
Sep 05,2016 13:18:29 [info]  Verified that Expected value :[Delete] is matched with Actual value :[Delete]
Sep 05,2016 13:18:29 [info]  Verified that Expected value :[Save] is matched with Actual value :[Save]
Sep 05,2016 13:18:29 [info]  Verified that Expected value :[Cancel] is matched with Actual value :[Cancel]
Sep 05,2016 13:18:29 [info]  **********The default values in the row************
Sep 05,2016 13:18:44 [info]  Verified that Expected value :[Version 1.0] is matched with Actual value :[Version 1.0]
Sep 05,2016 13:18:44 [info]  ====Failed==== Expected value is:[30:00] but Actual value is[000:00]. Please check the screenshot with name: 30:00for more details
Sep 05,2016 13:18:44 [info]  ********************************************************************
Sep 05,2016 13:18:44 [info]  Clicked on the 'NETWORKHeader_Field'
Sep 05,2016 13:18:45 [info]  Entered "" in field 'NETWORKHeader_Field'
Sep 05,2016 13:18:45 [info]  Clicked on the 'Add Button at Edit Version Window' using JS Executor
Sep 05,2016 13:18:48 [info]  Clicked on the 'Version Name Field SecondRow at Edit Version Window'
Sep 05,2016 13:18:49 [info]  Entered "Version 2.0" in field 'Name InputField at Edit Version Window'
Sep 05,2016 13:18:49 [info]  Test 'testscript' FAILED
Sep 05,2016 13:18:49 [info]  2
Sep 05,2016 13:18:49 [info]  Test Case :testscript's Screenshot of Failure Page: C:\SeleniumProject\Screenshots\Sep2016\\05\testscript_09-05-2016 1-18-49 PM.jpg
Sep 05,2016 13:18:50 [info]  Closed the Browser
Sep 05,2016 13:59:07 [info]  ********************Started Executiong the Test Suite at 13:59:07******************
Sep 05,2016 13:59:07 [info]  *********************Started Executing the Test Area(Modules/TAB): 'Default test'*********************
Sep 05,2016 13:59:16 [info]  Client: CORUS
Sep 05,2016 13:59:16 [info]  URL: http://rlv3wb41/Home.aspx
Sep 05,2016 13:59:16 [info]  UserName: admin
Sep 05,2016 13:59:16 [info]  Password: admin_corus
Sep 05,2016 13:59:18 [info]  Entered "admin" in field 'User Name'
Sep 05,2016 13:59:18 [info]  Clicked on the 'Temporary Check Box'
Sep 05,2016 13:59:19 [info]  Entered "admin_corus" in field 'Password'
Sep 05,2016 13:59:26 [info]  Clicked on the 'LoginButton'
Sep 05,2016 13:59:32 [info]  *********************Started Executing 'testscript' Test Case*********************
Sep 05,2016 14:02:14 [info]  Test 'testscript' FAILED
Sep 05,2016 14:02:14 [info]  2
Sep 05,2016 14:02:15 [info]  Test Case :testscript's Screenshot of Failure Page: C:\SeleniumProject\Screenshots\Sep2016\\05\testscript_09-05-2016 2-02-14 PM.jpg
Sep 05,2016 14:02:16 [info]  Closed the Browser
Sep 05,2016 14:05:49 [info]  ********************Started Executiong the Test Suite at 14:05:49******************
Sep 05,2016 14:05:49 [info]  *********************Started Executing the Test Area(Modules/TAB): 'Default test'*********************
Sep 05,2016 14:05:58 [info]  Client: CORUS
Sep 05,2016 14:05:58 [info]  URL: http://rlv3wb41/Home.aspx
Sep 05,2016 14:05:58 [info]  UserName: admin
Sep 05,2016 14:05:58 [info]  Password: admin_corus
Sep 05,2016 14:05:59 [info]  Entered "admin" in field 'User Name'
Sep 05,2016 14:06:00 [info]  Clicked on the 'Temporary Check Box'
Sep 05,2016 14:06:00 [info]  Entered "admin_corus" in field 'Password'
Sep 05,2016 14:06:13 [info]  Clicked on the 'LoginButton'
Sep 05,2016 14:06:19 [info]  *********************Started Executing 'testscript' Test Case*********************
Sep 05,2016 14:07:28 [info]  Test 'testscript' FAILED
Sep 05,2016 14:07:28 [info]  2
Sep 05,2016 14:07:28 [info]  Test Case :testscript's Screenshot of Failure Page: C:\SeleniumProject\Screenshots\Sep2016\\05\testscript_09-05-2016 2-07-28 PM.jpg
Sep 05,2016 14:07:29 [info]  Closed the Browser
Sep 05,2016 14:08:52 [info]  ********************Started Executiong the Test Suite at 14:08:52******************
Sep 05,2016 14:08:52 [info]  *********************Started Executing the Test Area(Modules/TAB): 'Default test'*********************
Sep 05,2016 14:09:01 [info]  Client: CORUS
Sep 05,2016 14:09:01 [info]  URL: http://rlv3wb41/Home.aspx
Sep 05,2016 14:09:01 [info]  UserName: admin
Sep 05,2016 14:09:01 [info]  Password: admin_corus
Sep 05,2016 14:09:02 [info]  Entered "admin" in field 'User Name'
Sep 05,2016 14:09:02 [info]  Clicked on the 'Temporary Check Box'
Sep 05,2016 14:09:03 [info]  Entered "admin_corus" in field 'Password'
Sep 05,2016 14:09:10 [info]  Clicked on the 'LoginButton'
Sep 05,2016 14:09:16 [info]  *********************Started Executing 'testscript' Test Case*********************
Sep 05,2016 14:09:54 [info]  Test 'testscript' FAILED
Sep 05,2016 14:09:54 [info]  2
Sep 05,2016 14:09:54 [info]  Test Case :testscript's Screenshot of Failure Page: C:\SeleniumProject\Screenshots\Sep2016\\05\testscript_09-05-2016 2-09-54 PM.jpg
Sep 05,2016 14:09:55 [info]  Closed the Browser
Sep 05,2016 14:14:07 [info]  ********************Started Executiong the Test Suite at 14:14:07******************
Sep 05,2016 14:14:07 [info]  *********************Started Executing the Test Area(Modules/TAB): 'Default test'*********************
Sep 05,2016 14:14:16 [info]  Client: CORUS
Sep 05,2016 14:14:16 [info]  URL: http://rlv3wb41/Home.aspx
Sep 05,2016 14:14:16 [info]  UserName: admin
Sep 05,2016 14:14:16 [info]  Password: admin_corus
Sep 05,2016 14:14:17 [info]  Entered "admin" in field 'User Name'
Sep 05,2016 14:14:17 [info]  Clicked on the 'Temporary Check Box'
Sep 05,2016 14:14:18 [info]  Entered "admin_corus" in field 'Password'
Sep 05,2016 14:14:26 [info]  Clicked on the 'LoginButton'
Sep 05,2016 14:14:32 [info]  *********************Started Executing 'testscript' Test Case*********************
Sep 05,2016 14:15:13 [info]  Test 'testscript' FAILED
Sep 05,2016 14:15:13 [info]  2
Sep 05,2016 14:15:13 [info]  Test Case :testscript's Screenshot of Failure Page: C:\SeleniumProject\Screenshots\Sep2016\\05\testscript_09-05-2016 2-15-13 PM.jpg
Sep 05,2016 14:15:14 [info]  Closed the Browser
Sep 05,2016 14:17:41 [info]  ********************Started Executiong the Test Suite at 14:17:41******************
Sep 05,2016 14:17:41 [info]  *********************Started Executing the Test Area(Modules/TAB): 'Default test'*********************
Sep 05,2016 14:17:50 [info]  Client: CORUS
Sep 05,2016 14:17:50 [info]  URL: http://rlv3wb41/Home.aspx
Sep 05,2016 14:17:50 [info]  UserName: admin
Sep 05,2016 14:17:50 [info]  Password: admin_corus
Sep 05,2016 14:17:51 [info]  Entered "admin" in field 'User Name'
Sep 05,2016 14:17:52 [info]  Clicked on the 'Temporary Check Box'
Sep 05,2016 14:17:52 [info]  Entered "admin_corus" in field 'Password'
Sep 05,2016 14:18:09 [info]  Clicked on the 'LoginButton'
Sep 05,2016 14:18:15 [info]  *********************Started Executing 'testscript' Test Case*********************
Sep 05,2016 14:18:45 [info]  Test 'testscript' FAILED
Sep 05,2016 14:18:45 [info]  2
Sep 05,2016 14:18:45 [info]  Test Case :testscript's Screenshot of Failure Page: C:\SeleniumProject\Screenshots\Sep2016\\05\testscript_09-05-2016 2-18-45 PM.jpg
Sep 05,2016 14:18:46 [info]  Closed the Browser
Sep 05,2016 14:22:03 [info]  ********************Started Executiong the Test Suite at 14:22:03******************
Sep 05,2016 14:22:03 [info]  *********************Started Executing the Test Area(Modules/TAB): 'Default test'*********************
Sep 05,2016 14:22:12 [info]  Client: CORUS
Sep 05,2016 14:22:12 [info]  URL: http://rlv3wb41/Home.aspx
Sep 05,2016 14:22:12 [info]  UserName: admin
Sep 05,2016 14:22:12 [info]  Password: admin_corus
Sep 05,2016 14:22:13 [info]  Entered "admin" in field 'User Name'
Sep 05,2016 14:22:13 [info]  Clicked on the 'Temporary Check Box'
Sep 05,2016 14:22:14 [info]  Entered "admin_corus" in field 'Password'
Sep 05,2016 14:22:27 [info]  Clicked on the 'LoginButton'
Sep 05,2016 14:22:33 [info]  *********************Started Executing 'testscript' Test Case*********************
Sep 05,2016 14:23:07 [info]  Test 'testscript' FAILED
Sep 05,2016 14:23:07 [info]  2
Sep 05,2016 14:23:07 [info]  Test Case :testscript's Screenshot of Failure Page: C:\SeleniumProject\Screenshots\Sep2016\\05\testscript_09-05-2016 2-23-07 PM.jpg
Sep 05,2016 14:23:08 [info]  Closed the Browser
Sep 05,2016 14:27:11 [info]  ********************Started Executiong the Test Suite at 14:27:11******************
Sep 05,2016 14:27:11 [info]  *********************Started Executing the Test Area(Modules/TAB): 'Default test'*********************
Sep 05,2016 14:27:21 [info]  Client: CORUS
Sep 05,2016 14:27:21 [info]  URL: http://rlv3wb41/Home.aspx
Sep 05,2016 14:27:21 [info]  UserName: admin
Sep 05,2016 14:27:21 [info]  Password: admin_corus
Sep 05,2016 14:27:22 [info]  Entered "admin" in field 'User Name'
Sep 05,2016 14:27:22 [info]  Clicked on the 'Temporary Check Box'
Sep 05,2016 14:27:23 [info]  Entered "admin_corus" in field 'Password'
Sep 05,2016 14:27:31 [info]  Clicked on the 'LoginButton'
Sep 05,2016 14:27:37 [info]  *********************Started Executing 'testscript' Test Case*********************
Sep 05,2016 14:30:18 [info]  Test 'testscript' FAILED
Sep 05,2016 14:30:18 [info]  2
Sep 05,2016 14:30:18 [info]  Test Case :testscript's Screenshot of Failure Page: C:\SeleniumProject\Screenshots\Sep2016\\05\testscript_09-05-2016 2-30-18 PM.jpg
Sep 05,2016 14:30:20 [info]  Closed the Browser
Sep 05,2016 14:50:53 [info]  ********************Started Executiong the Test Suite at 14:50:53******************
Sep 05,2016 14:50:53 [info]  *********************Started Executing the Test Area(Modules/TAB): 'Default test'*********************
Sep 05,2016 14:51:02 [info]  Client: CORUS
Sep 05,2016 14:51:02 [info]  URL: http://rlv3wb41/Home.aspx
Sep 05,2016 14:51:02 [info]  UserName: admin
Sep 05,2016 14:51:02 [info]  Password: admin_corus
Sep 05,2016 14:51:03 [info]  Entered "admin" in field 'User Name'
Sep 05,2016 14:51:03 [info]  Clicked on the 'Temporary Check Box'
Sep 05,2016 14:51:04 [info]  Entered "admin_corus" in field 'Password'
Sep 05,2016 14:51:11 [info]  Clicked on the 'LoginButton'
Sep 05,2016 14:51:17 [info]  *********************Started Executing 'testscript' Test Case*********************
Sep 05,2016 14:51:48 [info]  Test 'testscript' FAILED
Sep 05,2016 14:51:48 [info]  2
Sep 05,2016 14:51:48 [info]  Test Case :testscript's Screenshot of Failure Page: C:\SeleniumProject\Screenshots\Sep2016\\05\testscript_09-05-2016 2-51-48 PM.jpg
Sep 05,2016 14:51:49 [info]  Closed the Browser
Sep 05,2016 14:54:48 [info]  ********************Started Executiong the Test Suite at 14:54:48******************
Sep 05,2016 14:54:48 [info]  *********************Started Executing the Test Area(Modules/TAB): 'Default test'*********************
Sep 05,2016 14:54:57 [info]  Client: CORUS
Sep 05,2016 14:54:57 [info]  URL: http://rlv3wb41/Home.aspx
Sep 05,2016 14:54:57 [info]  UserName: admin
Sep 05,2016 14:54:57 [info]  Password: admin_corus
Sep 05,2016 14:54:58 [info]  Entered "admin" in field 'User Name'
Sep 05,2016 14:54:59 [info]  Clicked on the 'Temporary Check Box'
Sep 05,2016 14:54:59 [info]  Entered "admin_corus" in field 'Password'
Sep 05,2016 14:55:07 [info]  Clicked on the 'LoginButton'
Sep 05,2016 14:55:13 [info]  *********************Started Executing 'testscript' Test Case*********************
Sep 05,2016 14:55:33 [info]  Test 'testscript' FAILED
Sep 05,2016 14:55:33 [info]  2
Sep 05,2016 14:55:33 [info]  Test Case :testscript's Screenshot of Failure Page: C:\SeleniumProject\Screenshots\Sep2016\\05\testscript_09-05-2016 2-55-33 PM.jpg
Sep 05,2016 14:55:34 [info]  Closed the Browser
Sep 05,2016 14:59:05 [info]  ********************Started Executiong the Test Suite at 14:59:05******************
Sep 05,2016 14:59:05 [info]  *********************Started Executing the Test Area(Modules/TAB): 'Default test'*********************
Sep 05,2016 14:59:14 [info]  Client: CORUS
Sep 05,2016 14:59:14 [info]  URL: http://rlv3wb41/Home.aspx
Sep 05,2016 14:59:14 [info]  UserName: admin
Sep 05,2016 14:59:14 [info]  Password: admin_corus
Sep 05,2016 14:59:15 [info]  Entered "admin" in field 'User Name'
Sep 05,2016 14:59:15 [info]  Clicked on the 'Temporary Check Box'
Sep 05,2016 14:59:16 [info]  Entered "admin_corus" in field 'Password'
Sep 05,2016 14:59:23 [info]  Clicked on the 'LoginButton'
Sep 05,2016 14:59:29 [info]  *********************Started Executing 'testscript' Test Case*********************
Sep 05,2016 15:01:27 [info]  ********************Started Executiong the Test Suite at 15:01:27******************
Sep 05,2016 15:01:27 [info]  *********************Started Executing the Test Area(Modules/TAB): 'Default test'*********************
Sep 05,2016 15:01:36 [info]  Client: CORUS
Sep 05,2016 15:01:36 [info]  URL: http://rlv3wb41/Home.aspx
Sep 05,2016 15:01:36 [info]  UserName: admin
Sep 05,2016 15:01:36 [info]  Password: admin_corus
Sep 05,2016 15:01:37 [info]  Entered "admin" in field 'User Name'
Sep 05,2016 15:01:38 [info]  Clicked on the 'Temporary Check Box'
Sep 05,2016 15:01:38 [info]  Entered "admin_corus" in field 'Password'
Sep 05,2016 15:01:50 [info]  Clicked on the 'LoginButton'
Sep 05,2016 15:01:56 [info]  *********************Started Executing 'testscript' Test Case*********************
Sep 05,2016 15:02:18 [info]  Clicked on the 'NETWORKHeader_Field'
Sep 05,2016 15:02:18 [info]  Test 'testscript' PASSED
Sep 05,2016 15:02:19 [info]  Closed the Browser
Sep 05,2016 15:03:36 [info]  ********************Started Executiong the Test Suite at 15:03:36******************
Sep 05,2016 15:03:36 [info]  *********************Started Executing the Test Area(Modules/TAB): 'Default test'*********************
Sep 05,2016 15:03:45 [info]  Client: CORUS
Sep 05,2016 15:03:45 [info]  URL: http://rlv3wb41/Home.aspx
Sep 05,2016 15:03:45 [info]  UserName: admin
Sep 05,2016 15:03:45 [info]  Password: admin_corus
Sep 05,2016 15:03:46 [info]  Entered "admin" in field 'User Name'
Sep 05,2016 15:03:47 [info]  Clicked on the 'Temporary Check Box'
Sep 05,2016 15:03:47 [info]  Entered "admin_corus" in field 'Password'
Sep 05,2016 15:03:55 [info]  Clicked on the 'LoginButton'
Sep 05,2016 15:04:01 [info]  *********************Started Executing 'testscript' Test Case*********************
Sep 05,2016 15:04:43 [info]  Clicked on the 'NETWORKHeader_Field'
Sep 05,2016 15:04:43 [info]  Test 'testscript' PASSED
Sep 05,2016 15:04:44 [info]  Closed the Browser
Sep 05,2016 15:05:49 [info]  ********************Started Executiong the Test Suite at 15:05:49******************
Sep 05,2016 15:05:49 [info]  *********************Started Executing the Test Area(Modules/TAB): 'Default test'*********************
Sep 05,2016 15:05:58 [info]  Client: CORUS
Sep 05,2016 15:05:58 [info]  URL: http://rlv3wb41/Home.aspx
Sep 05,2016 15:05:58 [info]  UserName: admin
Sep 05,2016 15:05:58 [info]  Password: admin_corus
Sep 05,2016 15:05:59 [info]  Entered "admin" in field 'User Name'
Sep 05,2016 15:06:00 [info]  Clicked on the 'Temporary Check Box'
Sep 05,2016 15:06:00 [info]  Entered "admin_corus" in field 'Password'
Sep 05,2016 15:06:08 [info]  Clicked on the 'LoginButton'
Sep 05,2016 15:06:14 [info]  *********************Started Executing 'testscript' Test Case*********************
Sep 05,2016 15:06:45 [info]  Test 'testscript' FAILED
Sep 05,2016 15:06:45 [info]  2
Sep 05,2016 15:06:45 [info]  Test Case :testscript's Screenshot of Failure Page: C:\SeleniumProject\Screenshots\Sep2016\\05\testscript_09-05-2016 3-06-45 PM.jpg
Sep 05,2016 15:06:46 [info]  Closed the Browser
Sep 05,2016 15:10:21 [info]  ********************Started Executiong the Test Suite at 15:10:21******************
Sep 05,2016 15:10:21 [info]  *********************Started Executing the Test Area(Modules/TAB): 'Default test'*********************
Sep 05,2016 15:10:30 [info]  Client: CORUS
Sep 05,2016 15:10:30 [info]  URL: http://rlv3wb41/Home.aspx
Sep 05,2016 15:10:30 [info]  UserName: admin
Sep 05,2016 15:10:30 [info]  Password: admin_corus
Sep 05,2016 15:10:31 [info]  Entered "admin" in field 'User Name'
Sep 05,2016 15:10:31 [info]  Clicked on the 'Temporary Check Box'
Sep 05,2016 15:10:32 [info]  Entered "admin_corus" in field 'Password'
Sep 05,2016 15:10:46 [info]  Clicked on the 'LoginButton'
Sep 05,2016 15:10:52 [info]  *********************Started Executing 'testscript' Test Case*********************
Sep 05,2016 15:11:12 [info]  Clicked on the 'NETWORKHeader_Field'
Sep 05,2016 15:11:12 [info]  Test 'testscript' PASSED
Sep 05,2016 15:11:12 [info]  Closed the Browser
Sep 05,2016 15:22:01 [info]  ********************Started Executiong the Test Suite at 15:22:01******************
Sep 05,2016 15:22:01 [info]  *********************Started Executing the Test Area(Modules/TAB): 'Default test'*********************
Sep 05,2016 15:22:10 [info]  Client: CORUS
Sep 05,2016 15:22:10 [info]  URL: http://rlv3wb41/Home.aspx
Sep 05,2016 15:22:10 [info]  UserName: admin
Sep 05,2016 15:22:10 [info]  Password: admin_corus
Sep 05,2016 15:22:11 [info]  Entered "admin" in field 'User Name'
Sep 05,2016 15:22:11 [info]  Clicked on the 'Temporary Check Box'
Sep 05,2016 15:22:12 [info]  Entered "admin_corus" in field 'Password'
Sep 05,2016 15:22:21 [info]  Clicked on the 'LoginButton'
Sep 05,2016 15:22:27 [info]  *********************Started Executing 'TC1_VersionUI' Test Case*********************
Sep 05,2016 15:22:27 [info]  *********************Start Testcase - TC1_VersionUI *********************
Sep 05,2016 15:22:27 [info]  ************************Started Creating Asset of Type: Program - One-Off************************
Sep 05,2016 15:22:28 [info]  Clicked on the 'MODULE'
Sep 05,2016 15:22:38 [info]  Clicked on the 'Asset Maintenance'
Sep 05,2016 15:22:42 [info]  Clicked on the 'New Button' using JS Executor
Sep 05,2016 15:22:42 [info]  Clicked on the 'Program' using JS Executor
Sep 05,2016 15:22:52 [info]  Clicked on the 'General TAB'
Sep 05,2016 15:22:52 [info]  Verified that Expected value :[*Asset Type] is matched with Actual value :[*Asset Type]
Sep 05,2016 15:22:52 [info]  Verified that Expected value :[Asset Category] is matched with Actual value :[Asset Category]
Sep 05,2016 15:22:53 [info]  Verified that Expected value :[*Asset Name] is matched with Actual value :[*Asset Name]
Sep 05,2016 15:22:53 [info]  Verified that Expected value :[Series Title] is matched with Actual value :[Series Title]
Sep 05,2016 15:22:53 [info]  Verified that Expected value :[Parent Company] is matched with Actual value :[Parent Company]
Sep 05,2016 15:22:53 [info]  Verified that Expected value :[*Primary Channel] is matched with Actual value :[*Primary Channel]
Sep 05,2016 15:22:53 [info]  Verified that Expected value :[Duration] is matched with Actual value :[Duration]
Sep 05,2016 15:22:54 [info]  Verified that Expected value :[Transmission Title] is matched with Actual value :[Transmission Title]
Sep 05,2016 15:22:54 [info]  Verified that Expected value :[*Asset Status] is matched with Actual value :[*Asset Status]
Sep 05,2016 15:22:54 [info]  Verified that Expected value :[*Asset Source] is matched with Actual value :[*Asset Source]
Sep 05,2016 15:22:54 [info]  Verified that Expected value :[Non-Airable] is matched with Actual value :[Non-Airable]
Sep 05,2016 15:22:54 [info]  Verified that Expected value :[TBA] is matched with Actual value :[TBA]
Sep 05,2016 15:22:55 [info]  Verified that Expected value :[Actual Run Time] is matched with Actual value :[Actual Run Time]
Sep 05,2016 15:22:55 [info]  Selected "Program - One-Off" in "AssetTypeDropDown" drop down
Sep 05,2016 15:23:00 [info]  Entered "AUT_AssetMovies_0905201632201" in field 'AssetTitle'
Sep 05,2016 15:23:01 [info]  Clicked on the 'StudioImageIcon' using JS Executor
Sep 05,2016 15:23:03 [info]  Verified that Expected value :[Studio] is matched with Actual value :[Studio]
Sep 05,2016 15:23:14 [info]  Entered "CORUS_Studio" in field 'Studio Name'
Sep 05,2016 15:23:14 [info]  Clicked on the 'Find Button' using JS Executor
Sep 05,2016 15:23:16 [info]  Clicked on the 'Searched Studio: 'CORUS_Studio''
Sep 05,2016 15:23:16 [info]  Clicked on the 'Select Button at Studio Window' using JS Executor
Sep 05,2016 15:23:23 [info]  Clicked on the 'SBUImage' using JS Executor
Sep 05,2016 15:23:25 [info]  Verified that Expected value :[Primary Channel Template] is matched with Actual value :[Primary Channel Template]
Sep 05,2016 15:23:35 [info]  Clicked on the ''Select All' CheckBox at SBU' using JS Executor
Sep 05,2016 15:23:41 [info]  Clicked on the 'First CheckBox At SBU window'
Sep 05,2016 15:23:42 [info]  Clicked on the 'Ninth CheckBox At SBU winodw'
Sep 05,2016 15:23:44 [info]  Clicked on the 'Apply Button' using JS Executor
Sep 05,2016 15:23:45 [info]  Entered "00:30:00" in field 'Duration'
Sep 05,2016 15:23:45 [info]  Selected "Production" in "Asset Status" drop down
Sep 05,2016 15:23:46 [info]  Selected "Licensed Acquired Production" in "Asset Source" drop down
Sep 05,2016 15:23:46 [info]  Selected "DVD" in "Asset Category/Group" drop down
Sep 05,2016 15:23:47 [info]  Entered "AUT_Series" in field 'Short Name'
Sep 05,2016 15:23:47 [info]  Clicked on the 'Genre Add Button' using JS Executor
Sep 05,2016 15:23:48 [info]  Clicked on the 'Genre Type Row Field' using JS Executor
Sep 05,2016 15:23:48 [info]  Clicked on the 'Genere Type Dropdown Image'
Sep 05,2016 15:23:48 [info]  Clicked on the 'First Genere Type DropDown Value in the list'
Sep 05,2016 15:23:48 [info]  Clicked on the 'Genre Row Field' using JS Executor
Sep 05,2016 15:23:49 [info]  Clicked on the 'Genere Dropdown Image'
Sep 05,2016 15:23:49 [info]  Clicked on the 'Genere Dropdown value'
Sep 05,2016 15:23:49 [info]  Clicked on the 'Add Button of Note' using JS Executor
Sep 05,2016 15:24:02 [info]  Entered "Medium" in field 'Asset Priority'
Sep 05,2016 15:24:03 [info]  Entered "Subject For the Deal" in field 'Asset Subject'
Sep 05,2016 15:24:03 [info]  Entered "New Asset" in field 'AssetNotes TextField'
Sep 05,2016 15:24:04 [info]  Clicked on the 'OK button'
Sep 05,2016 15:24:07 [info]  Clicked on the 'Save Button' using JS Executor
Sep 05,2016 15:24:18 [info]  Verified that Expected value :[AUT_AssetMovies_0905201632201] is matched with Actual value :[AUT_AssetMovies_0905201632201]
Sep 05,2016 15:24:18 [info]  ************************Created Asset of TypeProgram - One-Off************************
Sep 05,2016 15:24:18 [info]  AUT_AssetMovies_0905201632201
Sep 05,2016 15:24:18 [info]  Clicked on the 'MODULE'
Sep 05,2016 15:24:27 [info]  Clicked on the 'Asset Maintenance'
Sep 05,2016 15:24:32 [info]  Clicked on the 'MODULE'
Sep 05,2016 15:24:41 [info]  Clicked on the 'Asset Maintenance'
Sep 05,2016 15:24:45 [info]  Clicked on the 'AssetSearchUnderAsset' using JS Executor
Sep 05,2016 15:24:57 [info]  Entered "AUT_AssetMovies_0905201632201" in field 'AssetTitle'
Sep 05,2016 15:24:58 [info]  Clicked on the 'Find Button' using JS Executor
Sep 05,2016 15:25:11 [info]  Moved Mouse over 'First Asset in the Searched Asset'
Sep 05,2016 15:25:12 [info]  Clicked on the 'First Asset in the Searched Asset'
Sep 05,2016 15:25:15 [info]  Clicked on the 'View Asset' using JS Executor
Sep 05,2016 15:25:32 [info]  Verified that Expected value :[AUT_AssetMovies_0905201632201] is matched with Actual value :[AUT_AssetMovies_0905201632201]
Sep 05,2016 15:25:34 [info]  Clicked on the 'Versions TAB'
Sep 05,2016 15:25:45 [info]  ***************Frames and default values**********************
Sep 05,2016 15:25:45 [info]  Verified that Expected value :[Versions (Same Rights)] is matched with Actual value :[Versions (Same Rights)]
Sep 05,2016 15:25:53 [info]  AMVerNameKeyValue4
Sep 05,2016 15:25:54 [info]  Verified that Expected value :[Version 1.0] is matched with Actual value :[Version 1.0]
Sep 05,2016 15:25:54 [info]  Clicked on the 'Edit Version Button' using JS Executor
Sep 05,2016 15:26:10 [info]  **********Verifying the columns in the "Versions Edit window"************
Sep 05,2016 15:26:31 [info]  Maximum Column value is - 50
Sep 05,2016 15:26:31 [info]  Minimum Column value is - 2
Sep 05,2016 15:26:34 [info]  Verified that Expected value :[*Name] is matched with Actual value :[*Name]
Sep 05,2016 15:26:34 [info]  Verified that Expected value :[Total Actual Runtime] is matched with Actual value :[Total Actual Runtime]
Sep 05,2016 15:26:34 [info]  Verified that Expected value :[*Network] is matched with Actual value :[*Network]
Sep 05,2016 15:26:34 [info]  Verified that Expected value :[Active] is matched with Actual value :[Active]
Sep 05,2016 15:26:41 [info]  Verified that Expected value :[Format] is matched with Actual value :[Format]
Sep 05,2016 15:26:41 [info]  Verified that Expected value :[Default] is matched with Actual value :[Default]
Sep 05,2016 15:26:41 [info]  Verified that Expected value :[Schedule Block] is matched with Actual value :[Schedule Block]
Sep 05,2016 15:26:41 [info]  **********Verifying the Buttons in the "Versions Edit window"************
Sep 05,2016 15:26:41 [info]  Verified that Expected value :[Add] is matched with Actual value :[Add]
Sep 05,2016 15:26:41 [info]  Verified that Expected value :[Copy] is matched with Actual value :[Copy]
Sep 05,2016 15:26:41 [info]  Verified that Expected value :[Delete] is matched with Actual value :[Delete]
Sep 05,2016 15:26:42 [info]  Verified that Expected value :[Save] is matched with Actual value :[Save]
Sep 05,2016 15:26:42 [info]  Verified that Expected value :[Cancel] is matched with Actual value :[Cancel]
Sep 05,2016 15:26:42 [info]  **********The default values in the row************
Sep 05,2016 15:26:54 [info]  Test 'TC1_VersionUI' FAILED
Sep 05,2016 15:26:54 [info]  2
Sep 05,2016 15:26:54 [info]  Test Case :TC1_VersionUI's Screenshot of Failure Page: C:\SeleniumProject\Screenshots\Sep2016\\05\TC1_VersionUI_09-05-2016 3-26-54 PM.jpg
Sep 05,2016 15:26:56 [info]  Closed the Browser
Sep 05,2016 15:45:59 [info]  ********************Started Executiong the Test Suite at 15:45:59******************
Sep 05,2016 15:45:59 [info]  *********************Started Executing the Test Area(Modules/TAB): 'Default test'*********************
Sep 05,2016 15:46:08 [info]  Client: CORUS
Sep 05,2016 15:46:08 [info]  URL: http://rlv3wb41/Home.aspx
Sep 05,2016 15:46:08 [info]  UserName: admin
Sep 05,2016 15:46:08 [info]  Password: admin_corus
Sep 05,2016 15:46:09 [info]  Entered "admin" in field 'User Name'
Sep 05,2016 15:46:09 [info]  Clicked on the 'Temporary Check Box'
Sep 05,2016 15:46:10 [info]  Entered "admin_corus" in field 'Password'
Sep 05,2016 15:46:18 [info]  Clicked on the 'LoginButton'
Sep 05,2016 15:46:24 [info]  *********************Started Executing 'testscript' Test Case*********************
Sep 05,2016 15:47:05 [info]  Verified that Expected value :[Version 1.0] is matched with Actual value :[Version 1.0]
Sep 05,2016 15:47:05 [info]  ====Failed==== Expected value is:[30:00] but Actual value is[000:00]. Please check the screenshot with name: 30:00for more details
Sep 05,2016 15:47:06 [info]  Test 'testscript' FAILED
Sep 05,2016 15:47:06 [info]  2
Sep 05,2016 15:47:06 [info]  Test Case :testscript's Screenshot of Failure Page: C:\SeleniumProject\Screenshots\Sep2016\\05\testscript_09-05-2016 3-47-06 PM.jpg
Sep 05,2016 15:47:07 [info]  Closed the Browser
Sep 05,2016 16:01:21 [info]  ********************Started Executiong the Test Suite at 16:01:21******************
Sep 05,2016 16:01:21 [info]  *********************Started Executing the Test Area(Modules/TAB): 'Default test'*********************
Sep 05,2016 16:01:30 [info]  Client: CORUS
Sep 05,2016 16:01:30 [info]  URL: http://rlv3wb41/Home.aspx
Sep 05,2016 16:01:30 [info]  UserName: admin
Sep 05,2016 16:01:30 [info]  Password: admin_corus
Sep 05,2016 16:01:31 [info]  Entered "admin" in field 'User Name'
Sep 05,2016 16:01:31 [info]  Clicked on the 'Temporary Check Box'
Sep 05,2016 16:01:32 [info]  Entered "admin_corus" in field 'Password'
Sep 05,2016 16:01:40 [info]  Clicked on the 'LoginButton'
Sep 05,2016 16:01:46 [info]  *********************Started Executing 'TC1_VersionUI' Test Case*********************
Sep 05,2016 16:01:46 [info]  *********************Start Testcase - TC1_VersionUI *********************
Sep 05,2016 16:01:47 [info]  ************************Started Creating Asset of Type: Program - One-Off************************
Sep 05,2016 16:01:48 [info]  Clicked on the 'MODULE'
Sep 05,2016 16:01:58 [info]  Clicked on the 'Asset Maintenance'
Sep 05,2016 16:02:02 [info]  Clicked on the 'New Button' using JS Executor
Sep 05,2016 16:02:02 [info]  Clicked on the 'Program' using JS Executor
Sep 05,2016 16:02:11 [info]  Clicked on the 'General TAB'
Sep 05,2016 16:02:12 [info]  Verified that Expected value :[*Asset Type] is matched with Actual value :[*Asset Type]
Sep 05,2016 16:02:12 [info]  Verified that Expected value :[Asset Category] is matched with Actual value :[Asset Category]
Sep 05,2016 16:02:12 [info]  Verified that Expected value :[*Asset Name] is matched with Actual value :[*Asset Name]
Sep 05,2016 16:02:12 [info]  Verified that Expected value :[Series Title] is matched with Actual value :[Series Title]
Sep 05,2016 16:02:12 [info]  Verified that Expected value :[Parent Company] is matched with Actual value :[Parent Company]
Sep 05,2016 16:02:13 [info]  Verified that Expected value :[*Primary Channel] is matched with Actual value :[*Primary Channel]
Sep 05,2016 16:02:13 [info]  Verified that Expected value :[Duration] is matched with Actual value :[Duration]
Sep 05,2016 16:02:13 [info]  Verified that Expected value :[Transmission Title] is matched with Actual value :[Transmission Title]
Sep 05,2016 16:02:13 [info]  Verified that Expected value :[*Asset Status] is matched with Actual value :[*Asset Status]
Sep 05,2016 16:02:14 [info]  Verified that Expected value :[*Asset Source] is matched with Actual value :[*Asset Source]
Sep 05,2016 16:02:14 [info]  Verified that Expected value :[Non-Airable] is matched with Actual value :[Non-Airable]
Sep 05,2016 16:02:14 [info]  Verified that Expected value :[TBA] is matched with Actual value :[TBA]
Sep 05,2016 16:02:14 [info]  Verified that Expected value :[Actual Run Time] is matched with Actual value :[Actual Run Time]
Sep 05,2016 16:02:14 [info]  Selected "Program - One-Off" in "AssetTypeDropDown" drop down
Sep 05,2016 16:02:19 [info]  Entered "AUT_AssetMovies_0905201640120" in field 'AssetTitle'
Sep 05,2016 16:02:21 [info]  Clicked on the 'StudioImageIcon' using JS Executor
Sep 05,2016 16:02:22 [info]  Verified that Expected value :[Studio] is matched with Actual value :[Studio]
Sep 05,2016 16:02:34 [info]  Entered "CORUS_Studio" in field 'Studio Name'
Sep 05,2016 16:02:34 [info]  Clicked on the 'Find Button' using JS Executor
Sep 05,2016 16:02:36 [info]  Clicked on the 'Searched Studio: 'CORUS_Studio''
Sep 05,2016 16:02:36 [info]  Clicked on the 'Select Button at Studio Window' using JS Executor
Sep 05,2016 16:02:43 [info]  Clicked on the 'SBUImage' using JS Executor
Sep 05,2016 16:02:44 [info]  Verified that Expected value :[Primary Channel Template] is matched with Actual value :[Primary Channel Template]
Sep 05,2016 16:02:55 [info]  Clicked on the ''Select All' CheckBox at SBU' using JS Executor
Sep 05,2016 16:03:01 [info]  Clicked on the 'First CheckBox At SBU window'
Sep 05,2016 16:03:01 [info]  Clicked on the 'Ninth CheckBox At SBU winodw'
Sep 05,2016 16:03:03 [info]  Clicked on the 'Apply Button' using JS Executor
Sep 05,2016 16:03:04 [info]  Entered "00:30:00" in field 'Duration'
Sep 05,2016 16:03:05 [info]  Selected "Production" in "Asset Status" drop down
Sep 05,2016 16:03:05 [info]  Selected "Licensed Acquired Production" in "Asset Source" drop down
Sep 05,2016 16:03:05 [info]  Selected "DVD" in "Asset Category/Group" drop down
Sep 05,2016 16:03:06 [info]  Entered "AUT_Series" in field 'Short Name'
Sep 05,2016 16:03:06 [info]  Clicked on the 'Genre Add Button' using JS Executor
Sep 05,2016 16:03:07 [info]  Clicked on the 'Genre Type Row Field' using JS Executor
Sep 05,2016 16:03:07 [info]  Clicked on the 'Genere Type Dropdown Image'
Sep 05,2016 16:03:07 [info]  Clicked on the 'First Genere Type DropDown Value in the list'
Sep 05,2016 16:03:07 [info]  Clicked on the 'Genre Row Field' using JS Executor
Sep 05,2016 16:03:08 [info]  Clicked on the 'Genere Dropdown Image'
Sep 05,2016 16:03:08 [info]  Clicked on the 'Genere Dropdown value'
Sep 05,2016 16:03:08 [info]  Clicked on the 'Add Button of Note' using JS Executor
Sep 05,2016 16:03:21 [info]  Entered "Medium" in field 'Asset Priority'
Sep 05,2016 16:03:22 [info]  Entered "Subject For the Deal" in field 'Asset Subject'
Sep 05,2016 16:03:22 [info]  Entered "New Asset" in field 'AssetNotes TextField'
Sep 05,2016 16:03:23 [info]  Clicked on the 'OK button'
Sep 05,2016 16:03:25 [info]  Clicked on the 'Save Button' using JS Executor
Sep 05,2016 16:03:36 [info]  Verified that Expected value :[AUT_AssetMovies_0905201640120] is matched with Actual value :[AUT_AssetMovies_0905201640120]
Sep 05,2016 16:03:36 [info]  ************************Created Asset of TypeProgram - One-Off************************
Sep 05,2016 16:03:36 [info]  AUT_AssetMovies_0905201640120
Sep 05,2016 16:03:37 [info]  Clicked on the 'MODULE'
Sep 05,2016 16:03:45 [info]  Clicked on the 'Asset Maintenance'
Sep 05,2016 16:03:50 [info]  Clicked on the 'MODULE'
Sep 05,2016 16:03:59 [info]  Clicked on the 'Asset Maintenance'
Sep 05,2016 16:04:02 [info]  Clicked on the 'AssetSearchUnderAsset' using JS Executor
Sep 05,2016 16:04:16 [info]  Entered "AUT_AssetMovies_0905201640120" in field 'AssetTitle'
Sep 05,2016 16:04:16 [info]  Clicked on the 'Find Button' using JS Executor
Sep 05,2016 16:04:30 [info]  Moved Mouse over 'First Asset in the Searched Asset'
Sep 05,2016 16:04:30 [info]  Clicked on the 'First Asset in the Searched Asset'
Sep 05,2016 16:04:33 [info]  Clicked on the 'View Asset' using JS Executor
Sep 05,2016 16:04:51 [info]  Verified that Expected value :[AUT_AssetMovies_0905201640120] is matched with Actual value :[AUT_AssetMovies_0905201640120]
Sep 05,2016 16:04:53 [info]  Clicked on the 'Versions TAB'
Sep 05,2016 16:05:03 [info]  ***************Frames and default values**********************
Sep 05,2016 16:05:03 [info]  Verified that Expected value :[Versions (Same Rights)] is matched with Actual value :[Versions (Same Rights)]
Sep 05,2016 16:05:11 [info]  AMVerNameKeyValue4
Sep 05,2016 16:05:12 [info]  Verified that Expected value :[Version 1.0] is matched with Actual value :[Version 1.0]
Sep 05,2016 16:05:12 [info]  Clicked on the 'Edit Version Button' using JS Executor
Sep 05,2016 16:05:28 [info]  **********Verifying the columns in the "Versions Edit window"************
Sep 05,2016 16:05:49 [info]  Maximum Column value is - 50
Sep 05,2016 16:05:49 [info]  Minimum Column value is - 2
Sep 05,2016 16:05:52 [info]  Verified that Expected value :[*Name] is matched with Actual value :[*Name]
Sep 05,2016 16:05:52 [info]  Verified that Expected value :[Total Actual Runtime] is matched with Actual value :[Total Actual Runtime]
Sep 05,2016 16:05:53 [info]  Verified that Expected value :[*Network] is matched with Actual value :[*Network]
Sep 05,2016 16:05:53 [info]  Verified that Expected value :[Active] is matched with Actual value :[Active]
Sep 05,2016 16:05:59 [info]  Verified that Expected value :[Format] is matched with Actual value :[Format]
Sep 05,2016 16:05:59 [info]  Verified that Expected value :[Default] is matched with Actual value :[Default]
Sep 05,2016 16:06:00 [info]  Verified that Expected value :[Schedule Block] is matched with Actual value :[Schedule Block]
Sep 05,2016 16:06:00 [info]  **********Verifying the Buttons in the "Versions Edit window"************
Sep 05,2016 16:06:00 [info]  Verified that Expected value :[Add] is matched with Actual value :[Add]
Sep 05,2016 16:06:00 [info]  Verified that Expected value :[Copy] is matched with Actual value :[Copy]
Sep 05,2016 16:06:00 [info]  Verified that Expected value :[Delete] is matched with Actual value :[Delete]
Sep 05,2016 16:06:00 [info]  Verified that Expected value :[Save] is matched with Actual value :[Save]
Sep 05,2016 16:06:00 [info]  Verified that Expected value :[Cancel] is matched with Actual value :[Cancel]
Sep 05,2016 16:06:00 [info]  **********The default values in the row************
Sep 05,2016 16:06:04 [info]  Verified that Expected value :[Version 1.0] is matched with Actual value :[Version 1.0]
Sep 05,2016 16:06:04 [info]  ====Failed==== Expected value is:[30:00] but Actual value is[000:00]. Please check the screenshot with name: 30:00for more details
Sep 05,2016 16:06:05 [info]  ********************************************************************
Sep 05,2016 16:06:05 [info]  Clicked on the 'NETWORKHeader_Field'
Sep 05,2016 16:06:05 [info]  Entered "" in field 'NETWORKHeader_Field'
Sep 05,2016 16:06:06 [info]  Clicked on the 'Add Button at Edit Version Window' using JS Executor
Sep 05,2016 16:06:19 [info]  Test 'TC1_VersionUI' FAILED
Sep 05,2016 16:06:19 [info]  2
Sep 05,2016 16:06:19 [info]  Test Case :TC1_VersionUI's Screenshot of Failure Page: C:\SeleniumProject\Screenshots\Sep2016\\05\TC1_VersionUI_09-05-2016 4-06-19 PM.jpg
Sep 05,2016 16:06:21 [info]  Closed the Browser
Sep 05,2016 16:17:03 [info]  ********************Started Executiong the Test Suite at 16:17:03******************
Sep 05,2016 16:17:03 [info]  *********************Started Executing the Test Area(Modules/TAB): 'Default test'*********************
Sep 05,2016 16:17:12 [info]  Client: CORUS
Sep 05,2016 16:17:12 [info]  URL: http://rlv3wb41/Home.aspx
Sep 05,2016 16:17:12 [info]  UserName: admin
Sep 05,2016 16:17:12 [info]  Password: admin_corus
Sep 05,2016 16:17:13 [info]  Entered "admin" in field 'User Name'
Sep 05,2016 16:17:14 [info]  Clicked on the 'Temporary Check Box'
Sep 05,2016 16:17:14 [info]  Entered "admin_corus" in field 'Password'
Sep 05,2016 16:17:27 [info]  Clicked on the 'LoginButton'
Sep 05,2016 16:17:33 [info]  *********************Started Executing 'testscript' Test Case*********************
Sep 05,2016 16:18:20 [info]  ********************Started Executiong the Test Suite at 16:18:20******************
Sep 05,2016 16:18:20 [info]  *********************Started Executing the Test Area(Modules/TAB): 'Default test'*********************
Sep 05,2016 16:18:29 [info]  Client: CORUS
Sep 05,2016 16:18:29 [info]  URL: http://rlv3wb41/Home.aspx
Sep 05,2016 16:18:29 [info]  UserName: admin
Sep 05,2016 16:18:29 [info]  Password: admin_corus
Sep 05,2016 16:18:30 [info]  Entered "admin" in field 'User Name'
Sep 05,2016 16:18:31 [info]  Clicked on the 'Temporary Check Box'
Sep 05,2016 16:18:31 [info]  Entered "admin_corus" in field 'Password'
Sep 05,2016 16:18:44 [info]  Clicked on the 'LoginButton'
Sep 05,2016 16:18:50 [info]  *********************Started Executing 'testscript' Test Case*********************
Sep 05,2016 16:19:16 [info]  Test 'testscript' FAILED
Sep 05,2016 16:19:16 [info]  2
Sep 05,2016 16:19:16 [info]  Test Case :testscript's Screenshot of Failure Page: C:\SeleniumProject\Screenshots\Sep2016\\05\testscript_09-05-2016 4-19-16 PM.jpg
Sep 05,2016 16:19:18 [info]  Closed the Browser
Sep 05,2016 16:19:58 [info]  ********************Started Executiong the Test Suite at 16:19:58******************
Sep 05,2016 16:19:58 [info]  *********************Started Executing the Test Area(Modules/TAB): 'Default test'*********************
Sep 05,2016 16:20:07 [info]  Client: CORUS
Sep 05,2016 16:20:07 [info]  URL: http://rlv3wb41/Home.aspx
Sep 05,2016 16:20:07 [info]  UserName: admin
Sep 05,2016 16:20:07 [info]  Password: admin_corus
Sep 05,2016 16:20:08 [info]  Entered "admin" in field 'User Name'
Sep 05,2016 16:20:08 [info]  Clicked on the 'Temporary Check Box'
Sep 05,2016 16:20:09 [info]  Entered "admin_corus" in field 'Password'
Sep 05,2016 16:20:21 [info]  Clicked on the 'LoginButton'
Sep 05,2016 16:20:27 [info]  *********************Started Executing 'testscript' Test Case*********************
Sep 05,2016 16:21:19 [info]  Clicked on the 'Version Name Field SecondRow at Edit Version Window'
Sep 05,2016 16:21:19 [info]  Entered "Version 2.0" in field 'Name InputField at Edit Version Window'
Sep 05,2016 16:38:37 [info]  ********************Started Executiong the Test Suite at 16:38:37******************
Sep 05,2016 16:38:37 [info]  *********************Started Executing the Test Area(Modules/TAB): 'Default test'*********************
Sep 05,2016 16:38:46 [info]  Client: CORUS
Sep 05,2016 16:38:46 [info]  URL: http://rlv3wb41/Home.aspx
Sep 05,2016 16:38:46 [info]  UserName: admin
Sep 05,2016 16:38:46 [info]  Password: admin_corus
Sep 05,2016 16:38:47 [info]  Entered "admin" in field 'User Name'
Sep 05,2016 16:38:48 [info]  Clicked on the 'Temporary Check Box'
Sep 05,2016 16:38:48 [info]  Entered "admin_corus" in field 'Password'
Sep 05,2016 16:38:49 [info]  Clicked on the 'LoginButton'
Sep 05,2016 16:38:55 [info]  *********************Started Executing 'testscript' Test Case*********************
Sep 05,2016 16:40:02 [info]  Test 'testscript' FAILED
Sep 05,2016 16:40:02 [info]  2
Sep 05,2016 16:40:02 [info]  Test Case :testscript's Screenshot of Failure Page: C:\SeleniumProject\Screenshots\Sep2016\\05\testscript_09-05-2016 4-40-02 PM.jpg
Sep 05,2016 16:40:04 [info]  Closed the Browser
Sep 05,2016 16:40:35 [info]  ********************Started Executiong the Test Suite at 16:40:35******************
Sep 05,2016 16:40:35 [info]  *********************Started Executing the Test Area(Modules/TAB): 'Default test'*********************
Sep 05,2016 16:40:44 [info]  Client: CORUS
Sep 05,2016 16:40:44 [info]  URL: http://rlv3wb41/Home.aspx
Sep 05,2016 16:40:44 [info]  UserName: admin
Sep 05,2016 16:40:44 [info]  Password: admin_corus
Sep 05,2016 16:40:45 [info]  Entered "admin" in field 'User Name'
Sep 05,2016 16:40:45 [info]  Clicked on the 'Temporary Check Box'
Sep 05,2016 16:40:46 [info]  Entered "admin_corus" in field 'Password'
Sep 05,2016 16:40:59 [info]  Clicked on the 'LoginButton'
Sep 05,2016 16:41:05 [info]  *********************Started Executing 'testscript' Test Case*********************
Sep 05,2016 16:41:28 [info]  Clicked on the 'Version Name Field SecondRow at Edit Version Window'
Sep 05,2016 16:41:28 [info]  Entered "Version 2.0" in field 'Name InputField at Edit Version Window'
Sep 05,2016 16:41:39 [info]  Clicked on the 'AMVerTotalActualRuntime_Field'
Sep 05,2016 16:41:40 [info]  Entered "58:40" in field 'AMVerBlockLength Field'
Sep 05,2016 16:41:40 [info]  Clicked on the 'NETWORKHeader_Field_SecondRow'
Sep 05,2016 16:41:41 [info]  Entered "" in field 'NETWORKHeader_Field_SecondRow'
Sep 05,2016 16:41:53 [info]  Clicked on the 'Save button at Note Widnow' using JS Executor
Sep 05,2016 16:42:10 [info]  Clicked on the 'Edit Button' using JS Executor
Sep 05,2016 16:42:32 [info]  Clicked on the 'AMVersionDefault_Field_Image'
Sep 05,2016 16:42:32 [info]  Clicked on the 'Save button' using JS Executor
Sep 05,2016 16:42:36 [info]  Clicked on the 'OK Button at Alert' using JS Executor
Sep 05,2016 16:42:46 [info]  Clicked on the 'AMVersionDefault_Field_Image'
Sep 05,2016 16:42:47 [info]  Clicked on the 'Save button' using JS Executor
Sep 05,2016 16:42:47 [info]  Test 'testscript' PASSED
Sep 05,2016 16:42:48 [info]  Closed the Browser
Sep 05,2016 16:51:54 [info]  ********************Started Executiong the Test Suite at 16:51:54******************
Sep 05,2016 16:51:54 [info]  *********************Started Executing the Test Area(Modules/TAB): 'Default test'*********************
Sep 05,2016 16:52:04 [info]  Client: CORUS
Sep 05,2016 16:52:04 [info]  URL: http://rlv3wb41/Home.aspx
Sep 05,2016 16:52:04 [info]  UserName: admin
Sep 05,2016 16:52:04 [info]  Password: admin_corus
Sep 05,2016 16:52:05 [info]  Entered "admin" in field 'User Name'
Sep 05,2016 16:52:05 [info]  Clicked on the 'Temporary Check Box'
Sep 05,2016 16:52:06 [info]  Entered "admin_corus" in field 'Password'
Sep 05,2016 16:52:14 [info]  Clicked on the 'LoginButton'
Sep 05,2016 16:52:20 [info]  *********************Started Executing 'TC1_VersionUI' Test Case*********************
Sep 05,2016 16:52:20 [info]  *********************Start Testcase - TC1_VersionUI *********************
Sep 05,2016 16:52:21 [info]  ************************Started Creating Asset of Type: Program - One-Off************************
Sep 05,2016 16:52:22 [info]  Clicked on the 'MODULE'
Sep 05,2016 16:52:32 [info]  Clicked on the 'Asset Maintenance'
Sep 05,2016 16:52:36 [info]  Clicked on the 'New Button' using JS Executor
Sep 05,2016 16:52:36 [info]  Clicked on the 'Program' using JS Executor
Sep 05,2016 16:52:44 [info]  Clicked on the 'General TAB'
Sep 05,2016 16:52:45 [info]  Verified that Expected value :[*Asset Type] is matched with Actual value :[*Asset Type]
Sep 05,2016 16:52:45 [info]  Verified that Expected value :[Asset Category] is matched with Actual value :[Asset Category]
Sep 05,2016 16:52:45 [info]  Verified that Expected value :[*Asset Name] is matched with Actual value :[*Asset Name]
Sep 05,2016 16:52:45 [info]  Verified that Expected value :[Series Title] is matched with Actual value :[Series Title]
Sep 05,2016 16:52:46 [info]  Verified that Expected value :[Parent Company] is matched with Actual value :[Parent Company]
Sep 05,2016 16:52:46 [info]  Verified that Expected value :[*Primary Channel] is matched with Actual value :[*Primary Channel]
Sep 05,2016 16:52:46 [info]  Verified that Expected value :[Duration] is matched with Actual value :[Duration]
Sep 05,2016 16:52:46 [info]  Verified that Expected value :[Transmission Title] is matched with Actual value :[Transmission Title]
Sep 05,2016 16:52:46 [info]  Verified that Expected value :[*Asset Status] is matched with Actual value :[*Asset Status]
Sep 05,2016 16:52:47 [info]  Verified that Expected value :[*Asset Source] is matched with Actual value :[*Asset Source]
Sep 05,2016 16:52:47 [info]  Verified that Expected value :[Non-Airable] is matched with Actual value :[Non-Airable]
Sep 05,2016 16:52:47 [info]  Verified that Expected value :[TBA] is matched with Actual value :[TBA]
Sep 05,2016 16:52:47 [info]  Verified that Expected value :[Actual Run Time] is matched with Actual value :[Actual Run Time]
Sep 05,2016 16:52:47 [info]  Selected "Program - One-Off" in "AssetTypeDropDown" drop down
Sep 05,2016 16:52:52 [info]  Entered "AUT_AssetMovies_0905201645154" in field 'AssetTitle'
Sep 05,2016 16:52:53 [info]  Clicked on the 'StudioImageIcon' using JS Executor
Sep 05,2016 16:52:55 [info]  Verified that Expected value :[Studio] is matched with Actual value :[Studio]
Sep 05,2016 16:53:06 [info]  Entered "CORUS_Studio" in field 'Studio Name'
Sep 05,2016 16:53:06 [info]  Clicked on the 'Find Button' using JS Executor
Sep 05,2016 16:53:08 [info]  Clicked on the 'Searched Studio: 'CORUS_Studio''
Sep 05,2016 16:53:09 [info]  Clicked on the 'Select Button at Studio Window' using JS Executor
Sep 05,2016 16:53:16 [info]  Clicked on the 'SBUImage' using JS Executor
Sep 05,2016 16:53:17 [info]  Verified that Expected value :[Primary Channel Template] is matched with Actual value :[Primary Channel Template]
Sep 05,2016 16:53:27 [info]  Clicked on the ''Select All' CheckBox at SBU' using JS Executor
Sep 05,2016 16:53:34 [info]  Clicked on the 'First CheckBox At SBU window'
Sep 05,2016 16:53:34 [info]  Clicked on the 'Ninth CheckBox At SBU winodw'
Sep 05,2016 16:53:36 [info]  Clicked on the 'Apply Button' using JS Executor
Sep 05,2016 16:53:37 [info]  Entered "00:30:00" in field 'Duration'
Sep 05,2016 16:53:37 [info]  Selected "Production" in "Asset Status" drop down
Sep 05,2016 16:53:38 [info]  Selected "Licensed Acquired Production" in "Asset Source" drop down
Sep 05,2016 16:53:38 [info]  Selected "DVD" in "Asset Category/Group" drop down
Sep 05,2016 16:53:39 [info]  Entered "AUT_Series" in field 'Short Name'
Sep 05,2016 16:53:39 [info]  Clicked on the 'Genre Add Button' using JS Executor
Sep 05,2016 16:53:39 [info]  Clicked on the 'Genre Type Row Field' using JS Executor
Sep 05,2016 16:53:40 [info]  Clicked on the 'Genere Type Dropdown Image'
Sep 05,2016 16:53:40 [info]  Clicked on the 'First Genere Type DropDown Value in the list'
Sep 05,2016 16:53:40 [info]  Clicked on the 'Genre Row Field' using JS Executor
Sep 05,2016 16:53:40 [info]  Clicked on the 'Genere Dropdown Image'
Sep 05,2016 16:53:41 [info]  Clicked on the 'Genere Dropdown value'
Sep 05,2016 16:53:41 [info]  Clicked on the 'Add Button of Note' using JS Executor
Sep 05,2016 16:53:54 [info]  Entered "Medium" in field 'Asset Priority'
Sep 05,2016 16:53:55 [info]  Entered "Subject For the Deal" in field 'Asset Subject'
Sep 05,2016 16:53:55 [info]  Entered "New Asset" in field 'AssetNotes TextField'
Sep 05,2016 16:53:56 [info]  Clicked on the 'OK button'
Sep 05,2016 16:53:58 [info]  Clicked on the 'Save Button' using JS Executor
Sep 05,2016 16:54:09 [info]  Verified that Expected value :[AUT_AssetMovies_0905201645154] is matched with Actual value :[AUT_AssetMovies_0905201645154]
Sep 05,2016 16:54:09 [info]  ************************Created Asset of TypeProgram - One-Off************************
Sep 05,2016 16:54:09 [info]  AUT_AssetMovies_0905201645154
Sep 05,2016 16:54:09 [info]  Clicked on the 'MODULE'
Sep 05,2016 16:54:17 [info]  Clicked on the 'Asset Maintenance'
Sep 05,2016 16:54:21 [info]  Clicked on the 'MODULE'
Sep 05,2016 16:54:29 [info]  Clicked on the 'Asset Maintenance'
Sep 05,2016 16:54:33 [info]  Clicked on the 'AssetSearchUnderAsset' using JS Executor
Sep 05,2016 16:54:46 [info]  Entered "AUT_AssetMovies_0905201645154" in field 'AssetTitle'
Sep 05,2016 16:54:46 [info]  Clicked on the 'Find Button' using JS Executor
Sep 05,2016 16:54:58 [info]  Moved Mouse over 'First Asset in the Searched Asset'
Sep 05,2016 16:54:59 [info]  Clicked on the 'First Asset in the Searched Asset'
Sep 05,2016 16:55:02 [info]  Clicked on the 'View Asset' using JS Executor
Sep 05,2016 16:55:19 [info]  Verified that Expected value :[AUT_AssetMovies_0905201645154] is matched with Actual value :[AUT_AssetMovies_0905201645154]
Sep 05,2016 16:55:21 [info]  Clicked on the 'Versions TAB'
Sep 05,2016 16:55:31 [info]  ***************Frames and default values**********************
Sep 05,2016 16:55:32 [info]  Verified that Expected value :[Versions (Same Rights)] is matched with Actual value :[Versions (Same Rights)]
Sep 05,2016 16:55:40 [info]  AMVerNameKeyValue4
Sep 05,2016 16:55:40 [info]  Verified that Expected value :[Version 1.0] is matched with Actual value :[Version 1.0]
Sep 05,2016 16:55:40 [info]  Clicked on the 'Edit Version Button' using JS Executor
Sep 05,2016 16:55:56 [info]  **********Verifying the columns in the "Versions Edit window"************
Sep 05,2016 16:56:16 [info]  Maximum Column value is - 50
Sep 05,2016 16:56:16 [info]  Minimum Column value is - 2
Sep 05,2016 16:56:19 [info]  Verified that Expected value :[*Name] is matched with Actual value :[*Name]
Sep 05,2016 16:56:19 [info]  Verified that Expected value :[Total Actual Runtime] is matched with Actual value :[Total Actual Runtime]
Sep 05,2016 16:56:20 [info]  Verified that Expected value :[*Network] is matched with Actual value :[*Network]
Sep 05,2016 16:56:20 [info]  Verified that Expected value :[Active] is matched with Actual value :[Active]
Sep 05,2016 16:56:26 [info]  Verified that Expected value :[Format] is matched with Actual value :[Format]
Sep 05,2016 16:56:26 [info]  Verified that Expected value :[Default] is matched with Actual value :[Default]
Sep 05,2016 16:56:26 [info]  Verified that Expected value :[Schedule Block] is matched with Actual value :[Schedule Block]
Sep 05,2016 16:56:26 [info]  **********Verifying the Buttons in the "Versions Edit window"************
Sep 05,2016 16:56:27 [info]  Verified that Expected value :[Add] is matched with Actual value :[Add]
Sep 05,2016 16:56:27 [info]  Verified that Expected value :[Copy] is matched with Actual value :[Copy]
Sep 05,2016 16:56:27 [info]  Verified that Expected value :[Delete] is matched with Actual value :[Delete]
Sep 05,2016 16:56:27 [info]  Verified that Expected value :[Save] is matched with Actual value :[Save]
Sep 05,2016 16:56:27 [info]  Verified that Expected value :[Cancel] is matched with Actual value :[Cancel]
Sep 05,2016 16:56:27 [info]  **********The default values in the row************
Sep 05,2016 16:56:31 [info]  Verified that Expected value :[Version 1.0] is matched with Actual value :[Version 1.0]
Sep 05,2016 16:56:31 [info]  ====Failed==== Expected value is:[30:00] but Actual value is[000:00]. Please check the screenshot with name: 30:00for more details
Sep 05,2016 16:56:31 [info]  ********************************************************************
Sep 05,2016 16:56:32 [info]  Clicked on the 'NETWORKHeader_Field'
Sep 05,2016 16:56:32 [info]  Entered "" in field 'NETWORKHeader_Field'
Sep 05,2016 16:56:32 [info]  Clicked on the 'Add Button at Edit Version Window' using JS Executor
Sep 05,2016 16:56:46 [info]  Clicked on the 'Version Name Field SecondRow at Edit Version Window'
Sep 05,2016 16:56:47 [info]  Entered "Version 2.0" in field 'Name InputField at Edit Version Window'
Sep 05,2016 16:56:58 [info]  Clicked on the 'AMVerTotalActualRuntime_Field'
Sep 05,2016 16:56:58 [info]  Entered "58:40" in field 'AMVerBlockLength Field'
Sep 05,2016 16:56:59 [info]  Clicked on the 'NETWORKHeader_Field_SecondRow'
Sep 05,2016 16:56:59 [info]  Entered "" in field 'NETWORKHeader_Field_SecondRow'
Sep 05,2016 16:57:11 [info]  Clicked on the 'Save button at Note Widnow' using JS Executor
Sep 05,2016 16:57:58 [info]  Test 'TC1_VersionUI' FAILED
Sep 05,2016 16:57:58 [info]  2
Sep 05,2016 16:57:59 [info]  Test Case :TC1_VersionUI's Screenshot of Failure Page: C:\SeleniumProject\Screenshots\Sep2016\\05\TC1_VersionUI_09-05-2016 4-57-58 PM.jpg
Sep 05,2016 16:58:00 [info]  Closed the Browser
Sep 05,2016 17:10:35 [info]  ********************Started Executiong the Test Suite at 17:10:35******************
Sep 05,2016 17:10:35 [info]  *********************Started Executing the Test Area(Modules/TAB): 'Default test'*********************
Sep 05,2016 17:10:44 [info]  Client: CORUS
Sep 05,2016 17:10:44 [info]  URL: http://rlv3wb41/Home.aspx
Sep 05,2016 17:10:44 [info]  UserName: admin
Sep 05,2016 17:10:44 [info]  Password: admin_corus
Sep 05,2016 17:10:45 [info]  Entered "admin" in field 'User Name'
Sep 05,2016 17:10:45 [info]  Clicked on the 'Temporary Check Box'
Sep 05,2016 17:10:46 [info]  Entered "admin_corus" in field 'Password'
Sep 05,2016 17:10:54 [info]  Clicked on the 'LoginButton'
Sep 05,2016 17:11:00 [info]  *********************Started Executing 'TC1_VersionUI' Test Case*********************
Sep 05,2016 17:11:00 [info]  *********************Start Testcase - TC1_VersionUI *********************
Sep 05,2016 17:11:01 [info]  ************************Started Creating Asset of Type: Program - One-Off************************
Sep 05,2016 17:11:02 [info]  Clicked on the 'MODULE'
Sep 05,2016 17:11:12 [info]  Clicked on the 'Asset Maintenance'
Sep 05,2016 17:11:16 [info]  Clicked on the 'New Button' using JS Executor
Sep 05,2016 17:11:17 [info]  Clicked on the 'Program' using JS Executor
Sep 05,2016 17:11:26 [info]  Clicked on the 'General TAB'
Sep 05,2016 17:11:26 [info]  Verified that Expected value :[*Asset Type] is matched with Actual value :[*Asset Type]
Sep 05,2016 17:11:26 [info]  Verified that Expected value :[Asset Category] is matched with Actual value :[Asset Category]
Sep 05,2016 17:11:27 [info]  Verified that Expected value :[*Asset Name] is matched with Actual value :[*Asset Name]
Sep 05,2016 17:11:27 [info]  Verified that Expected value :[Series Title] is matched with Actual value :[Series Title]
Sep 05,2016 17:11:27 [info]  Verified that Expected value :[Parent Company] is matched with Actual value :[Parent Company]
Sep 05,2016 17:11:27 [info]  Verified that Expected value :[*Primary Channel] is matched with Actual value :[*Primary Channel]
Sep 05,2016 17:11:27 [info]  Verified that Expected value :[Duration] is matched with Actual value :[Duration]
Sep 05,2016 17:11:27 [info]  Verified that Expected value :[Transmission Title] is matched with Actual value :[Transmission Title]
Sep 05,2016 17:11:28 [info]  Verified that Expected value :[*Asset Status] is matched with Actual value :[*Asset Status]
Sep 05,2016 17:11:28 [info]  Verified that Expected value :[*Asset Source] is matched with Actual value :[*Asset Source]
Sep 05,2016 17:11:28 [info]  Verified that Expected value :[Non-Airable] is matched with Actual value :[Non-Airable]
Sep 05,2016 17:11:28 [info]  Verified that Expected value :[TBA] is matched with Actual value :[TBA]
Sep 05,2016 17:11:28 [info]  Verified that Expected value :[Actual Run Time] is matched with Actual value :[Actual Run Time]
Sep 05,2016 17:11:29 [info]  Selected "Program - One-Off" in "AssetTypeDropDown" drop down
Sep 05,2016 17:11:34 [info]  Entered "AUT_AssetMovies_0905201651035" in field 'AssetTitle'
Sep 05,2016 17:11:35 [info]  Clicked on the 'StudioImageIcon' using JS Executor
Sep 05,2016 17:11:36 [info]  Verified that Expected value :[Studio] is matched with Actual value :[Studio]
Sep 05,2016 17:11:48 [info]  Entered "CORUS_Studio" in field 'Studio Name'
Sep 05,2016 17:11:48 [info]  Clicked on the 'Find Button' using JS Executor
Sep 05,2016 17:11:50 [info]  Clicked on the 'Searched Studio: 'CORUS_Studio''
Sep 05,2016 17:11:50 [info]  Clicked on the 'Select Button at Studio Window' using JS Executor
Sep 05,2016 17:11:57 [info]  Clicked on the 'SBUImage' using JS Executor
Sep 05,2016 17:11:58 [info]  Verified that Expected value :[Primary Channel Template] is matched with Actual value :[Primary Channel Template]
Sep 05,2016 17:12:09 [info]  Clicked on the ''Select All' CheckBox at SBU' using JS Executor
Sep 05,2016 17:12:15 [info]  Clicked on the 'First CheckBox At SBU window'
Sep 05,2016 17:12:15 [info]  Clicked on the 'Ninth CheckBox At SBU winodw'
Sep 05,2016 17:12:17 [info]  Clicked on the 'Apply Button' using JS Executor
Sep 05,2016 17:12:18 [info]  Entered "00:30:00" in field 'Duration'
Sep 05,2016 17:12:20 [info]  Entered "00:30:00" in field 'Duration'
Sep 05,2016 17:12:20 [info]  Selected "Production" in "Asset Status" drop down
Sep 05,2016 17:12:20 [info]  Selected "Licensed Acquired Production" in "Asset Source" drop down
Sep 05,2016 17:12:21 [info]  Selected "DVD" in "Asset Category/Group" drop down
Sep 05,2016 17:12:22 [info]  Entered "AUT_Series" in field 'Short Name'
Sep 05,2016 17:12:22 [info]  Clicked on the 'Genre Add Button' using JS Executor
Sep 05,2016 17:12:22 [info]  Clicked on the 'Genre Type Row Field' using JS Executor
Sep 05,2016 17:12:23 [info]  Clicked on the 'Genere Type Dropdown Image'
Sep 05,2016 17:12:23 [info]  Clicked on the 'First Genere Type DropDown Value in the list'
Sep 05,2016 17:12:23 [info]  Clicked on the 'Genre Row Field' using JS Executor
Sep 05,2016 17:12:23 [info]  Clicked on the 'Genere Dropdown Image'
Sep 05,2016 17:12:24 [info]  Clicked on the 'Genere Dropdown value'
Sep 05,2016 17:12:24 [info]  Clicked on the 'Add Button of Note' using JS Executor
Sep 05,2016 17:12:37 [info]  Entered "Medium" in field 'Asset Priority'
Sep 05,2016 17:12:38 [info]  Entered "Subject For the Deal" in field 'Asset Subject'
Sep 05,2016 17:12:38 [info]  Entered "New Asset" in field 'AssetNotes TextField'
Sep 05,2016 17:12:39 [info]  Clicked on the 'OK button'
Sep 05,2016 17:12:41 [info]  Clicked on the 'Save Button' using JS Executor
Sep 05,2016 17:12:52 [info]  Verified that Expected value :[AUT_AssetMovies_0905201651035] is matched with Actual value :[AUT_AssetMovies_0905201651035]
Sep 05,2016 17:12:52 [info]  ************************Created Asset of TypeProgram - One-Off************************
Sep 05,2016 17:12:52 [info]  AUT_AssetMovies_0905201651035
Sep 05,2016 17:12:52 [info]  Clicked on the 'MODULE'
Sep 05,2016 17:13:01 [info]  Clicked on the 'Asset Maintenance'
Sep 05,2016 17:13:06 [info]  Clicked on the 'MODULE'
Sep 05,2016 17:13:15 [info]  Clicked on the 'Asset Maintenance'
Sep 05,2016 17:13:18 [info]  Clicked on the 'AssetSearchUnderAsset' using JS Executor
Sep 05,2016 17:13:31 [info]  Entered "AUT_AssetMovies_0905201651035" in field 'AssetTitle'
Sep 05,2016 17:13:31 [info]  Clicked on the 'Find Button' using JS Executor
Sep 05,2016 17:13:45 [info]  Moved Mouse over 'First Asset in the Searched Asset'
Sep 05,2016 17:13:45 [info]  Clicked on the 'First Asset in the Searched Asset'
Sep 05,2016 17:13:48 [info]  Clicked on the 'View Asset' using JS Executor
Sep 05,2016 17:14:06 [info]  Verified that Expected value :[AUT_AssetMovies_0905201651035] is matched with Actual value :[AUT_AssetMovies_0905201651035]
Sep 05,2016 17:14:08 [info]  Clicked on the 'Versions TAB'
Sep 05,2016 17:14:18 [info]  ***************Frames and default values**********************
Sep 05,2016 17:14:19 [info]  Verified that Expected value :[Versions (Same Rights)] is matched with Actual value :[Versions (Same Rights)]
Sep 05,2016 17:14:26 [info]  AMVerNameKeyValue4
Sep 05,2016 17:14:27 [info]  Verified that Expected value :[Version 1.0] is matched with Actual value :[Version 1.0]
Sep 05,2016 17:14:27 [info]  Clicked on the 'Edit Version Button' using JS Executor
Sep 05,2016 17:14:43 [info]  **********Verifying the columns in the "Versions Edit window"************
Sep 05,2016 17:15:02 [info]  Maximum Column value is - 50
Sep 05,2016 17:15:02 [info]  Minimum Column value is - 2
Sep 05,2016 17:15:05 [info]  Verified that Expected value :[*Name] is matched with Actual value :[*Name]
Sep 05,2016 17:15:05 [info]  Verified that Expected value :[Total Actual Runtime] is matched with Actual value :[Total Actual Runtime]
Sep 05,2016 17:15:06 [info]  Verified that Expected value :[*Network] is matched with Actual value :[*Network]
Sep 05,2016 17:15:06 [info]  Verified that Expected value :[Active] is matched with Actual value :[Active]
Sep 05,2016 17:15:12 [info]  Verified that Expected value :[Format] is matched with Actual value :[Format]
Sep 05,2016 17:15:12 [info]  Verified that Expected value :[Default] is matched with Actual value :[Default]
Sep 05,2016 17:15:12 [info]  Verified that Expected value :[Schedule Block] is matched with Actual value :[Schedule Block]
Sep 05,2016 17:15:12 [info]  **********Verifying the Buttons in the "Versions Edit window"************
Sep 05,2016 17:15:13 [info]  Verified that Expected value :[Add] is matched with Actual value :[Add]
Sep 05,2016 17:15:13 [info]  Verified that Expected value :[Copy] is matched with Actual value :[Copy]
Sep 05,2016 17:15:13 [info]  Verified that Expected value :[Delete] is matched with Actual value :[Delete]
Sep 05,2016 17:15:13 [info]  Verified that Expected value :[Save] is matched with Actual value :[Save]
Sep 05,2016 17:15:13 [info]  Verified that Expected value :[Cancel] is matched with Actual value :[Cancel]
Sep 05,2016 17:15:13 [info]  **********The default values in the row************
Sep 05,2016 17:15:17 [info]  Verified that Expected value :[Version 1.0] is matched with Actual value :[Version 1.0]
Sep 05,2016 17:15:17 [info]  ====Failed==== Expected value is:[30:00] but Actual value is[000:00]. Please check the screenshot with name: 30:00for more details
Sep 05,2016 17:15:17 [info]  ********************************************************************
Sep 05,2016 17:15:18 [info]  Clicked on the 'NETWORKHeader_Field'
Sep 05,2016 17:15:18 [info]  Entered "Action" in field 'NETWORKHeader_Field'
Sep 05,2016 17:15:19 [info]  Clicked on the 'Add Button at Edit Version Window' using JS Executor
Sep 05,2016 17:15:32 [info]  Clicked on the 'Version Name Field SecondRow at Edit Version Window'
Sep 05,2016 17:15:33 [info]  Entered "Version 2.0" in field 'Name InputField at Edit Version Window'
Sep 05,2016 17:15:44 [info]  Clicked on the 'AMVerTotalActualRuntime_Field'
Sep 05,2016 17:15:44 [info]  Entered "58:40" in field 'AMVerBlockLength Field'
Sep 05,2016 17:15:45 [info]  Clicked on the 'NETWORKHeader_Field_SecondRow'
Sep 05,2016 17:15:45 [info]  Entered "Action" in field 'NETWORKHeader_Field_SecondRow'
Sep 05,2016 17:15:57 [info]  
Sep 05,2016 17:15:57 [info]  
Sep 05,2016 17:15:58 [info]  
Sep 05,2016 17:15:58 [info]  Clicked on the 'Save button at Note Widnow' using JS Executor
Sep 05,2016 17:16:44 [info]  Test 'TC1_VersionUI' FAILED
Sep 05,2016 17:16:44 [info]  2
Sep 05,2016 17:16:45 [info]  Test Case :TC1_VersionUI's Screenshot of Failure Page: C:\SeleniumProject\Screenshots\Sep2016\\05\TC1_VersionUI_09-05-2016 5-16-44 PM.jpg
Sep 05,2016 17:16:46 [info]  Closed the Browser
Sep 05,2016 17:19:03 [info]  ********************Started Executiong the Test Suite at 17:19:03******************
Sep 05,2016 17:19:03 [info]  *********************Started Executing the Test Area(Modules/TAB): 'Default test'*********************
Sep 05,2016 17:19:12 [info]  Client: CORUS
Sep 05,2016 17:19:12 [info]  URL: http://rlv3wb41/Home.aspx
Sep 05,2016 17:19:12 [info]  UserName: admin
Sep 05,2016 17:19:12 [info]  Password: admin_corus
Sep 05,2016 17:19:13 [info]  Entered "admin" in field 'User Name'
Sep 05,2016 17:19:14 [info]  Clicked on the 'Temporary Check Box'
Sep 05,2016 17:19:14 [info]  Entered "admin_corus" in field 'Password'
Sep 05,2016 17:19:30 [info]  Clicked on the 'LoginButton'
Sep 05,2016 17:19:36 [info]  *********************Started Executing 'testscript' Test Case*********************
Sep 05,2016 17:21:46 [info]  Clicked on the 'NETWORKHeader_Field_SecondRow'
Sep 05,2016 17:21:49 [info]  Entered "Action" in field 'NETWORKHeader_Field_SecondRow'
Sep 05,2016 17:21:54 [info]  Test 'testscript' PASSED
Sep 05,2016 17:21:55 [info]  Closed the Browser
Sep 05,2016 17:29:54 [info]  ********************Started Executiong the Test Suite at 17:29:54******************
Sep 05,2016 17:29:54 [info]  *********************Started Executing the Test Area(Modules/TAB): 'Default test'*********************
Sep 05,2016 17:30:03 [info]  Client: CORUS
Sep 05,2016 17:30:03 [info]  URL: http://rlv3wb41/Home.aspx
Sep 05,2016 17:30:03 [info]  UserName: admin
Sep 05,2016 17:30:03 [info]  Password: admin_corus
Sep 05,2016 17:30:04 [info]  Entered "admin" in field 'User Name'
Sep 05,2016 17:30:04 [info]  Clicked on the 'Temporary Check Box'
Sep 05,2016 17:30:05 [info]  Entered "admin_corus" in field 'Password'
Sep 05,2016 17:30:13 [info]  Clicked on the 'LoginButton'
Sep 05,2016 17:30:19 [info]  *********************Started Executing 'TC1_VersionUI' Test Case*********************
Sep 05,2016 17:30:19 [info]  *********************Start Testcase - TC1_VersionUI *********************
Sep 05,2016 17:30:20 [info]  ************************Started Creating Asset of Type: Program - One-Off************************
Sep 05,2016 17:30:20 [info]  Clicked on the 'MODULE'
Sep 05,2016 17:30:29 [info]  Clicked on the 'Asset Maintenance'
Sep 05,2016 17:30:33 [info]  Clicked on the 'New Button' using JS Executor
Sep 05,2016 17:30:34 [info]  Clicked on the 'Program' using JS Executor
Sep 05,2016 17:30:43 [info]  Clicked on the 'General TAB'
Sep 05,2016 17:30:43 [info]  Verified that Expected value :[*Asset Type] is matched with Actual value :[*Asset Type]
Sep 05,2016 17:30:43 [info]  Verified that Expected value :[Asset Category] is matched with Actual value :[Asset Category]
Sep 05,2016 17:30:44 [info]  Verified that Expected value :[*Asset Name] is matched with Actual value :[*Asset Name]
Sep 05,2016 17:30:44 [info]  Verified that Expected value :[Series Title] is matched with Actual value :[Series Title]
Sep 05,2016 17:30:44 [info]  Verified that Expected value :[Parent Company] is matched with Actual value :[Parent Company]
Sep 05,2016 17:30:44 [info]  Verified that Expected value :[*Primary Channel] is matched with Actual value :[*Primary Channel]
Sep 05,2016 17:30:44 [info]  Verified that Expected value :[Duration] is matched with Actual value :[Duration]
Sep 05,2016 17:30:45 [info]  Verified that Expected value :[Transmission Title] is matched with Actual value :[Transmission Title]
Sep 05,2016 17:30:45 [info]  Verified that Expected value :[*Asset Status] is matched with Actual value :[*Asset Status]
Sep 05,2016 17:30:45 [info]  Verified that Expected value :[*Asset Source] is matched with Actual value :[*Asset Source]
Sep 05,2016 17:30:45 [info]  Verified that Expected value :[Non-Airable] is matched with Actual value :[Non-Airable]
Sep 05,2016 17:30:45 [info]  Verified that Expected value :[TBA] is matched with Actual value :[TBA]
Sep 05,2016 17:30:46 [info]  Verified that Expected value :[Actual Run Time] is matched with Actual value :[Actual Run Time]
Sep 05,2016 17:30:46 [info]  Selected "Program - One-Off" in "AssetTypeDropDown" drop down
Sep 05,2016 17:30:51 [info]  Entered "AUT_AssetMovies_0905201652954" in field 'AssetTitle'
Sep 05,2016 17:30:52 [info]  Clicked on the 'StudioImageIcon' using JS Executor
Sep 05,2016 17:30:53 [info]  Verified that Expected value :[Studio] is matched with Actual value :[Studio]
Sep 05,2016 17:31:05 [info]  Entered "CORUS_Studio" in field 'Studio Name'
Sep 05,2016 17:31:05 [info]  Clicked on the 'Find Button' using JS Executor
Sep 05,2016 17:31:07 [info]  Clicked on the 'Searched Studio: 'CORUS_Studio''
Sep 05,2016 17:31:07 [info]  Clicked on the 'Select Button at Studio Window' using JS Executor
Sep 05,2016 17:31:14 [info]  Clicked on the 'SBUImage' using JS Executor
Sep 05,2016 17:31:15 [info]  Verified that Expected value :[Primary Channel Template] is matched with Actual value :[Primary Channel Template]
Sep 05,2016 17:31:26 [info]  Clicked on the ''Select All' CheckBox at SBU' using JS Executor
Sep 05,2016 17:31:32 [info]  Clicked on the 'First CheckBox At SBU window'
Sep 05,2016 17:31:32 [info]  Clicked on the 'Ninth CheckBox At SBU winodw'
Sep 05,2016 17:31:34 [info]  Clicked on the 'Apply Button' using JS Executor
Sep 05,2016 17:31:35 [info]  Entered "00:30:00" in field 'Duration'
Sep 05,2016 17:31:37 [info]  Entered "00:30:00" in field 'Duration'
Sep 05,2016 17:31:37 [info]  Selected "Production" in "Asset Status" drop down
Sep 05,2016 17:31:37 [info]  Selected "Licensed Acquired Production" in "Asset Source" drop down
Sep 05,2016 17:31:38 [info]  Selected "DVD" in "Asset Category/Group" drop down
Sep 05,2016 17:31:39 [info]  Entered "AUT_Series" in field 'Short Name'
Sep 05,2016 17:31:39 [info]  Clicked on the 'Genre Add Button' using JS Executor
Sep 05,2016 17:31:39 [info]  Clicked on the 'Genre Type Row Field' using JS Executor
Sep 05,2016 17:31:40 [info]  Clicked on the 'Genere Type Dropdown Image'
Sep 05,2016 17:31:40 [info]  Clicked on the 'First Genere Type DropDown Value in the list'
Sep 05,2016 17:31:40 [info]  Clicked on the 'Genre Row Field' using JS Executor
Sep 05,2016 17:31:40 [info]  Clicked on the 'Genere Dropdown Image'
Sep 05,2016 17:31:41 [info]  Clicked on the 'Genere Dropdown value'
Sep 05,2016 17:31:41 [info]  Clicked on the 'Add Button of Note' using JS Executor
Sep 05,2016 17:31:54 [info]  Entered "Medium" in field 'Asset Priority'
Sep 05,2016 17:31:55 [info]  Entered "Subject For the Deal" in field 'Asset Subject'
Sep 05,2016 17:31:55 [info]  Entered "New Asset" in field 'AssetNotes TextField'
Sep 05,2016 17:31:56 [info]  Clicked on the 'OK button'
Sep 05,2016 17:31:58 [info]  Clicked on the 'Save Button' using JS Executor
Sep 05,2016 17:32:09 [info]  Verified that Expected value :[AUT_AssetMovies_0905201652954] is matched with Actual value :[AUT_AssetMovies_0905201652954]
Sep 05,2016 17:32:09 [info]  ************************Created Asset of TypeProgram - One-Off************************
Sep 05,2016 17:32:09 [info]  AUT_AssetMovies_0905201652954
Sep 05,2016 17:32:10 [info]  Clicked on the 'MODULE'
Sep 05,2016 17:32:19 [info]  Clicked on the 'Asset Maintenance'
Sep 05,2016 17:32:23 [info]  Clicked on the 'MODULE'
Sep 05,2016 17:32:32 [info]  Clicked on the 'Asset Maintenance'
Sep 05,2016 17:32:36 [info]  Clicked on the 'AssetSearchUnderAsset' using JS Executor
Sep 05,2016 17:32:49 [info]  Entered "AUT_AssetMovies_0905201652954" in field 'AssetTitle'
Sep 05,2016 17:32:49 [info]  Clicked on the 'Find Button' using JS Executor
Sep 05,2016 17:33:03 [info]  Moved Mouse over 'First Asset in the Searched Asset'
Sep 05,2016 17:33:03 [info]  Clicked on the 'First Asset in the Searched Asset'
Sep 05,2016 17:33:06 [info]  Clicked on the 'View Asset' using JS Executor
Sep 05,2016 17:33:23 [info]  Verified that Expected value :[AUT_AssetMovies_0905201652954] is matched with Actual value :[AUT_AssetMovies_0905201652954]
Sep 05,2016 17:33:25 [info]  Clicked on the 'Versions TAB'
Sep 05,2016 17:33:36 [info]  ***************Frames and default values**********************
Sep 05,2016 17:33:36 [info]  Verified that Expected value :[Versions (Same Rights)] is matched with Actual value :[Versions (Same Rights)]
Sep 05,2016 17:33:44 [info]  AMVerNameKeyValue4
Sep 05,2016 17:33:44 [info]  Verified that Expected value :[Version 1.0] is matched with Actual value :[Version 1.0]
Sep 05,2016 17:33:44 [info]  Clicked on the 'Edit Version Button' using JS Executor
Sep 05,2016 17:34:00 [info]  **********Verifying the columns in the "Versions Edit window"************
Sep 05,2016 17:34:20 [info]  Maximum Column value is - 50
Sep 05,2016 17:34:20 [info]  Minimum Column value is - 2
Sep 05,2016 17:34:23 [info]  Verified that Expected value :[*Name] is matched with Actual value :[*Name]
Sep 05,2016 17:34:23 [info]  Verified that Expected value :[Total Actual Runtime] is matched with Actual value :[Total Actual Runtime]
Sep 05,2016 17:34:23 [info]  Verified that Expected value :[*Network] is matched with Actual value :[*Network]
Sep 05,2016 17:34:23 [info]  Verified that Expected value :[Active] is matched with Actual value :[Active]
Sep 05,2016 17:34:30 [info]  Verified that Expected value :[Format] is matched with Actual value :[Format]
Sep 05,2016 17:34:30 [info]  Verified that Expected value :[Default] is matched with Actual value :[Default]
Sep 05,2016 17:34:30 [info]  Verified that Expected value :[Schedule Block] is matched with Actual value :[Schedule Block]
Sep 05,2016 17:34:30 [info]  **********Verifying the Buttons in the "Versions Edit window"************
Sep 05,2016 17:34:30 [info]  Verified that Expected value :[Add] is matched with Actual value :[Add]
Sep 05,2016 17:34:30 [info]  Verified that Expected value :[Copy] is matched with Actual value :[Copy]
Sep 05,2016 17:34:30 [info]  Verified that Expected value :[Delete] is matched with Actual value :[Delete]
Sep 05,2016 17:34:31 [info]  Verified that Expected value :[Save] is matched with Actual value :[Save]
Sep 05,2016 17:34:31 [info]  Verified that Expected value :[Cancel] is matched with Actual value :[Cancel]
Sep 05,2016 17:34:31 [info]  **********The default values in the row************
Sep 05,2016 17:34:34 [info]  Verified that Expected value :[Version 1.0] is matched with Actual value :[Version 1.0]
Sep 05,2016 17:34:34 [info]  ====Failed==== Expected value is:[30:00] but Actual value is[000:00]. Please check the screenshot with name: 30:00for more details
Sep 05,2016 17:34:35 [info]  ********************************************************************
Sep 05,2016 17:34:35 [info]  Clicked on the 'NETWORKHeader_Field'
Sep 05,2016 17:34:36 [info]  Entered "Action" in field 'NETWORKHeader_Field'
Sep 05,2016 17:34:36 [info]  Clicked on the 'support click 'Select Row''
Sep 05,2016 17:34:36 [info]  Verified that Expected value :[Action] is matched with Actual value :[Action]
Sep 05,2016 17:34:37 [info]  Clicked on the 'Add Button at Edit Version Window' using JS Executor
Sep 05,2016 17:34:50 [info]  Clicked on the 'Version Name Field SecondRow at Edit Version Window'
Sep 05,2016 17:34:51 [info]  Entered "Version 2.0" in field 'Name InputField at Edit Version Window'
Sep 05,2016 17:34:51 [info]  Clicked on the 'support click 'Select Row''
Sep 05,2016 17:34:51 [info]  ====Failed==== Expected value is:[Version 2.0] but Actual value is[]. Please check the screenshot with name: Version 2.0for more details
Sep 05,2016 17:34:52 [info]  Clicked on the 'support click 'Select Row''
Sep 05,2016 17:34:52 [info]  ====Failed==== Expected value is:[Sponsored] but Actual value is[]. Please check the screenshot with name: Sponsoredfor more details
Sep 05,2016 17:35:03 [info]  Clicked on the 'support click 'Select Row''
Sep 05,2016 17:35:03 [info]  Verified that Expected value :[] is matched with Actual value :[]
Sep 05,2016 17:35:03 [info]  Clicked on the 'support click 'Select Row''
Sep 05,2016 17:35:04 [info]  Verified that Expected value :[] is matched with Actual value :[]
Sep 05,2016 17:35:04 [info]  Clicked on the 'support click 'Select Row''
Sep 05,2016 17:35:04 [info]  ====Failed==== Expected value is:[100] but Actual value is[]. Please check the screenshot with name: 100for more details
Sep 05,2016 17:35:05 [info]  Clicked on the 'AMVerTotalActualRuntime_Field'
Sep 05,2016 17:35:05 [info]  Entered "58:40" in field 'AMVerBlockLength Field'
Sep 05,2016 17:35:06 [info]  Clicked on the 'support click 'Select Row''
Sep 05,2016 17:35:06 [info]  ====Failed==== Expected value is:[58:40] but Actual value is[584:00]. Please check the screenshot with name: 58:40for more details
Sep 05,2016 17:35:06 [info]  Clicked on the 'support click 'Select Row''
Sep 05,2016 17:35:06 [info]  ====Failed==== Expected value is:[60:40] but Actual value is[]. Please check the screenshot with name: 60:40for more details
Sep 05,2016 17:35:07 [info]  Clicked on the 'NETWORKHeader_Field_SecondRow'
Sep 05,2016 17:35:07 [info]  Entered "Action" in field 'NETWORKHeader_Field_SecondRow'
Sep 05,2016 17:35:08 [info]  Clicked on the 'support click 'Select Row''
Sep 05,2016 17:35:08 [info]  Verified that Expected value :[Action] is matched with Actual value :[Action]
Sep 05,2016 17:35:20 [info]  
Sep 05,2016 17:35:20 [info]  
Sep 05,2016 17:35:20 [info]  
Sep 05,2016 17:35:20 [info]  Clicked on the 'Save button at Note Widnow' using JS Executor
Sep 05,2016 17:35:38 [info]  Clicked on the 'Edit Button' using JS Executor
Sep 05,2016 17:35:58 [info]  Clicked on the 'AMVersionDefault_Field_Image'
Sep 05,2016 17:35:59 [info]  Clicked on the 'Save button' using JS Executor
Sep 05,2016 17:36:05 [info]  Clicked on the 'OK Button at Alert' using JS Executor
Sep 05,2016 17:36:25 [info]  Test 'TC1_VersionUI' FAILED
Sep 05,2016 17:36:25 [info]  2
Sep 05,2016 17:36:25 [info]  Test Case :TC1_VersionUI's Screenshot of Failure Page: C:\SeleniumProject\Screenshots\Sep2016\\05\TC1_VersionUI_09-05-2016 5-36-25 PM.jpg
Sep 05,2016 17:36:27 [info]  Closed the Browser
Sep 05,2016 17:47:41 [info]  ********************Started Executiong the Test Suite at 17:47:41******************
Sep 05,2016 17:47:41 [info]  *********************Started Executing the Test Area(Modules/TAB): 'Default test'*********************
Sep 05,2016 17:47:50 [info]  Client: CORUS
Sep 05,2016 17:47:50 [info]  URL: http://rlv3wb41/Home.aspx
Sep 05,2016 17:47:50 [info]  UserName: admin
Sep 05,2016 17:47:50 [info]  Password: admin_corus
Sep 05,2016 17:47:51 [info]  Entered "admin" in field 'User Name'
Sep 05,2016 17:47:51 [info]  Clicked on the 'Temporary Check Box'
Sep 05,2016 17:47:52 [info]  Entered "admin_corus" in field 'Password'
Sep 05,2016 17:48:00 [info]  Clicked on the 'LoginButton'
Sep 05,2016 17:48:06 [info]  *********************Started Executing 'TC1_VersionUI' Test Case*********************
Sep 05,2016 17:48:06 [info]  *********************Start Testcase - TC1_VersionUI *********************
Sep 05,2016 17:48:07 [info]  ************************Started Creating Asset of Type: Program - One-Off************************
Sep 05,2016 17:48:08 [info]  Clicked on the 'MODULE'
Sep 05,2016 17:48:17 [info]  Clicked on the 'Asset Maintenance'
Sep 05,2016 17:48:21 [info]  Clicked on the 'New Button' using JS Executor
Sep 05,2016 17:48:21 [info]  Clicked on the 'Program' using JS Executor
Sep 05,2016 17:48:31 [info]  Clicked on the 'General TAB'
Sep 05,2016 17:48:31 [info]  Verified that Expected value :[*Asset Type] is matched with Actual value :[*Asset Type]
Sep 05,2016 17:48:31 [info]  Verified that Expected value :[Asset Category] is matched with Actual value :[Asset Category]
Sep 05,2016 17:48:31 [info]  Verified that Expected value :[*Asset Name] is matched with Actual value :[*Asset Name]
Sep 05,2016 17:48:32 [info]  Verified that Expected value :[Series Title] is matched with Actual value :[Series Title]
Sep 05,2016 17:48:32 [info]  Verified that Expected value :[Parent Company] is matched with Actual value :[Parent Company]
Sep 05,2016 17:48:32 [info]  Verified that Expected value :[*Primary Channel] is matched with Actual value :[*Primary Channel]
Sep 05,2016 17:48:32 [info]  Verified that Expected value :[Duration] is matched with Actual value :[Duration]
Sep 05,2016 17:48:32 [info]  Verified that Expected value :[Transmission Title] is matched with Actual value :[Transmission Title]
Sep 05,2016 17:48:33 [info]  Verified that Expected value :[*Asset Status] is matched with Actual value :[*Asset Status]
Sep 05,2016 17:48:33 [info]  Verified that Expected value :[*Asset Source] is matched with Actual value :[*Asset Source]
Sep 05,2016 17:48:33 [info]  Verified that Expected value :[Non-Airable] is matched with Actual value :[Non-Airable]
Sep 05,2016 17:48:33 [info]  Verified that Expected value :[TBA] is matched with Actual value :[TBA]
Sep 05,2016 17:48:33 [info]  Verified that Expected value :[Actual Run Time] is matched with Actual value :[Actual Run Time]
Sep 05,2016 17:48:34 [info]  Selected "Program - One-Off" in "AssetTypeDropDown" drop down
Sep 05,2016 17:48:38 [info]  Entered "AUT_AssetMovies_0905201654740" in field 'AssetTitle'
Sep 05,2016 17:48:40 [info]  Clicked on the 'StudioImageIcon' using JS Executor
Sep 05,2016 17:48:41 [info]  Verified that Expected value :[Studio] is matched with Actual value :[Studio]
Sep 05,2016 17:48:53 [info]  Entered "CORUS_Studio" in field 'Studio Name'
Sep 05,2016 17:48:53 [info]  Clicked on the 'Find Button' using JS Executor
Sep 05,2016 17:48:55 [info]  Clicked on the 'Searched Studio: 'CORUS_Studio''
Sep 05,2016 17:48:55 [info]  Clicked on the 'Select Button at Studio Window' using JS Executor
Sep 05,2016 17:49:02 [info]  Clicked on the 'SBUImage' using JS Executor
Sep 05,2016 17:49:03 [info]  Verified that Expected value :[Primary Channel Template] is matched with Actual value :[Primary Channel Template]
Sep 05,2016 17:49:14 [info]  Clicked on the ''Select All' CheckBox at SBU' using JS Executor
Sep 05,2016 17:49:20 [info]  Clicked on the 'First CheckBox At SBU window'
Sep 05,2016 17:49:20 [info]  Clicked on the 'Ninth CheckBox At SBU winodw'
Sep 05,2016 17:49:22 [info]  Clicked on the 'Apply Button' using JS Executor
Sep 05,2016 17:49:23 [info]  Entered "00:30:00" in field 'Duration'
Sep 05,2016 17:49:25 [info]  Entered "00:30:00" in field 'Duration'
Sep 05,2016 17:49:25 [info]  Selected "Production" in "Asset Status" drop down
Sep 05,2016 17:49:25 [info]  Selected "Licensed Acquired Production" in "Asset Source" drop down
Sep 05,2016 17:49:26 [info]  Selected "DVD" in "Asset Category/Group" drop down
Sep 05,2016 17:49:27 [info]  Entered "AUT_Series" in field 'Short Name'
Sep 05,2016 17:49:27 [info]  Clicked on the 'Genre Add Button' using JS Executor
Sep 05,2016 17:49:27 [info]  Clicked on the 'Genre Type Row Field' using JS Executor
Sep 05,2016 17:49:28 [info]  Clicked on the 'Genere Type Dropdown Image'
Sep 05,2016 17:49:28 [info]  Clicked on the 'First Genere Type DropDown Value in the list'
Sep 05,2016 17:49:28 [info]  Clicked on the 'Genre Row Field' using JS Executor
Sep 05,2016 17:49:28 [info]  Clicked on the 'Genere Dropdown Image'
Sep 05,2016 17:49:29 [info]  Clicked on the 'Genere Dropdown value'
Sep 05,2016 17:49:29 [info]  Clicked on the 'Add Button of Note' using JS Executor
Sep 05,2016 17:49:42 [info]  Entered "Medium" in field 'Asset Priority'
Sep 05,2016 17:49:43 [info]  Entered "Subject For the Deal" in field 'Asset Subject'
Sep 05,2016 17:49:43 [info]  Entered "New Asset" in field 'AssetNotes TextField'
Sep 05,2016 17:49:44 [info]  Clicked on the 'OK button'
Sep 05,2016 17:49:46 [info]  Clicked on the 'Save Button' using JS Executor
Sep 05,2016 17:49:57 [info]  Verified that Expected value :[AUT_AssetMovies_0905201654740] is matched with Actual value :[AUT_AssetMovies_0905201654740]
Sep 05,2016 17:49:57 [info]  ************************Created Asset of TypeProgram - One-Off************************
Sep 05,2016 17:49:57 [info]  AUT_AssetMovies_0905201654740
Sep 05,2016 17:49:58 [info]  Clicked on the 'MODULE'
Sep 05,2016 17:50:01 [info]  Clicked on the 'Asset Maintenance'
Sep 05,2016 17:50:06 [info]  Test 'TC1_VersionUI' FAILED
Sep 05,2016 17:50:06 [info]  2
Sep 05,2016 17:50:07 [info]  Test Case :TC1_VersionUI's Screenshot of Failure Page: C:\SeleniumProject\Screenshots\Sep2016\\05\TC1_VersionUI_09-05-2016 5-50-06 PM.jpg
Sep 05,2016 17:50:08 [info]  Closed the Browser
Sep 05,2016 17:51:07 [info]  ********************Started Executiong the Test Suite at 17:51:07******************
Sep 05,2016 17:51:07 [info]  *********************Started Executing the Test Area(Modules/TAB): 'Default test'*********************
Sep 05,2016 17:51:16 [info]  Client: CORUS
Sep 05,2016 17:51:16 [info]  URL: http://rlv3wb41/Home.aspx
Sep 05,2016 17:51:16 [info]  UserName: admin
Sep 05,2016 17:51:16 [info]  Password: admin_corus
Sep 05,2016 17:51:17 [info]  Entered "admin" in field 'User Name'
Sep 05,2016 17:51:18 [info]  Clicked on the 'Temporary Check Box'
Sep 05,2016 17:51:18 [info]  Entered "admin_corus" in field 'Password'
Sep 05,2016 17:51:26 [info]  Clicked on the 'LoginButton'
Sep 05,2016 17:51:32 [info]  *********************Started Executing 'TC1_VersionUI' Test Case*********************
Sep 05,2016 17:51:32 [info]  *********************Start Testcase - TC1_VersionUI *********************
Sep 05,2016 17:51:32 [info]  AUT_AssetMovies_0905201654740
Sep 05,2016 17:51:33 [info]  Clicked on the 'MODULE'
Sep 05,2016 17:51:41 [info]  Clicked on the 'Asset Maintenance'
Sep 05,2016 17:51:46 [info]  Clicked on the 'MODULE'
Sep 05,2016 17:51:55 [info]  Clicked on the 'Asset Maintenance'
Sep 05,2016 17:51:59 [info]  Clicked on the 'AssetSearchUnderAsset' using JS Executor
Sep 05,2016 17:52:12 [info]  Entered "AUT_AssetMovies_0905201654740" in field 'AssetTitle'
Sep 05,2016 17:52:12 [info]  Clicked on the 'Find Button' using JS Executor
Sep 05,2016 17:52:26 [info]  Moved Mouse over 'First Asset in the Searched Asset'
Sep 05,2016 17:52:27 [info]  Clicked on the 'First Asset in the Searched Asset'
Sep 05,2016 17:52:30 [info]  Clicked on the 'View Asset' using JS Executor
Sep 05,2016 17:52:47 [info]  Verified that Expected value :[AUT_AssetMovies_0905201654740] is matched with Actual value :[AUT_AssetMovies_0905201654740]
Sep 05,2016 17:52:50 [info]  Clicked on the 'Versions TAB'
Sep 05,2016 17:53:00 [info]  ***************Frames and default values**********************
Sep 05,2016 17:53:00 [info]  Verified that Expected value :[Versions (Same Rights)] is matched with Actual value :[Versions (Same Rights)]
Sep 05,2016 17:53:10 [info]  AMVerNameKeyValue4
Sep 05,2016 17:53:10 [info]  Verified that Expected value :[Version 1.0] is matched with Actual value :[Version 1.0]
Sep 05,2016 17:53:10 [info]  Clicked on the 'Edit Version Button' using JS Executor
Sep 05,2016 17:53:26 [info]  **********Verifying the columns in the "Versions Edit window"************
Sep 05,2016 17:53:48 [info]  Maximum Column value is - 50
Sep 05,2016 17:53:48 [info]  Minimum Column value is - 2
Sep 05,2016 17:53:51 [info]  Verified that Expected value :[*Name] is matched with Actual value :[*Name]
Sep 05,2016 17:53:52 [info]  Verified that Expected value :[Total Actual Runtime] is matched with Actual value :[Total Actual Runtime]
Sep 05,2016 17:53:52 [info]  Verified that Expected value :[*Network] is matched with Actual value :[*Network]
Sep 05,2016 17:53:52 [info]  Verified that Expected value :[Active] is matched with Actual value :[Active]
Sep 05,2016 17:53:58 [info]  Verified that Expected value :[Format] is matched with Actual value :[Format]
Sep 05,2016 17:53:58 [info]  Verified that Expected value :[Default] is matched with Actual value :[Default]
Sep 05,2016 17:53:59 [info]  Verified that Expected value :[Schedule Block] is matched with Actual value :[Schedule Block]
Sep 05,2016 17:53:59 [info]  **********Verifying the Buttons in the "Versions Edit window"************
Sep 05,2016 17:53:59 [info]  Verified that Expected value :[Add] is matched with Actual value :[Add]
Sep 05,2016 17:53:59 [info]  Verified that Expected value :[Copy] is matched with Actual value :[Copy]
Sep 05,2016 17:53:59 [info]  Verified that Expected value :[Delete] is matched with Actual value :[Delete]
Sep 05,2016 17:53:59 [info]  Verified that Expected value :[Save] is matched with Actual value :[Save]
Sep 05,2016 17:53:59 [info]  Verified that Expected value :[Cancel] is matched with Actual value :[Cancel]
Sep 05,2016 17:53:59 [info]  **********The default values in the row************
Sep 05,2016 17:54:03 [info]  Verified that Expected value :[Version 1.0] is matched with Actual value :[Version 1.0]
Sep 05,2016 17:54:03 [info]  ====Failed==== Expected value is:[30:00] but Actual value is[000:00]. Please check the screenshot with name: 30:00for more details
Sep 05,2016 17:54:03 [info]  ScreenShot of CheckPoint Failure: C:\SeleniumProject\Screenshots\Sep2016\\05\Total Actual Run Time at Edit Version window_CheckpointFailure_09-05-2016 5-54-03 PM.jpg
Sep 05,2016 17:54:04 [info]  ********************************************************************
Sep 05,2016 17:54:04 [info]  Clicked on the 'NETWORKHeader_Field'
Sep 05,2016 17:54:05 [info]  Entered "Action" in field 'NETWORKHeader_Field'
Sep 05,2016 17:54:05 [info]  Clicked on the 'support click 'Select Row''
Sep 05,2016 17:54:05 [info]  Verified that Expected value :[Action] is matched with Actual value :[Action]
Sep 05,2016 17:54:05 [info]  Clicked on the 'Add Button at Edit Version Window' using JS Executor
Sep 05,2016 17:56:52 [info]  Clicked on the 'Version Name Field SecondRow at Edit Version Window'
Sep 05,2016 17:56:58 [info]  Entered "Version 2.0" in field 'Name InputField at Edit Version Window'
Sep 05,2016 17:57:18 [info]  Clicked on the 'AMVerTotalActualRuntime_Field'
Sep 05,2016 17:57:18 [info]  Entered "58:40" in field 'AMVerBlockLength Field'
Sep 05,2016 17:57:18 [info]  Clicked on the 'NETWORKHeader_Field_SecondRow'
Sep 05,2016 17:57:19 [info]  Entered "Action" in field 'NETWORKHeader_Field_SecondRow'
Sep 05,2016 17:57:31 [info]  
Sep 05,2016 17:57:31 [info]  
Sep 05,2016 17:57:32 [info]  
Sep 05,2016 17:57:32 [info]  Clicked on the 'Save button at Note Widnow' using JS Executor
Sep 05,2016 17:57:51 [info]  Clicked on the 'Edit Button' using JS Executor
Sep 05,2016 17:58:10 [info]  Clicked on the 'AMVersionDefault_Field_Image'
Sep 05,2016 17:58:10 [info]  Clicked on the 'Save button' using JS Executor
Sep 05,2016 17:58:17 [info]  Clicked on the 'OK Button at Alert' using JS Executor
Sep 05,2016 17:58:37 [info]  Test 'TC1_VersionUI' FAILED
Sep 05,2016 17:58:37 [info]  2
Sep 05,2016 17:58:37 [info]  Test Case :TC1_VersionUI's Screenshot of Failure Page: C:\SeleniumProject\Screenshots\Sep2016\\05\TC1_VersionUI_09-05-2016 5-58-37 PM.jpg
Sep 05,2016 17:58:39 [info]  Closed the Browser
Sep 05,2016 18:02:53 [info]  ********************Started Executiong the Test Suite at 18:02:53******************
Sep 05,2016 18:02:53 [info]  *********************Started Executing the Test Area(Modules/TAB): 'Default test'*********************
Sep 05,2016 18:03:15 [info]  ********************Started Executiong the Test Suite at 18:03:15******************
Sep 05,2016 18:03:15 [info]  *********************Started Executing the Test Area(Modules/TAB): 'Default test'*********************
Sep 05,2016 18:03:24 [info]  Client: CORUS
Sep 05,2016 18:03:24 [info]  URL: http://rlv3wb41/Home.aspx
Sep 05,2016 18:03:24 [info]  UserName: admin
Sep 05,2016 18:03:24 [info]  Password: admin_corus
Sep 05,2016 18:03:25 [info]  Entered "admin" in field 'User Name'
Sep 05,2016 18:03:25 [info]  Clicked on the 'Temporary Check Box'
Sep 05,2016 18:03:26 [info]  Entered "admin_corus" in field 'Password'
Sep 05,2016 18:03:34 [info]  Clicked on the 'LoginButton'
Sep 05,2016 18:03:40 [info]  *********************Started Executing 'testscript' Test Case*********************
Sep 05,2016 18:06:04 [info]  Clicked on the 'AMVersionDefault_Field_Image'
Sep 05,2016 18:07:01 [info]  ********************Started Executiong the Test Suite at 18:07:01******************
Sep 05,2016 18:07:01 [info]  *********************Started Executing the Test Area(Modules/TAB): 'Default test'*********************
Sep 05,2016 18:07:10 [info]  Client: CORUS
Sep 05,2016 18:07:10 [info]  URL: http://rlv3wb41/Home.aspx
Sep 05,2016 18:07:10 [info]  UserName: admin
Sep 05,2016 18:07:10 [info]  Password: admin_corus
Sep 05,2016 18:07:11 [info]  Entered "admin" in field 'User Name'
Sep 05,2016 18:07:11 [info]  Clicked on the 'Temporary Check Box'
Sep 05,2016 18:07:12 [info]  Entered "admin_corus" in field 'Password'
Sep 05,2016 18:07:27 [info]  Clicked on the 'LoginButton'
Sep 05,2016 18:07:33 [info]  *********************Started Executing 'testscript' Test Case*********************
Sep 05,2016 18:09:38 [info]  Moved Mouse over 'AMVersionDefault_Field_Image'
Sep 05,2016 18:09:39 [info]  Clicked on the 'AMVersionDefault_Field_Image'
Sep 05,2016 18:09:50 [info]  Clicked on the 'Save button' using JS Executor
Sep 05,2016 18:11:17 [info]  ********************Started Executiong the Test Suite at 18:11:17******************
Sep 05,2016 18:11:17 [info]  *********************Started Executing the Test Area(Modules/TAB): 'Default test'*********************
Sep 05,2016 18:11:26 [info]  Client: CORUS
Sep 05,2016 18:11:26 [info]  URL: http://rlv3wb41/Home.aspx
Sep 05,2016 18:11:26 [info]  UserName: admin
Sep 05,2016 18:11:26 [info]  Password: admin_corus
Sep 05,2016 18:11:27 [info]  Entered "admin" in field 'User Name'
Sep 05,2016 18:11:27 [info]  Clicked on the 'Temporary Check Box'
Sep 05,2016 18:11:28 [info]  Entered "admin_corus" in field 'Password'
Sep 05,2016 18:11:39 [info]  Clicked on the 'LoginButton'
Sep 05,2016 18:11:45 [info]  *********************Started Executing 'testscript' Test Case*********************
Sep 05,2016 18:12:17 [info]  Moved Mouse over 'AMVersionDefault_Field_Image'
Sep 05,2016 18:12:17 [info]  Clicked on the 'AMVersionDefault_Field_Image' using JS Executor
Sep 05,2016 18:12:21 [info]  Clicked on the 'Save button' using JS Executor
Sep 05,2016 18:12:21 [info]  Verified that Expected value :[The Asset can only have one Default Version. Please select only one version as default before attempting to save.] is matched with Actual value :[  Save Versions  
    The Asset can only have one Default Version. Please select only one version as default before attempting to save.
       ]
Sep 05,2016 18:12:25 [info]  Clicked on the 'OK Button at Alert' using JS Executor
Sep 05,2016 18:12:35 [info]  Clicked on the 'AMVersionDefault_Field_Image'
Sep 05,2016 18:12:35 [info]  Test 'testscript' PASSED
Sep 05,2016 18:12:36 [info]  Closed the Browser
Sep 05,2016 18:15:39 [info]  ********************Started Executiong the Test Suite at 18:15:39******************
Sep 05,2016 18:15:39 [info]  *********************Started Executing the Test Area(Modules/TAB): 'Default test'*********************
Sep 05,2016 18:15:48 [info]  ********************Started Executiong the Test Suite at 18:15:48******************
Sep 05,2016 18:15:48 [info]  *********************Started Executing the Test Area(Modules/TAB): 'Default test'*********************
Sep 05,2016 18:15:58 [info]  Client: CORUS
Sep 05,2016 18:15:58 [info]  URL: http://rlv3wb41/Home.aspx
Sep 05,2016 18:15:58 [info]  UserName: admin
Sep 05,2016 18:15:58 [info]  Password: admin_corus
Sep 05,2016 18:15:59 [info]  Entered "admin" in field 'User Name'
Sep 05,2016 18:15:59 [info]  Clicked on the 'Temporary Check Box'
Sep 05,2016 18:16:00 [info]  Entered "admin_corus" in field 'Password'
Sep 05,2016 18:16:08 [info]  Clicked on the 'LoginButton'
Sep 05,2016 18:16:14 [info]  *********************Started Executing 'testscript' Test Case*********************
Sep 05,2016 18:18:25 [info]  Clicked on the 'Version Name Field SecondRow at Edit Version Window'
Sep 05,2016 18:18:30 [info]  ====Failed==== "Name InputField at Edit Version Window" field is not present'Name InputField at Edit Version Window'
Sep 05,2016 18:18:57 [info]  ********************Started Executiong the Test Suite at 18:18:57******************
Sep 05,2016 18:18:57 [info]  *********************Started Executing the Test Area(Modules/TAB): 'Default test'*********************
Sep 05,2016 18:19:06 [info]  Client: CORUS
Sep 05,2016 18:19:06 [info]  URL: http://rlv3wb41/Home.aspx
Sep 05,2016 18:19:06 [info]  UserName: admin
Sep 05,2016 18:19:06 [info]  Password: admin_corus
Sep 05,2016 18:19:07 [info]  Entered "admin" in field 'User Name'
Sep 05,2016 18:19:07 [info]  Clicked on the 'Temporary Check Box'
Sep 05,2016 18:19:08 [info]  Entered "admin_corus" in field 'Password'
Sep 05,2016 18:19:21 [info]  Clicked on the 'LoginButton'
Sep 05,2016 18:19:27 [info]  *********************Started Executing 'testscript' Test Case*********************
Sep 05,2016 18:19:57 [info]  Double clicked on 'Version Name Field SecondRow at Edit Version Window'
Sep 05,2016 18:19:58 [info]  Entered "Version 2.0" in field 'Name InputField at Edit Version Window'
Sep 05,2016 18:19:58 [info]  Test 'testscript' PASSED
Sep 05,2016 18:19:59 [info]  Closed the Browser
Sep 05,2016 18:21:00 [info]  ********************Started Executiong the Test Suite at 18:21:00******************
Sep 05,2016 18:21:00 [info]  *********************Started Executing the Test Area(Modules/TAB): 'Default test'*********************
Sep 05,2016 18:21:09 [info]  Client: CORUS
Sep 05,2016 18:21:09 [info]  URL: http://rlv3wb41/Home.aspx
Sep 05,2016 18:21:09 [info]  UserName: admin
Sep 05,2016 18:21:09 [info]  Password: admin_corus
Sep 05,2016 18:21:10 [info]  Entered "admin" in field 'User Name'
Sep 05,2016 18:21:11 [info]  Clicked on the 'Temporary Check Box'
Sep 05,2016 18:21:11 [info]  Entered "admin_corus" in field 'Password'
Sep 05,2016 18:21:28 [info]  Clicked on the 'LoginButton'
Sep 05,2016 18:21:34 [info]  *********************Started Executing 'testscript' Test Case*********************
Sep 05,2016 18:22:01 [info]  Double clicked on 'Version Name Field SecondRow at Edit Version Window'
Sep 05,2016 18:22:02 [info]  Entered "Version 2.0" in field 'Name InputField at Edit Version Window'
Sep 05,2016 18:22:02 [info]  Clicked on the 'support click 'Select Row''
Sep 05,2016 18:22:03 [info]  Double clicked on 'Version Name Field SecondRow at Edit Version Window'
Sep 05,2016 18:22:03 [info]  Entered "Version 2.0" in field 'Name InputField at Edit Version Window'
Sep 05,2016 18:22:03 [info]  Test 'testscript' PASSED
Sep 05,2016 18:22:04 [info]  Closed the Browser
Sep 05,2016 18:22:37 [info]  ********************Started Executiong the Test Suite at 18:22:37******************
Sep 05,2016 18:22:37 [info]  *********************Started Executing the Test Area(Modules/TAB): 'Default test'*********************
Sep 05,2016 18:22:46 [info]  Client: CORUS
Sep 05,2016 18:22:46 [info]  URL: http://rlv3wb41/Home.aspx
Sep 05,2016 18:22:46 [info]  UserName: admin
Sep 05,2016 18:22:46 [info]  Password: admin_corus
Sep 05,2016 18:22:47 [info]  Entered "admin" in field 'User Name'
Sep 05,2016 18:22:48 [info]  Clicked on the 'Temporary Check Box'
Sep 05,2016 18:22:48 [info]  Entered "admin_corus" in field 'Password'
Sep 05,2016 18:22:56 [info]  Clicked on the 'LoginButton'
Sep 05,2016 18:23:02 [info]  *********************Started Executing 'testscript' Test Case*********************
Sep 05,2016 18:23:57 [info]  Double clicked on 'Version Name Field SecondRow at Edit Version Window'
Sep 05,2016 18:23:58 [info]  Entered "Version 2.0" in field 'Name InputField at Edit Version Window'
Sep 05,2016 18:23:59 [info]  Clicked on the 'support click 'Select Row''
Sep 05,2016 18:24:00 [info]  Double clicked on 'Version Name Field SecondRow at Edit Version Window'
Sep 05,2016 18:24:01 [info]  Entered "Version 2.0" in field 'Name InputField at Edit Version Window'
Sep 05,2016 18:24:11 [info]  Test 'testscript' PASSED
Sep 05,2016 18:24:12 [info]  Closed the Browser
Sep 05,2016 18:26:01 [info]  ********************Started Executiong the Test Suite at 18:26:01******************
Sep 05,2016 18:26:01 [info]  *********************Started Executing the Test Area(Modules/TAB): 'Default test'*********************
Sep 05,2016 18:26:10 [info]  Client: CORUS
Sep 05,2016 18:26:10 [info]  URL: http://rlv3wb41/Home.aspx
Sep 05,2016 18:26:10 [info]  UserName: admin
Sep 05,2016 18:26:10 [info]  Password: admin_corus
Sep 05,2016 18:26:11 [info]  Entered "admin" in field 'User Name'
Sep 05,2016 18:26:12 [info]  Clicked on the 'Temporary Check Box'
Sep 05,2016 18:26:12 [info]  Entered "admin_corus" in field 'Password'
Sep 05,2016 18:26:20 [info]  Clicked on the 'LoginButton'
Sep 05,2016 18:26:26 [info]  *********************Started Executing 'TC3_VersionCopy' Test Case*********************
Sep 05,2016 18:26:27 [info]  Clicked on the 'MODULE'
Sep 05,2016 18:26:36 [info]  Clicked on the 'Asset Maintenance'
Sep 05,2016 18:26:40 [info]  Clicked on the 'AssetSearchUnderAsset' using JS Executor
Sep 05,2016 18:26:53 [info]  Entered "AUT_AssetMovies_0905201654740" in field 'AssetTitle'
Sep 05,2016 18:26:53 [info]  Clicked on the 'Find Button' using JS Executor
Sep 05,2016 18:27:07 [info]  Moved Mouse over 'First Asset in the Searched Asset'
Sep 05,2016 18:27:08 [info]  Clicked on the 'First Asset in the Searched Asset'
Sep 05,2016 18:27:11 [info]  Clicked on the 'View Asset' using JS Executor
Sep 05,2016 18:27:28 [info]  Verified that Expected value :[AUT_AssetMovies_0905201654740] is matched with Actual value :[AUT_AssetMovies_0905201654740]
Sep 05,2016 18:27:31 [info]  Clicked on the 'Versions TAB'
Sep 05,2016 18:27:41 [info]  Clicked on the 'Edit Button' using JS Executor
Sep 05,2016 18:27:58 [info]  Clicked on the 'Copy Button' using JS Executor
Sep 05,2016 18:27:59 [info]  ====Failed==== Expected value is:[Please select a row before clicking Copy.] but Actual value is[  RightsLogic Alert  
    Please select a Row before clicking Copy.
       ]. Please check the screenshot with name: Please select a row before clicking Copy.for more details
Sep 05,2016 18:27:59 [info]  ScreenShot of CheckPoint Failure: C:\SeleniumProject\Screenshots\Sep2016\\05\Alert Message While copying the Version_CheckpointFailure_09-05-2016 6-27-59 PM.jpg
Sep 05,2016 18:28:02 [info]  Clicked on the 'OK Button at Alert' using JS Executor
Sep 05,2016 18:28:13 [info]  Clicked on the 'Select first Row'
Sep 05,2016 18:28:13 [info]  Clicked on the 'Copy Button' using JS Executor
Sep 05,2016 18:28:14 [info]  Clicked on the 'Cancel Button at Alert' using JS Executor
Sep 05,2016 18:28:24 [info]  Clicked on the 'Copy Button' using JS Executor
Sep 05,2016 18:28:25 [info]  Entered "2" in field 'Number of Copy of Version'
Sep 05,2016 18:28:25 [info]  Clicked on the 'OK Button' using JS Executor
Sep 05,2016 18:28:36 [info]  Clicked on the 'Save button' using JS Executor
Sep 05,2016 18:28:36 [info]  Verified that Expected value :[You have entered the same Version Name more than once. Version Name must be unique across versions. Please enter a different Version Name] is matched with Actual value :[  Save Versions  
    You have entered the same Version Name more than once. Version Name must be unique across versions. Please enter a different Version Name
       ]
Sep 05,2016 18:28:40 [info]  Clicked on the 'OK Button at Alert' using JS Executor
Sep 05,2016 18:28:50 [info]  total number of rows are:5
Sep 05,2016 18:29:09 [info]  Clicked on the 'Version Name'
Sep 05,2016 18:29:09 [info]  Entered "Version 4.0" in field 'Version Name in last row'
Sep 05,2016 18:29:09 [info]  Clicked on the 'Version Name'
Sep 05,2016 18:29:10 [info]  Entered "Version 3.0" in field 'Version Name in Second last row'
Sep 05,2016 18:29:13 [info]  Test 'TC3_VersionCopy' FAILED
Sep 05,2016 18:29:13 [info]  2
Sep 05,2016 18:29:13 [info]  Test Case :TC3_VersionCopy's Screenshot of Failure Page: C:\SeleniumProject\Screenshots\Sep2016\\05\TC3_VersionCopy_09-05-2016 6-29-13 PM.jpg
Sep 05,2016 18:29:15 [info]  Closed the Browser
Sep 05,2016 18:59:19 [info]  ********************Started Executiong the Test Suite at 18:59:19******************
Sep 05,2016 18:59:19 [info]  *********************Started Executing the Test Area(Modules/TAB): 'Default test'*********************
Sep 05,2016 18:59:28 [info]  Client: CORUS
Sep 05,2016 18:59:28 [info]  URL: http://rlv3wb41/Home.aspx
Sep 05,2016 18:59:28 [info]  UserName: admin
Sep 05,2016 18:59:28 [info]  Password: admin_corus
Sep 05,2016 18:59:29 [info]  Entered "admin" in field 'User Name'
Sep 05,2016 18:59:29 [info]  Clicked on the 'Temporary Check Box'
Sep 05,2016 18:59:30 [info]  Entered "admin_corus" in field 'Password'
Sep 05,2016 18:59:38 [info]  Clicked on the 'LoginButton'
Sep 05,2016 18:59:44 [info]  *********************Started Executing 'TC3_VersionCopy' Test Case*********************
Sep 05,2016 18:59:45 [info]  Clicked on the 'MODULE'
Sep 05,2016 18:59:55 [info]  Clicked on the 'Asset Maintenance'
Sep 05,2016 18:59:59 [info]  Clicked on the 'AssetSearchUnderAsset' using JS Executor
Sep 05,2016 19:00:13 [info]  Entered "AUT_AssetMovies_0905201654740" in field 'AssetTitle'
Sep 05,2016 19:00:13 [info]  Clicked on the 'Find Button' using JS Executor
Sep 05,2016 19:00:27 [info]  Moved Mouse over 'First Asset in the Searched Asset'
Sep 05,2016 19:00:28 [info]  Clicked on the 'First Asset in the Searched Asset'
Sep 05,2016 19:00:31 [info]  Clicked on the 'View Asset' using JS Executor
Sep 05,2016 19:00:49 [info]  Verified that Expected value :[AUT_AssetMovies_0905201654740] is matched with Actual value :[AUT_AssetMovies_0905201654740]
Sep 05,2016 19:00:51 [info]  Clicked on the 'Versions TAB'
Sep 05,2016 19:01:01 [info]  Clicked on the 'Edit Button' using JS Executor
Sep 05,2016 19:01:18 [info]  Clicked on the 'Copy Button' using JS Executor
Sep 05,2016 19:01:19 [info]  Verified that Expected value :[Please select a Row before clicking Copy] is matched with Actual value :[  RightsLogic Alert  
    Please select a Row before clicking Copy.
       ]
Sep 05,2016 19:01:22 [info]  Clicked on the 'OK Button at Alert' using JS Executor
Sep 05,2016 19:01:33 [info]  Clicked on the 'Select first Row'
Sep 05,2016 19:01:33 [info]  Clicked on the 'Copy Button' using JS Executor
Sep 05,2016 19:01:34 [info]  Clicked on the 'Cancel Button at Alert' using JS Executor
Sep 05,2016 19:01:44 [info]  Clicked on the 'Copy Button' using JS Executor
Sep 05,2016 19:01:45 [info]  Entered "2" in field 'Number of Copy of Version'
Sep 05,2016 19:01:45 [info]  Clicked on the 'OK Button' using JS Executor
Sep 05,2016 19:01:56 [info]  Clicked on the 'Save button' using JS Executor
Sep 05,2016 19:01:56 [info]  Verified that Expected value :[You have entered the same Version Name more than once. Version Name must be unique across versions. Please enter a different Version Name] is matched with Actual value :[  Save Versions  
    You have entered the same Version Name more than once. Version Name must be unique across versions. Please enter a different Version Name
       ]
Sep 05,2016 19:02:00 [info]  Clicked on the 'OK Button at Alert' using JS Executor
Sep 05,2016 19:02:10 [info]  total number of rows are:5
Sep 05,2016 19:02:17 [info]  Clicked on the 'Version Name'
Sep 05,2016 19:02:17 [info]  Entered "Version 4.0" in field 'Version Name in last row'
Sep 05,2016 19:02:18 [info]  Clicked on the 'Version Name'
Sep 05,2016 19:02:18 [info]  Entered "Version 3.0" in field 'Version Name in Second last row'
Sep 05,2016 19:02:18 [info]  Test 'TC3_VersionCopy' FAILED
Sep 05,2016 19:02:18 [info]  2
Sep 05,2016 19:02:18 [info]  Test Case :TC3_VersionCopy's Screenshot of Failure Page: C:\SeleniumProject\Screenshots\Sep2016\\05\TC3_VersionCopy_09-05-2016 7-02-18 PM.jpg
Sep 05,2016 19:02:19 [info]  Closed the Browser
Sep 05,2016 19:03:12 [info]  ********************Started Executiong the Test Suite at 19:03:12******************
Sep 05,2016 19:03:12 [info]  *********************Started Executing the Test Area(Modules/TAB): 'Default test'*********************
Sep 05,2016 19:03:22 [info]  Client: CORUS
Sep 05,2016 19:03:22 [info]  URL: http://rlv3wb41/Home.aspx
Sep 05,2016 19:03:22 [info]  UserName: admin
Sep 05,2016 19:03:22 [info]  Password: admin_corus
Sep 05,2016 19:03:23 [info]  Entered "admin" in field 'User Name'
Sep 05,2016 19:03:23 [info]  Clicked on the 'Temporary Check Box'
Sep 05,2016 19:03:24 [info]  Entered "admin_corus" in field 'Password'
Sep 05,2016 19:03:38 [info]  Clicked on the 'LoginButton'
Sep 05,2016 19:03:43 [info]  *********************Started Executing 'TC3_VersionCopy' Test Case*********************
Sep 05,2016 19:04:40 [info]  Test 'TC3_VersionCopy' FAILED
Sep 05,2016 19:04:40 [info]  2
Sep 05,2016 19:04:40 [info]  Test Case :TC3_VersionCopy's Screenshot of Failure Page: C:\SeleniumProject\Screenshots\Sep2016\\05\TC3_VersionCopy_09-05-2016 7-04-40 PM.jpg
Sep 05,2016 19:04:41 [info]  Closed the Browser
Sep 05,2016 19:05:54 [info]  ********************Started Executiong the Test Suite at 19:05:54******************
Sep 05,2016 19:05:54 [info]  *********************Started Executing the Test Area(Modules/TAB): 'Default test'*********************
Sep 05,2016 19:06:03 [info]  Client: CORUS
Sep 05,2016 19:06:03 [info]  URL: http://rlv3wb41/Home.aspx
Sep 05,2016 19:06:03 [info]  UserName: admin
Sep 05,2016 19:06:03 [info]  Password: admin_corus
Sep 05,2016 19:06:04 [info]  Entered "admin" in field 'User Name'
Sep 05,2016 19:06:04 [info]  Clicked on the 'Temporary Check Box'
Sep 05,2016 19:06:05 [info]  Entered "admin_corus" in field 'Password'
Sep 05,2016 19:06:12 [info]  Clicked on the 'LoginButton'
Sep 05,2016 19:06:18 [info]  *********************Started Executing 'TC3_VersionCopy' Test Case*********************
Sep 05,2016 19:06:19 [info]  Clicked on the 'MODULE'
Sep 05,2016 19:06:28 [info]  Clicked on the 'Asset Maintenance'
Sep 05,2016 19:06:32 [info]  Clicked on the 'AssetSearchUnderAsset' using JS Executor
Sep 05,2016 19:06:45 [info]  Entered "AUT_AssetMovies_0905201654740" in field 'AssetTitle'
Sep 05,2016 19:06:45 [info]  Clicked on the 'Find Button' using JS Executor
Sep 05,2016 19:06:58 [info]  Moved Mouse over 'First Asset in the Searched Asset'
Sep 05,2016 19:07:00 [info]  Clicked on the 'First Asset in the Searched Asset'
Sep 05,2016 19:07:03 [info]  Clicked on the 'View Asset' using JS Executor
Sep 05,2016 19:07:19 [info]  Verified that Expected value :[AUT_AssetMovies_0905201654740] is matched with Actual value :[AUT_AssetMovies_0905201654740]
Sep 05,2016 19:07:22 [info]  Clicked on the 'Versions TAB'
Sep 05,2016 19:07:32 [info]  Clicked on the 'Edit Button' using JS Executor
Sep 05,2016 19:07:49 [info]  Clicked on the 'Copy Button' using JS Executor
Sep 05,2016 19:07:50 [info]  Verified that Expected value :[Please select a Row before clicking Copy] is matched with Actual value :[  RightsLogic Alert  
    Please select a Row before clicking Copy.
       ]
Sep 05,2016 19:07:53 [info]  Clicked on the 'OK Button at Alert' using JS Executor
Sep 05,2016 19:08:04 [info]  Clicked on the 'Select first Row'
Sep 05,2016 19:08:04 [info]  Clicked on the 'Copy Button' using JS Executor
Sep 05,2016 19:08:05 [info]  Clicked on the 'Cancel Button at Alert' using JS Executor
Sep 05,2016 19:08:15 [info]  Clicked on the 'Copy Button' using JS Executor
Sep 05,2016 19:08:16 [info]  Entered "2" in field 'Number of Copy of Version'
Sep 05,2016 19:08:17 [info]  Clicked on the 'OK Button' using JS Executor
Sep 05,2016 19:08:27 [info]  Clicked on the 'Save button' using JS Executor
Sep 05,2016 19:08:28 [info]  Verified that Expected value :[You have entered the same Version Name more than once. Version Name must be unique across versions. Please enter a different Version Name] is matched with Actual value :[  Save Versions  
    You have entered the same Version Name more than once. Version Name must be unique across versions. Please enter a different Version Name
       ]
Sep 05,2016 19:08:31 [info]  Clicked on the 'OK Button at Alert' using JS Executor
Sep 05,2016 19:08:42 [info]  total number of rows are:5
Sep 05,2016 19:08:48 [info]  Clicked on the 'Version Name'
Sep 05,2016 19:08:49 [info]  Entered "Version 4.0" in field 'Version Name in last row'
Sep 05,2016 19:08:49 [info]  Clicked on the 'Version Name'
Sep 05,2016 19:08:50 [info]  Entered "Version 3.0" in field 'Version Name in Second last row'
Sep 05,2016 19:08:53 [info]  Clicked on the 'Save Button' using JS Executor
Sep 05,2016 19:09:18 [info]  ====Failed===="Version 4.0" is not Present
Sep 05,2016 19:09:18 [info]  ScreenShot of CheckPoint Failure: C:\SeleniumProject\Screenshots\Sep2016\\05\Version 4.0_CheckpointFailure_09-05-2016 7-09-18 PM.jpg
Sep 05,2016 19:09:29 [info]  ====Failed===="VersionName_SecondLastRow" is not Present
Sep 05,2016 19:09:29 [info]  ScreenShot of CheckPoint Failure: C:\SeleniumProject\Screenshots\Sep2016\\05\VersionName_SecondLastRow_CheckpointFailure_09-05-2016 7-09-29 PM.jpg
Sep 05,2016 19:09:29 [info]  Test 'TC3_VersionCopy' PASSED
Sep 05,2016 19:09:30 [info]  Closed the Browser
Sep 05,2016 20:38:41 [info]  ********************Started Executiong the Test Suite at 20:38:41******************
Sep 05,2016 20:38:41 [info]  *********************Started Executing the Test Area(Modules/TAB): 'Default test'*********************
Sep 05,2016 20:38:54 [info]  Client: CORUS
Sep 05,2016 20:38:54 [info]  URL: http://rlv3wb41/Home.aspx
Sep 05,2016 20:38:54 [info]  UserName: admin
Sep 05,2016 20:38:54 [info]  Password: admin_corus
Sep 05,2016 20:38:58 [info]  Entered "admin" in field 'User Name'
Sep 05,2016 20:38:58 [info]  Clicked on the 'Temporary Check Box'
Sep 05,2016 20:38:59 [info]  Entered "admin_corus" in field 'Password'
Sep 05,2016 20:39:00 [info]  Clicked on the 'LoginButton'
Sep 05,2016 20:39:06 [info]  *********************Started Executing 'TC4_VersionDelete' Test Case*********************
Sep 05,2016 20:39:08 [info]  Clicked on the 'MODULE'
Sep 05,2016 20:39:18 [info]  Clicked on the 'Asset Maintenance'
Sep 05,2016 20:39:22 [info]  Clicked on the 'AssetSearchUnderAsset' using JS Executor
Sep 05,2016 20:39:35 [info]  Entered "AUT_AssetMovies_0905201654740" in field 'AssetTitle'
Sep 05,2016 20:39:36 [info]  Clicked on the 'Find Button' using JS Executor
Sep 05,2016 20:39:49 [info]  Moved Mouse over 'First Asset in the Searched Asset'
Sep 05,2016 20:39:50 [info]  Clicked on the 'First Asset in the Searched Asset'
Sep 05,2016 20:39:54 [info]  Clicked on the 'View Asset' using JS Executor
Sep 05,2016 20:40:12 [info]  Verified that Expected value :[AUT_AssetMovies_0905201654740] is matched with Actual value :[AUT_AssetMovies_0905201654740]
Sep 05,2016 20:40:15 [info]  Clicked on the 'Versions TAB'
Sep 05,2016 20:40:25 [info]  ******Do not select the Version row and click on Delete version and verify the Alert message ******
Sep 05,2016 20:40:25 [info]  Clicked on the 'Edit Button' using JS Executor
Sep 05,2016 20:40:42 [info]  Clicked on the 'Delete Button' using JS Executor
Sep 05,2016 20:40:42 [info]  ====Failed==== Expected value is:[The Asset can only have one Default Version. Please select only one version as default before attempting to save.] but Actual value is[  RightsLogic Alert  
    Please select a Version to delete.
       ]. Please check the screenshot with name: The Asset can only have one Default Version. Please select only one version as default before attempting to save.for more details
Sep 05,2016 20:40:43 [info]  ScreenShot of CheckPoint Failure: C:\SeleniumProject\Screenshots\Sep2016\\05\Alert Message While checking two default check box of the Version_CheckpointFailure_09-05-2016 8-40-42 PM.jpg
Sep 05,2016 20:40:46 [info]  Clicked on the 'OK Button at Alert' using JS Executor
Sep 05,2016 20:40:47 [info]  ====Failed==== Expected value is:[ Please select a Version to delete. ] but Actual value is[]. Please check the screenshot with name:  Please select a Version to delete. for more details
Sep 05,2016 20:40:47 [info]  ScreenShot of CheckPoint Failure: C:\SeleniumProject\Screenshots\Sep2016\\05\Alert Message While copying the Version_CheckpointFailure_09-05-2016 8-40-47 PM.jpg
Sep 05,2016 20:40:50 [info]  Clicked on the 'OK Button at Alert' using JS Executor
Sep 05,2016 20:40:50 [info]  ******Select the row and click on Delete version and cancel it******
Sep 05,2016 20:41:01 [info]  Verified that Expected value :[Version 4.0] is matched with Actual value :[Version 4.0]
Sep 05,2016 20:41:01 [info]  Clicked on the 'Select Last Row'
Sep 05,2016 20:41:01 [info]  Clicked on the 'Delete Button at Alert' using JS Executor
Sep 05,2016 20:41:02 [info]  ====Failed==== Expected value is:[Are you sure you wish to Delete the Version?] but Actual value is[  RightsLogic Alert  
    Please select a Version to delete.
       ]. Please check the screenshot with name: Are you sure you wish to Delete the Version?for more details
Sep 05,2016 20:41:02 [info]  ScreenShot of CheckPoint Failure: C:\SeleniumProject\Screenshots\Sep2016\\05\Alert Message While checking two default check box of the Version_CheckpointFailure_09-05-2016 8-41-02 PM.jpg
Sep 05,2016 20:41:05 [info]  Clicked on the 'Cancel Button at Alert' using JS Executor
Sep 05,2016 20:41:05 [info]  ******click on Delete version and Click on OK button and Cancel the 'Edit Version window'******
Sep 05,2016 20:41:16 [info]  Clicked on the 'Delete Button at Alert' using JS Executor
Sep 05,2016 20:41:16 [info]  Clicked on the 'OK Button at Alert' using JS Executor
Sep 05,2016 20:41:26 [info]  Clicked on the 'Cancel Button' using JS Executor
Sep 05,2016 20:42:01 [info]  ====Failed===="Version 4.0'" is not Present
Sep 05,2016 20:42:01 [info]  ScreenShot of CheckPoint Failure: C:\SeleniumProject\Screenshots\Sep2016\\05\Version 4.0'_CheckpointFailure_09-05-2016 8-42-01 PM.jpg
Sep 05,2016 20:42:11 [info]  ====Failed===="Version 3.0'" is not Present
Sep 05,2016 20:42:11 [info]  ScreenShot of CheckPoint Failure: C:\SeleniumProject\Screenshots\Sep2016\\05\Version 3.0'_CheckpointFailure_09-05-2016 8-42-11 PM.jpg
Sep 05,2016 20:42:11 [info]  Verified that the version which was deleted on Edit Version window still exists on the view mode after canceling the Edit Version window
Sep 05,2016 20:42:11 [info]  Clicked on the 'Edit Button' using JS Executor
Sep 05,2016 20:42:28 [info]  ====Failed==== Expected value is:[Version 3.0] but Actual value is[Version 4.0]. Please check the screenshot with name: Version 3.0for more details
Sep 05,2016 20:42:28 [info]  ScreenShot of CheckPoint Failure: C:\SeleniumProject\Screenshots\Sep2016\\05\Version 3.0'_CheckpointFailure_09-05-2016 8-42-28 PM.jpg
Sep 05,2016 20:42:28 [info]  ====Failed==== Expected value is:[Version 4.0] but Actual value is[Version 3.0]. Please check the screenshot with name: Version 4.0for more details
Sep 05,2016 20:42:29 [info]  ScreenShot of CheckPoint Failure: C:\SeleniumProject\Screenshots\Sep2016\\05\Version 4.0'_CheckpointFailure_09-05-2016 8-42-28 PM.jpg
Sep 05,2016 20:42:29 [info]  Clicked on the 'Select Last Version Row' using JS Executor
Sep 05,2016 20:42:29 [info]  Clicked on the 'Delete button' using JS Executor
Sep 05,2016 20:42:30 [info]  Clicked on the 'OK Button at Alert' using JS Executor
Sep 05,2016 20:42:40 [info]  Clicked on the 'save Button' using JS Executor
Sep 05,2016 20:43:18 [info]  ====Failed===="Version Name in Last Row" is not Present
Sep 05,2016 20:43:18 [info]  ScreenShot of CheckPoint Failure: C:\SeleniumProject\Screenshots\Sep2016\\05\Version Name in Last Row_CheckpointFailure_09-05-2016 8-43-18 PM.jpg
Sep 05,2016 20:43:18 [info]  Test 'TC4_VersionDelete' PASSED
Sep 05,2016 20:43:20 [info]  Closed the Browser
Sep 05,2016 20:50:50 [info]  ********************Started Executiong the Test Suite at 20:50:50******************
Sep 05,2016 20:50:50 [info]  *********************Started Executing the Test Area(Modules/TAB): 'Default test'*********************
Sep 05,2016 20:50:59 [info]  Client: CORUS
Sep 05,2016 20:50:59 [info]  URL: http://rlv3wb41/Home.aspx
Sep 05,2016 20:50:59 [info]  UserName: admin
Sep 05,2016 20:50:59 [info]  Password: admin_corus
Sep 05,2016 20:51:01 [info]  Entered "admin" in field 'User Name'
Sep 05,2016 20:51:01 [info]  Clicked on the 'Temporary Check Box'
Sep 05,2016 20:51:02 [info]  Entered "admin_corus" in field 'Password'
Sep 05,2016 20:51:10 [info]  Clicked on the 'LoginButton'
Sep 05,2016 20:51:16 [info]  *********************Started Executing 'TC4_VersionDelete' Test Case*********************
Sep 05,2016 20:51:17 [info]  Clicked on the 'MODULE'
Sep 05,2016 20:51:27 [info]  Clicked on the 'Asset Maintenance'
Sep 05,2016 20:51:31 [info]  Clicked on the 'AssetSearchUnderAsset' using JS Executor
Sep 05,2016 20:51:44 [info]  Entered "AUT_AssetMovies_0905201654740" in field 'AssetTitle'
Sep 05,2016 20:51:44 [info]  Clicked on the 'Find Button' using JS Executor
Sep 05,2016 20:51:58 [info]  Moved Mouse over 'First Asset in the Searched Asset'
Sep 05,2016 20:51:59 [info]  Clicked on the 'First Asset in the Searched Asset'
Sep 05,2016 20:52:02 [info]  Clicked on the 'View Asset' using JS Executor
Sep 05,2016 20:52:19 [info]  Verified that Expected value :[AUT_AssetMovies_0905201654740] is matched with Actual value :[AUT_AssetMovies_0905201654740]
Sep 05,2016 20:52:22 [info]  Clicked on the 'Versions TAB'
Sep 05,2016 20:52:32 [info]  ******Do not select the Version row and click on Delete version and verify the Alert message ******
Sep 05,2016 20:52:32 [info]  Clicked on the 'Edit Button' using JS Executor
Sep 05,2016 20:52:48 [info]  Clicked on the 'Delete Button' using JS Executor
Sep 05,2016 20:52:50 [info]  ====Failed==== Expected value is:[ Please select a Version to delete. ] but Actual value is[  RightsLogic Alert  
    Please select a Version to delete.
       ]. Please check the screenshot with name:  Please select a Version to delete. for more details
Sep 05,2016 20:52:50 [info]  ScreenShot of CheckPoint Failure: C:\SeleniumProject\Screenshots\Sep2016\\05\Alert Message While copying the Version_CheckpointFailure_09-05-2016 8-52-50 PM.jpg
Sep 05,2016 20:52:53 [info]  Clicked on the 'OK Button at Alert' using JS Executor
Sep 05,2016 20:52:53 [info]  ******Select the row and click on Delete version and cancel it******
Sep 05,2016 20:53:04 [info]  ====Failed==== Expected value is:[Version 4.0] but Actual value is[Version 2.0]. Please check the screenshot with name: Version 4.0for more details
Sep 05,2016 20:53:04 [info]  ScreenShot of CheckPoint Failure: C:\SeleniumProject\Screenshots\Sep2016\\05\Version Name in Last Row_CheckpointFailure_09-05-2016 8-53-04 PM.jpg
Sep 05,2016 20:53:05 [info]  Clicked on the 'Select Last Row'
Sep 05,2016 20:53:05 [info]  Clicked on the 'Delete Button at Alert' using JS Executor
Sep 05,2016 20:53:15 [info]  Test 'TC4_VersionDelete' FAILED
Sep 05,2016 20:53:15 [info]  2
Sep 05,2016 20:53:15 [info]  Test Case :TC4_VersionDelete's Screenshot of Failure Page: C:\SeleniumProject\Screenshots\Sep2016\\05\TC4_VersionDelete_09-05-2016 8-53-15 PM.jpg
Sep 05,2016 20:53:16 [info]  Closed the Browser
Sep 05,2016 21:00:44 [info]  ********************Started Executiong the Test Suite at 21:00:44******************
Sep 05,2016 21:00:44 [info]  *********************Started Executing the Test Area(Modules/TAB): 'Default test'*********************
Sep 05,2016 21:00:53 [info]  Client: CORUS
Sep 05,2016 21:00:53 [info]  URL: http://rlv3wb41/Home.aspx
Sep 05,2016 21:00:53 [info]  UserName: admin
Sep 05,2016 21:00:53 [info]  Password: admin_corus
Sep 05,2016 21:00:54 [info]  Entered "admin" in field 'User Name'
Sep 05,2016 21:00:54 [info]  Clicked on the 'Temporary Check Box'
Sep 05,2016 21:00:55 [info]  Entered "admin_corus" in field 'Password'
Sep 05,2016 21:01:02 [info]  Clicked on the 'LoginButton'
Sep 05,2016 21:01:08 [info]  *********************Started Executing 'TC1_VersionUI' Test Case*********************
Sep 05,2016 21:01:08 [info]  *********************Start Testcase - TC1_VersionUI *********************
Sep 05,2016 21:01:08 [info]  AUT_AssetMovies_0905201654740
Sep 05,2016 21:01:09 [info]  Clicked on the 'MODULE'
Sep 05,2016 21:01:18 [info]  Clicked on the 'Asset Maintenance'
Sep 05,2016 21:01:22 [info]  Clicked on the 'MODULE'
Sep 05,2016 21:01:31 [info]  Clicked on the 'Asset Maintenance'
Sep 05,2016 21:01:35 [info]  Clicked on the 'AssetSearchUnderAsset' using JS Executor
Sep 05,2016 21:01:48 [info]  Entered "AUT_AssetMovies_0905201654740" in field 'AssetTitle'
Sep 05,2016 21:01:48 [info]  Clicked on the 'Find Button' using JS Executor
Sep 05,2016 21:02:02 [info]  Moved Mouse over 'First Asset in the Searched Asset'
Sep 05,2016 21:02:03 [info]  Clicked on the 'First Asset in the Searched Asset'
Sep 05,2016 21:02:06 [info]  Clicked on the 'View Asset' using JS Executor
Sep 05,2016 21:02:23 [info]  Verified that Expected value :[AUT_AssetMovies_0905201654740] is matched with Actual value :[AUT_AssetMovies_0905201654740]
Sep 05,2016 21:02:25 [info]  Clicked on the 'Versions TAB'
Sep 05,2016 21:02:36 [info]  ***************Frames and default values**********************
Sep 05,2016 21:02:36 [info]  Verified that Expected value :[Versions (Same Rights)] is matched with Actual value :[Versions (Same Rights)]
Sep 05,2016 21:02:45 [info]  AMVerNameKeyValue4
Sep 05,2016 21:02:45 [info]  Verified that Expected value :[Version 1.0] is matched with Actual value :[Version 1.0]
Sep 05,2016 21:02:45 [info]  Clicked on the 'Edit Version Button' using JS Executor
Sep 05,2016 21:03:01 [info]  **********Verifying the columns in the "Versions Edit window"************
Sep 05,2016 21:03:21 [info]  Maximum Column value is - 50
Sep 05,2016 21:03:21 [info]  Minimum Column value is - 2
Sep 05,2016 21:03:24 [info]  Verified that Expected value :[*Name] is matched with Actual value :[*Name]
Sep 05,2016 21:03:24 [info]  Verified that Expected value :[Total Actual Runtime] is matched with Actual value :[Total Actual Runtime]
Sep 05,2016 21:03:25 [info]  Verified that Expected value :[*Network] is matched with Actual value :[*Network]
Sep 05,2016 21:03:25 [info]  Verified that Expected value :[Active] is matched with Actual value :[Active]
Sep 05,2016 21:03:31 [info]  Verified that Expected value :[Format] is matched with Actual value :[Format]
Sep 05,2016 21:03:31 [info]  Verified that Expected value :[Default] is matched with Actual value :[Default]
Sep 05,2016 21:03:31 [info]  Verified that Expected value :[Schedule Block] is matched with Actual value :[Schedule Block]
Sep 05,2016 21:03:31 [info]  **********Verifying the Buttons in the "Versions Edit window"************
Sep 05,2016 21:03:31 [info]  Verified that Expected value :[Add] is matched with Actual value :[Add]
Sep 05,2016 21:03:32 [info]  Verified that Expected value :[Copy] is matched with Actual value :[Copy]
Sep 05,2016 21:03:32 [info]  Verified that Expected value :[Delete] is matched with Actual value :[Delete]
Sep 05,2016 21:03:32 [info]  Verified that Expected value :[Save] is matched with Actual value :[Save]
Sep 05,2016 21:03:32 [info]  Verified that Expected value :[Cancel] is matched with Actual value :[Cancel]
Sep 05,2016 21:03:32 [info]  **********The default values in the row************
Sep 05,2016 21:03:36 [info]  Verified that Expected value :[Version 1.0] is matched with Actual value :[Version 1.0]
Sep 05,2016 21:03:36 [info]  ====Failed==== Expected value is:[30:00] but Actual value is[000:00]. Please check the screenshot with name: 30:00for more details
Sep 05,2016 21:03:36 [info]  ScreenShot of CheckPoint Failure: C:\SeleniumProject\Screenshots\Sep2016\\05\Total Actual Run Time at Edit Version window_CheckpointFailure_09-05-2016 9-03-36 PM.jpg
Sep 05,2016 21:03:36 [info]  ********************************************************************
Sep 05,2016 21:03:37 [info]  Clicked on the 'NETWORKHeader_Field'
Sep 05,2016 21:03:37 [info]  ====Failed==== "NETWORKHeader_Field" field is not present'NETWORKHeader_Field'
Sep 05,2016 21:03:37 [info]  Clicked on the 'support click 'Select Row''
Sep 05,2016 21:03:37 [info]  Verified that Expected value :[Action] is matched with Actual value :[Action]
Sep 05,2016 21:03:38 [info]  Clicked on the 'Add Button at Edit Version Window' using JS Executor
Sep 05,2016 21:03:52 [info]  Double clicked on 'Version Name Field SecondRow at Edit Version Window'
Sep 05,2016 21:03:52 [info]  Entered "Version 2.0" in field 'Name InputField at Edit Version Window'
Sep 05,2016 21:03:52 [info]  Clicked on the 'support click 'Select Row''
Sep 05,2016 21:03:53 [info]  Double clicked on 'Version Name Field SecondRow at Edit Version Window'
Sep 05,2016 21:03:53 [info]  Entered "Version 2.0" in field 'Name InputField at Edit Version Window'
Sep 05,2016 21:04:04 [info]  Clicked on the 'AMVerTotalActualRuntime_Field'
Sep 05,2016 21:04:05 [info]  Entered "58:40" in field 'AMVerBlockLength Field'
Sep 05,2016 21:04:05 [info]  Clicked on the 'NETWORKHeader_Field_SecondRow'
Sep 05,2016 21:04:06 [info]  Entered "Action" in field 'NETWORKHeader_Field_SecondRow'
Sep 05,2016 21:04:18 [info]  
Sep 05,2016 21:04:18 [info]  
Sep 05,2016 21:04:18 [info]  
Sep 05,2016 21:04:18 [info]  Clicked on the 'Save button at Note Widnow' using JS Executor
Sep 05,2016 21:05:06 [info]  Test 'TC1_VersionUI' FAILED
Sep 05,2016 21:05:06 [info]  2
Sep 05,2016 21:05:06 [info]  Test Case :TC1_VersionUI's Screenshot of Failure Page: C:\SeleniumProject\Screenshots\Sep2016\\05\TC1_VersionUI_09-05-2016 9-05-06 PM.jpg
Sep 05,2016 21:05:07 [info]  Closed the Browser
Sep 05,2016 21:05:07 [info]  *********************Started Executing 'TC2_VersionProgSummary' Test Case*********************
Sep 05,2016 21:05:07 [info]  *****Test 'TC2_VersionProgSummary'*****: SKIPPED
Sep 05,2016 21:05:07 [info]  *********************Started Executing 'TC3_VersionCopy' Test Case*********************
Sep 05,2016 21:05:07 [info]  Test 'TC3_VersionCopy' FAILED
Sep 05,2016 21:05:07 [info]  2
Sep 05,2016 21:05:07 [info]  Test 'TC3_VersionCopy' FAILED
Sep 05,2016 21:05:07 [info]  2
